This file contains any messages produced by compilers while
running configure, to aid debugging if configure makes a mistake.

It was created by gtk+ configure 3.22.30, which was
generated by GNU Autoconf 2.69.  Invocation command line was

  $ ./configure --prefix=/Users/truong.nguyen/Code/spice/gtk+/build --enable-debug=yes --enable-quartz-backend --enable-x11-backend=no --enable-broadway-backend=yes --with-included-immodules=yes --disable-dependency-tracking PKG_CONFIG_PATH=/Users/truong.nguyen/Code/spice/gtk+/build/lib/pkgconfig

## --------- ##
## Platform. ##
## --------- ##

hostname = 192.168.0.179
uname -m = arm64
uname -r = 25.0.0
uname -s = Darwin
uname -v = Darwin Kernel Version 25.0.0: Wed Sep 17 21:35:32 PDT 2025; root:xnu-12377.1.9~141/RELEASE_ARM64_T6020

/usr/bin/uname -p = arm
/bin/uname -X     = unknown

/bin/arch              = unknown
/usr/bin/arch -k       = unknown
/usr/convex/getsysinfo = unknown
/usr/bin/hostinfo      = Mach kernel version:
	 Darwin Kernel Version 25.0.0: Wed Sep 17 21:35:32 PDT 2025; root:xnu-12377.1.9~141/RELEASE_ARM64_T6020
Kernel configured for up to 10 processors.
10 processors are physically available.
10 processors are logically available.
Processor type: arm64e (ARM64E)
Processors active: 0 1 2 3 4 5 6 7 8 9
Primary memory available: 16.00 gigabytes
Default processor set: 433 tasks, 3524 threads, 10 processors
Load average: 6.46, Mach factor: 5.22
/bin/machine           = unknown
/usr/bin/oslevel       = unknown
/bin/universe          = unknown

PATH: /opt/anaconda3/bin
PATH: /opt/anaconda3/bin
PATH: /opt/homebrew/bin
PATH: /opt/homebrew/sbin
PATH: /usr/local/bin
PATH: /System/Cryptexes/App/usr/bin
PATH: /usr/bin
PATH: /bin
PATH: /usr/sbin
PATH: /sbin
PATH: /var/run/com.apple.security.cryptexd/codex.system/bootstrap/usr/local/bin
PATH: /var/run/com.apple.security.cryptexd/codex.system/bootstrap/usr/bin
PATH: /var/run/com.apple.security.cryptexd/codex.system/bootstrap/usr/appleinternal/bin
PATH: /Library/Apple/usr/bin
PATH: /Applications/VMware Fusion.app/Contents/Public
PATH: /usr/local/share/dotnet
PATH: ~/.dotnet/tools
PATH: /Users/truong.nguyen/Library/Application Support/Code/User/globalStorage/github.copilot-chat/debugCommand


## ----------- ##
## Core tests. ##
## ----------- ##

configure:3187: checking build system type
configure:3201: result: arm-apple-darwin25.0.0
configure:3221: checking host system type
configure:3234: result: arm-apple-darwin25.0.0
configure:3319: checking for a BSD-compatible install
configure:3387: result: /usr/bin/install -c
configure:3398: checking whether build environment is sane
configure:3453: result: yes
configure:3604: checking for a thread-safe mkdir -p
configure:3643: result: build-aux/install-sh -c -d
configure:3650: checking for gawk
configure:3680: result: no
configure:3650: checking for mawk
configure:3680: result: no
configure:3650: checking for nawk
configure:3680: result: no
configure:3650: checking for awk
configure:3666: found /usr/bin/awk
configure:3677: result: awk
configure:3688: checking whether make sets $(MAKE)
configure:3710: result: yes
configure:3739: checking whether make supports nested variables
configure:3756: result: yes
configure:3836: checking whether UID '501' is supported by ustar format
configure:3839: result: yes
configure:3846: checking whether GID '20' is supported by ustar format
configure:3849: result: yes
configure:3857: checking how to create a ustar tar archive
configure:3868: tar --version
bsdtar 3.5.3 - libarchive 3.7.4 zlib/1.2.12 liblzma/5.4.3 bz2lib/1.0.8 
configure:3871: $? = 0
configure:3911: tardir=conftest.dir && eval tar --format=ustar -chf - "$tardir" >conftest.tar
configure:3914: $? = 0
configure:3918: tar -xf - <conftest.tar
configure:3921: $? = 0
configure:3923: cat conftest.dir/file
GrepMe
configure:3926: $? = 0
configure:3939: result: gnutar
configure:3990: checking whether to enable maintainer-specific portions of Makefiles
configure:3999: result: yes
configure:4027: checking whether make supports nested variables
configure:4044: result: yes
configure:4171: checking for gcc
configure:4187: found /usr/bin/gcc
configure:4198: result: gcc
configure:4427: checking for C compiler version
configure:4436: gcc --version >&5
Apple clang version 17.0.0 (clang-1700.3.19.1)
Target: arm64-apple-darwin25.0.0
Thread model: posix
InstalledDir: /Applications/Xcode.app/Contents/Developer/Toolchains/XcodeDefault.xctoolchain/usr/bin
configure:4447: $? = 0
configure:4436: gcc -v >&5
Apple clang version 17.0.0 (clang-1700.3.19.1)
Target: arm64-apple-darwin25.0.0
Thread model: posix
InstalledDir: /Applications/Xcode.app/Contents/Developer/Toolchains/XcodeDefault.xctoolchain/usr/bin
configure:4447: $? = 0
configure:4436: gcc -V >&5
clang: error: argument to '-V' is missing (expected 1 value)
clang: error: no input files
configure:4447: $? = 1
configure:4436: gcc -qversion >&5
clang: error: unknown argument '-qversion'; did you mean '--version'?
clang: error: no input files
configure:4447: $? = 1
configure:4467: checking whether the C compiler works
configure:4489: gcc    conftest.c  >&5
configure:4493: $? = 0
configure:4541: result: yes
configure:4544: checking for C compiler default output file name
configure:4546: result: a.out
configure:4552: checking for suffix of executables
configure:4559: gcc -o conftest    conftest.c  >&5
configure:4563: $? = 0
configure:4585: result: 
configure:4607: checking whether we are cross compiling
configure:4615: gcc -o conftest    conftest.c  >&5
configure:4619: $? = 0
configure:4626: ./conftest
configure:4630: $? = 0
configure:4645: result: no
configure:4650: checking for suffix of object files
configure:4672: gcc -c   conftest.c >&5
configure:4676: $? = 0
configure:4697: result: o
configure:4701: checking whether we are using the GNU C compiler
configure:4720: gcc -c   conftest.c >&5
configure:4720: $? = 0
configure:4729: result: yes
configure:4738: checking whether gcc accepts -g
configure:4758: gcc -c -g  conftest.c >&5
configure:4758: $? = 0
configure:4799: result: yes
configure:4816: checking for gcc option to accept ISO C89
configure:4879: gcc  -c -g -O2  conftest.c >&5
conftest.c:15:14: warning: a function definition without a prototype is deprecated in all versions of C and is not supported in C23 [-Wdeprecated-non-prototype]
   15 | static char *e (p, i)
      |              ^
1 warning generated.
configure:4879: $? = 0
configure:4892: result: none needed
configure:4917: checking whether gcc understands -c and -o together
configure:4939: gcc -c conftest.c -o conftest2.o
configure:4942: $? = 0
configure:4939: gcc -c conftest.c -o conftest2.o
configure:4942: $? = 0
configure:4954: result: yes
configure:4982: checking for style of include used by make
configure:5010: result: GNU
configure:5036: checking dependency style of gcc
configure:5147: result: none
configure:5167: checking how to run the C preprocessor
configure:5198: gcc -E  conftest.c
configure:5198: $? = 0
configure:5212: gcc -E  conftest.c
conftest.c:9:10: fatal error: 'ac_nonexistent.h' file not found
    9 | #include <ac_nonexistent.h>
      |          ^~~~~~~~~~~~~~~~~~
1 error generated.
configure:5212: $? = 1
configure: failed program was:
| /* confdefs.h */
| #define PACKAGE_NAME "gtk+"
| #define PACKAGE_TARNAME "gtk+"
| #define PACKAGE_VERSION "3.22.30"
| #define PACKAGE_STRING "gtk+ 3.22.30"
| #define PACKAGE_BUGREPORT "http://bugzilla.gnome.org/enter_bug.cgi?product=gtk%2B"
| #define PACKAGE_URL ""
| /* end confdefs.h.  */
| #include <ac_nonexistent.h>
configure:5237: result: gcc -E
configure:5257: gcc -E  conftest.c
configure:5257: $? = 0
configure:5271: gcc -E  conftest.c
conftest.c:9:10: fatal error: 'ac_nonexistent.h' file not found
    9 | #include <ac_nonexistent.h>
      |          ^~~~~~~~~~~~~~~~~~
1 error generated.
configure:5271: $? = 1
configure: failed program was:
| /* confdefs.h */
| #define PACKAGE_NAME "gtk+"
| #define PACKAGE_TARNAME "gtk+"
| #define PACKAGE_VERSION "3.22.30"
| #define PACKAGE_STRING "gtk+ 3.22.30"
| #define PACKAGE_BUGREPORT "http://bugzilla.gnome.org/enter_bug.cgi?product=gtk%2B"
| #define PACKAGE_URL ""
| /* end confdefs.h.  */
| #include <ac_nonexistent.h>
configure:5355: checking for gcc
configure:5371: found /usr/bin/gcc
configure:5382: result: gcc
configure:5611: checking for C compiler version
configure:5620: gcc --version >&5
Apple clang version 17.0.0 (clang-1700.3.19.1)
Target: arm64-apple-darwin25.0.0
Thread model: posix
InstalledDir: /Applications/Xcode.app/Contents/Developer/Toolchains/XcodeDefault.xctoolchain/usr/bin
configure:5631: $? = 0
configure:5620: gcc -v >&5
Apple clang version 17.0.0 (clang-1700.3.19.1)
Target: arm64-apple-darwin25.0.0
Thread model: posix
InstalledDir: /Applications/Xcode.app/Contents/Developer/Toolchains/XcodeDefault.xctoolchain/usr/bin
configure:5631: $? = 0
configure:5620: gcc -V >&5
clang: error: argument to '-V' is missing (expected 1 value)
clang: error: no input files
configure:5631: $? = 1
configure:5620: gcc -qversion >&5
clang: error: unknown argument '-qversion'; did you mean '--version'?
clang: error: no input files
configure:5631: $? = 1
configure:5635: checking whether we are using the GNU C compiler
configure:5663: result: yes
configure:5672: checking whether gcc accepts -g
configure:5692: gcc -c -g -O2  conftest.c >&5
configure:5692: $? = 0
configure:5733: result: yes
configure:5750: checking for gcc option to accept ISO C89
configure:5826: result: none needed
configure:5851: checking whether gcc understands -c and -o together
configure:5888: result: yes
configure:5907: checking dependency style of gcc
configure:6018: result: none
configure:6038: checking how to run the C preprocessor
configure:6069: gcc -E  conftest.c
configure:6069: $? = 0
configure:6083: gcc -E  conftest.c
conftest.c:9:10: fatal error: 'ac_nonexistent.h' file not found
    9 | #include <ac_nonexistent.h>
      |          ^~~~~~~~~~~~~~~~~~
1 error generated.
configure:6083: $? = 1
configure: failed program was:
| /* confdefs.h */
| #define PACKAGE_NAME "gtk+"
| #define PACKAGE_TARNAME "gtk+"
| #define PACKAGE_VERSION "3.22.30"
| #define PACKAGE_STRING "gtk+ 3.22.30"
| #define PACKAGE_BUGREPORT "http://bugzilla.gnome.org/enter_bug.cgi?product=gtk%2B"
| #define PACKAGE_URL ""
| /* end confdefs.h.  */
| #include <ac_nonexistent.h>
configure:6108: result: gcc -E
configure:6128: gcc -E  conftest.c
configure:6128: $? = 0
configure:6142: gcc -E  conftest.c
conftest.c:9:10: fatal error: 'ac_nonexistent.h' file not found
    9 | #include <ac_nonexistent.h>
      |          ^~~~~~~~~~~~~~~~~~
1 error generated.
configure:6142: $? = 1
configure: failed program was:
| /* confdefs.h */
| #define PACKAGE_NAME "gtk+"
| #define PACKAGE_TARNAME "gtk+"
| #define PACKAGE_VERSION "3.22.30"
| #define PACKAGE_STRING "gtk+ 3.22.30"
| #define PACKAGE_BUGREPORT "http://bugzilla.gnome.org/enter_bug.cgi?product=gtk%2B"
| #define PACKAGE_URL ""
| /* end confdefs.h.  */
| #include <ac_nonexistent.h>
configure:6180: checking whether gcc and cc understand -c and -o together
configure:6211: gcc -c conftest.c -o conftest2.o >&5
configure:6215: $? = 0
configure:6221: gcc -c conftest.c -o conftest2.o >&5
configure:6225: $? = 0
configure:6236: cc -c conftest.c >&5
configure:6240: $? = 0
configure:6248: cc -c conftest.c -o conftest2.o >&5
configure:6252: $? = 0
configure:6258: cc -c conftest.c -o conftest2.o >&5
configure:6262: $? = 0
configure:6280: result: yes
configure:6292: checking whether make sets $(MAKE)
configure:6314: result: yes
configure:6327: checking for grep that handles long lines and -e
configure:6385: result: /usr/bin/grep
configure:6390: checking for egrep
configure:6452: result: /usr/bin/grep -E
configure:6457: checking for ANSI C header files
configure:6477: gcc -c -g -O2  conftest.c >&5
configure:6477: $? = 0
configure:6550: gcc -o conftest -g -O2   conftest.c  >&5
configure:6550: $? = 0
configure:6550: ./conftest
configure:6550: $? = 0
configure:6561: result: yes
configure:6574: checking for sys/types.h
configure:6574: gcc -c -g -O2  conftest.c >&5
configure:6574: $? = 0
configure:6574: result: yes
configure:6574: checking for sys/stat.h
configure:6574: gcc -c -g -O2  conftest.c >&5
configure:6574: $? = 0
configure:6574: result: yes
configure:6574: checking for stdlib.h
configure:6574: gcc -c -g -O2  conftest.c >&5
configure:6574: $? = 0
configure:6574: result: yes
configure:6574: checking for string.h
configure:6574: gcc -c -g -O2  conftest.c >&5
configure:6574: $? = 0
configure:6574: result: yes
configure:6574: checking for memory.h
configure:6574: gcc -c -g -O2  conftest.c >&5
configure:6574: $? = 0
configure:6574: result: yes
configure:6574: checking for strings.h
configure:6574: gcc -c -g -O2  conftest.c >&5
configure:6574: $? = 0
configure:6574: result: yes
configure:6574: checking for inttypes.h
configure:6574: gcc -c -g -O2  conftest.c >&5
configure:6574: $? = 0
configure:6574: result: yes
configure:6574: checking for stdint.h
configure:6574: gcc -c -g -O2  conftest.c >&5
configure:6574: $? = 0
configure:6574: result: yes
configure:6574: checking for unistd.h
configure:6574: gcc -c -g -O2  conftest.c >&5
configure:6574: $? = 0
configure:6574: result: yes
configure:6587: checking minix/config.h usability
configure:6587: gcc -c -g -O2  conftest.c >&5
conftest.c:52:10: fatal error: 'minix/config.h' file not found
   52 | #include <minix/config.h>
      |          ^~~~~~~~~~~~~~~~
1 error generated.
configure:6587: $? = 1
configure: failed program was:
| /* confdefs.h */
| #define PACKAGE_NAME "gtk+"
| #define PACKAGE_TARNAME "gtk+"
| #define PACKAGE_VERSION "3.22.30"
| #define PACKAGE_STRING "gtk+ 3.22.30"
| #define PACKAGE_BUGREPORT "http://bugzilla.gnome.org/enter_bug.cgi?product=gtk%2B"
| #define PACKAGE_URL ""
| #define STDC_HEADERS 1
| #define HAVE_SYS_TYPES_H 1
| #define HAVE_SYS_STAT_H 1
| #define HAVE_STDLIB_H 1
| #define HAVE_STRING_H 1
| #define HAVE_MEMORY_H 1
| #define HAVE_STRINGS_H 1
| #define HAVE_INTTYPES_H 1
| #define HAVE_STDINT_H 1
| #define HAVE_UNISTD_H 1
| /* end confdefs.h.  */
| #include <stdio.h>
| #ifdef HAVE_SYS_TYPES_H
| # include <sys/types.h>
| #endif
| #ifdef HAVE_SYS_STAT_H
| # include <sys/stat.h>
| #endif
| #ifdef STDC_HEADERS
| # include <stdlib.h>
| # include <stddef.h>
| #else
| # ifdef HAVE_STDLIB_H
| #  include <stdlib.h>
| # endif
| #endif
| #ifdef HAVE_STRING_H
| # if !defined STDC_HEADERS && defined HAVE_MEMORY_H
| #  include <memory.h>
| # endif
| # include <string.h>
| #endif
| #ifdef HAVE_STRINGS_H
| # include <strings.h>
| #endif
| #ifdef HAVE_INTTYPES_H
| # include <inttypes.h>
| #endif
| #ifdef HAVE_STDINT_H
| # include <stdint.h>
| #endif
| #ifdef HAVE_UNISTD_H
| # include <unistd.h>
| #endif
| #include <minix/config.h>
configure:6587: result: no
configure:6587: checking minix/config.h presence
configure:6587: gcc -E  conftest.c
conftest.c:19:10: fatal error: 'minix/config.h' file not found
   19 | #include <minix/config.h>
      |          ^~~~~~~~~~~~~~~~
1 error generated.
configure:6587: $? = 1
configure: failed program was:
| /* confdefs.h */
| #define PACKAGE_NAME "gtk+"
| #define PACKAGE_TARNAME "gtk+"
| #define PACKAGE_VERSION "3.22.30"
| #define PACKAGE_STRING "gtk+ 3.22.30"
| #define PACKAGE_BUGREPORT "http://bugzilla.gnome.org/enter_bug.cgi?product=gtk%2B"
| #define PACKAGE_URL ""
| #define STDC_HEADERS 1
| #define HAVE_SYS_TYPES_H 1
| #define HAVE_SYS_STAT_H 1
| #define HAVE_STDLIB_H 1
| #define HAVE_STRING_H 1
| #define HAVE_MEMORY_H 1
| #define HAVE_STRINGS_H 1
| #define HAVE_INTTYPES_H 1
| #define HAVE_STDINT_H 1
| #define HAVE_UNISTD_H 1
| /* end confdefs.h.  */
| #include <minix/config.h>
configure:6587: result: no
configure:6587: checking for minix/config.h
configure:6587: result: no
configure:6608: checking whether it is safe to define __EXTENSIONS__
configure:6626: gcc -c -g -O2  conftest.c >&5
configure:6626: $? = 0
configure:6633: result: yes
configure:6649: checking for a sed that does not truncate output
configure:6713: result: /usr/bin/sed
configure:6719: checking whether NLS is requested
configure:6728: result: yes
configure:6768: checking for msgfmt
configure: trying /opt/homebrew/bin/msgfmt...
0 translated messages.
configure:6800: result: /opt/homebrew/bin/msgfmt
configure:6809: checking for gmsgfmt
configure:6840: result: /opt/homebrew/bin/msgfmt
configure:6890: checking for xgettext
configure: trying /opt/homebrew/bin/xgettext...
/opt/homebrew/bin/xgettext: warning: file '/dev/null' extension '' is unknown; will try C
configure:6922: result: /opt/homebrew/bin/xgettext
configure:6967: checking for msgmerge
configure: trying /opt/homebrew/bin/msgmerge...
configure:6998: result: /opt/homebrew/bin/msgmerge
configure:7056: checking for ld used by gcc
configure:7123: result: /Applications/Xcode.app/Contents/Developer/Toolchains/XcodeDefault.xctoolchain/usr/bin/ld
configure:7130: checking if the linker (/Applications/Xcode.app/Contents/Developer/Toolchains/XcodeDefault.xctoolchain/usr/bin/ld) is GNU ld
configure:7145: result: no
configure:7152: checking for shared library run path origin
configure:7165: result: done
configure:7737: checking for CFPreferencesCopyAppValue
configure:7755: gcc -o conftest -g -O2   conftest.c  -Wl,-framework -Wl,CoreFoundation >&5
conftest.c:28:27: warning: null passed to a callee that requires a non-null argument [-Wnonnull]
   28 | CFPreferencesCopyAppValue(NULL, NULL)
      |                           ^~~~
/Applications/Xcode.app/Contents/Developer/Toolchains/XcodeDefault.xctoolchain/usr/lib/clang/17/include/__stddef_null.h:26:14: note: expanded from macro 'NULL'
   26 | #define NULL ((void*)0)
      |              ^~~~~~~~~~
conftest.c:28:33: warning: null passed to a callee that requires a non-null argument [-Wnonnull]
   28 | CFPreferencesCopyAppValue(NULL, NULL)
      |                                 ^~~~
/Applications/Xcode.app/Contents/Developer/Toolchains/XcodeDefault.xctoolchain/usr/lib/clang/17/include/__stddef_null.h:26:14: note: expanded from macro 'NULL'
   26 | #define NULL ((void*)0)
      |              ^~~~~~~~~~
2 warnings generated.
configure:7755: $? = 0
configure:7764: result: yes
configure:7771: checking for CFLocaleCopyCurrent
configure:7789: gcc -o conftest -g -O2   conftest.c  -Wl,-framework -Wl,CoreFoundation >&5
configure:7789: $? = 0
configure:7798: result: yes
configure:7847: checking for GNU gettext in libc
configure:7871: gcc -o conftest -g -O2   conftest.c  >&5
conftest.c:27:10: fatal error: 'libintl.h' file not found
   27 | #include <libintl.h>
      |          ^~~~~~~~~~~
1 error generated.
configure:7871: $? = 1
configure: failed program was:
| /* confdefs.h */
| #define PACKAGE_NAME "gtk+"
| #define PACKAGE_TARNAME "gtk+"
| #define PACKAGE_VERSION "3.22.30"
| #define PACKAGE_STRING "gtk+ 3.22.30"
| #define PACKAGE_BUGREPORT "http://bugzilla.gnome.org/enter_bug.cgi?product=gtk%2B"
| #define PACKAGE_URL ""
| #define STDC_HEADERS 1
| #define HAVE_SYS_TYPES_H 1
| #define HAVE_SYS_STAT_H 1
| #define HAVE_STDLIB_H 1
| #define HAVE_STRING_H 1
| #define HAVE_MEMORY_H 1
| #define HAVE_STRINGS_H 1
| #define HAVE_INTTYPES_H 1
| #define HAVE_STDINT_H 1
| #define HAVE_UNISTD_H 1
| #define __EXTENSIONS__ 1
| #define _ALL_SOURCE 1
| #define _GNU_SOURCE 1
| #define _POSIX_PTHREAD_SEMANTICS 1
| #define _TANDEM_SOURCE 1
| #define HAVE_CFPREFERENCESCOPYAPPVALUE 1
| #define HAVE_CFLOCALECOPYCURRENT 1
| /* end confdefs.h.  */
| 
| #include <libintl.h>
| 
| extern int _nl_msg_cat_cntr;
| extern int *_nl_domain_bindings;
| 
| int
| main ()
| {
| 
| bindtextdomain ("", "");
| return * gettext ("") + _nl_msg_cat_cntr + *_nl_domain_bindings
| 
|   ;
|   return 0;
| }
configure:7880: result: no
configure:7914: checking for iconv
configure:7938: gcc -o conftest -g -O2   conftest.c  >&5
Undefined symbols for architecture arm64:
  "_iconv", referenced from:
      _main in conftest-6a8dc7.o
  "_iconv_close", referenced from:
      _main in conftest-6a8dc7.o
  "_iconv_open", referenced from:
      _main in conftest-6a8dc7.o
ld: symbol(s) not found for architecture arm64
clang: error: linker command failed with exit code 1 (use -v to see invocation)
configure:7938: $? = 1
configure: failed program was:
| /* confdefs.h */
| #define PACKAGE_NAME "gtk+"
| #define PACKAGE_TARNAME "gtk+"
| #define PACKAGE_VERSION "3.22.30"
| #define PACKAGE_STRING "gtk+ 3.22.30"
| #define PACKAGE_BUGREPORT "http://bugzilla.gnome.org/enter_bug.cgi?product=gtk%2B"
| #define PACKAGE_URL ""
| #define STDC_HEADERS 1
| #define HAVE_SYS_TYPES_H 1
| #define HAVE_SYS_STAT_H 1
| #define HAVE_STDLIB_H 1
| #define HAVE_STRING_H 1
| #define HAVE_MEMORY_H 1
| #define HAVE_STRINGS_H 1
| #define HAVE_INTTYPES_H 1
| #define HAVE_STDINT_H 1
| #define HAVE_UNISTD_H 1
| #define __EXTENSIONS__ 1
| #define _ALL_SOURCE 1
| #define _GNU_SOURCE 1
| #define _POSIX_PTHREAD_SEMANTICS 1
| #define _TANDEM_SOURCE 1
| #define HAVE_CFPREFERENCESCOPYAPPVALUE 1
| #define HAVE_CFLOCALECOPYCURRENT 1
| /* end confdefs.h.  */
| 
| #include <stdlib.h>
| #include <iconv.h>
| 
| int
| main ()
| {
| iconv_t cd = iconv_open("","");
|            iconv(cd,NULL,NULL,NULL,NULL);
|            iconv_close(cd);
|   ;
|   return 0;
| }
configure:7962: gcc -o conftest -g -O2   conftest.c  -liconv >&5
configure:7962: $? = 0
configure:7972: result: yes
configure:7975: checking for working iconv
configure:8104: gcc -o conftest -g -O2   conftest.c  -liconv >&5
configure:8104: $? = 0
configure:8104: ./conftest
configure:8104: $? = 0
configure:8116: result: yes
configure:8131: checking how to link with libiconv
configure:8133: result: -liconv
configure:8605: checking for GNU gettext in libintl
configure:8637: gcc -o conftest -g -O2    conftest.c  -lintl >&5
conftest.c:28:10: fatal error: 'libintl.h' file not found
   28 | #include <libintl.h>
      |          ^~~~~~~~~~~
1 error generated.
configure:8637: $? = 1
configure: failed program was:
| /* confdefs.h */
| #define PACKAGE_NAME "gtk+"
| #define PACKAGE_TARNAME "gtk+"
| #define PACKAGE_VERSION "3.22.30"
| #define PACKAGE_STRING "gtk+ 3.22.30"
| #define PACKAGE_BUGREPORT "http://bugzilla.gnome.org/enter_bug.cgi?product=gtk%2B"
| #define PACKAGE_URL ""
| #define STDC_HEADERS 1
| #define HAVE_SYS_TYPES_H 1
| #define HAVE_SYS_STAT_H 1
| #define HAVE_STDLIB_H 1
| #define HAVE_STRING_H 1
| #define HAVE_MEMORY_H 1
| #define HAVE_STRINGS_H 1
| #define HAVE_INTTYPES_H 1
| #define HAVE_STDINT_H 1
| #define HAVE_UNISTD_H 1
| #define __EXTENSIONS__ 1
| #define _ALL_SOURCE 1
| #define _GNU_SOURCE 1
| #define _POSIX_PTHREAD_SEMANTICS 1
| #define _TANDEM_SOURCE 1
| #define HAVE_CFPREFERENCESCOPYAPPVALUE 1
| #define HAVE_CFLOCALECOPYCURRENT 1
| #define HAVE_ICONV 1
| /* end confdefs.h.  */
| 
| #include <libintl.h>
| 
| extern int _nl_msg_cat_cntr;
| extern
| #ifdef __cplusplus
| "C"
| #endif
| const char *_nl_expand_alias (const char *);
| 
| int
| main ()
| {
| 
| bindtextdomain ("", "");
| return * gettext ("") + _nl_msg_cat_cntr + *_nl_expand_alias ("")
| 
|   ;
|   return 0;
| }
configure:8669: gcc -o conftest -g -O2    conftest.c  -lintl -liconv >&5
conftest.c:28:10: fatal error: 'libintl.h' file not found
   28 | #include <libintl.h>
      |          ^~~~~~~~~~~
1 error generated.
configure:8669: $? = 1
configure: failed program was:
| /* confdefs.h */
| #define PACKAGE_NAME "gtk+"
| #define PACKAGE_TARNAME "gtk+"
| #define PACKAGE_VERSION "3.22.30"
| #define PACKAGE_STRING "gtk+ 3.22.30"
| #define PACKAGE_BUGREPORT "http://bugzilla.gnome.org/enter_bug.cgi?product=gtk%2B"
| #define PACKAGE_URL ""
| #define STDC_HEADERS 1
| #define HAVE_SYS_TYPES_H 1
| #define HAVE_SYS_STAT_H 1
| #define HAVE_STDLIB_H 1
| #define HAVE_STRING_H 1
| #define HAVE_MEMORY_H 1
| #define HAVE_STRINGS_H 1
| #define HAVE_INTTYPES_H 1
| #define HAVE_STDINT_H 1
| #define HAVE_UNISTD_H 1
| #define __EXTENSIONS__ 1
| #define _ALL_SOURCE 1
| #define _GNU_SOURCE 1
| #define _POSIX_PTHREAD_SEMANTICS 1
| #define _TANDEM_SOURCE 1
| #define HAVE_CFPREFERENCESCOPYAPPVALUE 1
| #define HAVE_CFLOCALECOPYCURRENT 1
| #define HAVE_ICONV 1
| /* end confdefs.h.  */
| 
| #include <libintl.h>
| 
| extern int _nl_msg_cat_cntr;
| extern
| #ifdef __cplusplus
| "C"
| #endif
| const char *_nl_expand_alias (const char *);
| 
| int
| main ()
| {
| 
| bindtextdomain ("", "");
| return * gettext ("") + _nl_msg_cat_cntr + *_nl_expand_alias ("")
| 
|   ;
|   return 0;
| }
configure:8682: result: no
configure:8717: checking whether to use NLS
configure:8719: result: no
configure:8801: checking for native Win32
configure:8823: result: no
configure:8888: checking for c++
configure:8904: found /usr/bin/c++
configure:8915: result: c++
configure:9058: checking for C++ compiler version
configure:9067: c++ --version >&5
Apple clang version 17.0.0 (clang-1700.3.19.1)
Target: arm64-apple-darwin25.0.0
Thread model: posix
InstalledDir: /Applications/Xcode.app/Contents/Developer/Toolchains/XcodeDefault.xctoolchain/usr/bin
configure:9078: $? = 0
configure:9067: c++ -v >&5
Apple clang version 17.0.0 (clang-1700.3.19.1)
Target: arm64-apple-darwin25.0.0
Thread model: posix
InstalledDir: /Applications/Xcode.app/Contents/Developer/Toolchains/XcodeDefault.xctoolchain/usr/bin
configure:9078: $? = 0
configure:9067: c++ -V >&5
clang++: error: argument to '-V' is missing (expected 1 value)
clang++: error: no input files
configure:9078: $? = 1
configure:9067: c++ -qversion >&5
clang++: error: unknown argument '-qversion'; did you mean '--version'?
clang++: error: no input files
configure:9078: $? = 1
configure:9082: checking whether we are using the GNU C++ compiler
configure:9101: c++ -c   conftest.cpp >&5
configure:9101: $? = 0
configure:9110: result: yes
configure:9119: checking whether c++ accepts -g
configure:9139: c++ -c -g  conftest.cpp >&5
configure:9139: $? = 0
configure:9180: result: yes
configure:9205: checking dependency style of c++
configure:9316: result: none
configure:9343: c++ -c -g -O2  conftest.cpp >&5
configure:9343: $? = 0
configure:9371: c++ -c -g -O2 -x objective-c++  conftest.cpp >&5
configure:9371: $? = 0
configure:9453: checking how to print strings
configure:9480: result: printf
configure:9501: checking for a sed that does not truncate output
configure:9565: result: /usr/bin/sed
configure:9583: checking for fgrep
configure:9645: result: /usr/bin/grep -F
configure:9680: checking for ld used by gcc
configure:9747: result: /Applications/Xcode.app/Contents/Developer/Toolchains/XcodeDefault.xctoolchain/usr/bin/ld
configure:9754: checking if the linker (/Applications/Xcode.app/Contents/Developer/Toolchains/XcodeDefault.xctoolchain/usr/bin/ld) is GNU ld
configure:9769: result: no
configure:9781: checking for BSD- or MS-compatible name lister (nm)
configure:9835: result: /usr/bin/nm -B
configure:9965: checking the name lister (/usr/bin/nm -B) interface
configure:9972: gcc -c -g -O2  conftest.c >&5
configure:9975: /usr/bin/nm -B "conftest.o"
configure:9978: output
000000000000025c S _some_variable
0000000000000000 t ltmp0
000000000000025c s ltmp1
configure:9985: result: BSD nm
configure:9988: checking whether ln -s works
configure:9992: result: yes
configure:10000: checking the maximum length of command line arguments
configure:10131: result: 786432
configure:10179: checking how to convert arm-apple-darwin25.0.0 file names to arm-apple-darwin25.0.0 format
configure:10219: result: func_convert_file_noop
configure:10226: checking how to convert arm-apple-darwin25.0.0 file names to toolchain format
configure:10246: result: func_convert_file_noop
configure:10253: checking for /Applications/Xcode.app/Contents/Developer/Toolchains/XcodeDefault.xctoolchain/usr/bin/ld option to reload object files
configure:10260: result: -r
configure:10334: checking for objdump
configure:10350: found /usr/bin/objdump
configure:10361: result: objdump
configure:10390: checking how to recognize dependent libraries
configure:10590: result: pass_all
configure:10675: checking for dlltool
configure:10705: result: no
configure:10732: checking how to associate runtime and link libraries
configure:10759: result: printf %s\n
configure:10819: checking for ar
configure:10835: found /usr/bin/ar
configure:10846: result: ar
configure:10883: checking for archiver @FILE support
configure:10900: gcc -c -g -O2  conftest.c >&5
configure:10900: $? = 0
configure:10903: ar cru libconftest.a @conftest.lst >&5
ar: @conftest.lst: No such file or directory
configure:10906: $? = 1
configure:10926: result: no
configure:10984: checking for strip
configure:11000: found /usr/bin/strip
configure:11011: result: strip
configure:11083: checking for ranlib
configure:11099: found /usr/bin/ranlib
configure:11110: result: ranlib
configure:11212: checking command to parse /usr/bin/nm -B output from gcc object
configure:11365: gcc -c -g -O2  conftest.c >&5
configure:11368: $? = 0
configure:11372: /usr/bin/nm -B conftest.o \| sed -n -e 's/^.*[ ]\([ABCDGIRSTW][ABCDGIRSTW]*\)[ ][ ]*\([_A-Za-z][_A-Za-z0-9]*\)$/\1 \2 \2/p' | sed '/ __gnu_lto/d' \> conftest.nm
configure:11375: $? = 0
cannot find nm_test_var in conftest.nm
configure:11365: gcc -c -g -O2  conftest.c >&5
configure:11368: $? = 0
configure:11372: /usr/bin/nm -B conftest.o \| sed -n -e 's/^.*[ ]\([ABCDGIRSTW][ABCDGIRSTW]*\)[ ][ ]*_\([_A-Za-z][_A-Za-z0-9]*\)$/\1 _\2 \2/p' | sed '/ __gnu_lto/d' \> conftest.nm
configure:11375: $? = 0
configure:11441: gcc -o conftest -g -O2   conftest.c conftstm.o >&5
configure:11444: $? = 0
configure:11482: result: ok
configure:11529: checking for sysroot
configure:11559: result: no
configure:11566: checking for a working dd
configure:11604: result: /bin/dd
configure:11608: checking how to truncate binary pipes
configure:11623: result: /bin/dd bs=4096 count=1
configure:11952: checking for mt
configure:11982: result: no
configure:12002: checking if : is a manifest tool
configure:12008: : '-?'
configure:12016: result: no
configure:12072: checking for dsymutil
configure:12088: found /usr/bin/dsymutil
configure:12099: result: dsymutil
configure:12164: checking for nmedit
configure:12180: found /usr/bin/nmedit
configure:12191: result: nmedit
configure:12256: checking for lipo
configure:12272: found /usr/bin/lipo
configure:12283: result: lipo
configure:12348: checking for otool
configure:12364: found /usr/bin/otool
configure:12375: result: otool
configure:12440: checking for otool64
configure:12470: result: no
configure:12515: checking for -single_module linker flag
gcc -g -O2  -o libconftest.dylib -dynamiclib -Wl,-single_module conftest.c
ld: warning: -single_module is obsolete
configure:12548: result: no
configure:12551: checking for -exported_symbols_list linker flag
configure:12571: gcc -o conftest -g -O2   -Wl,-exported_symbols_list,conftest.sym conftest.c  >&5
configure:12571: $? = 0
configure:12581: result: yes
configure:12584: checking for -force_load linker flag
gcc -g -O2 -c -o conftest.o conftest.c
ar cru libconftest.a conftest.o
ranlib libconftest.a
gcc -g -O2  -o conftest conftest.c -Wl,-force_load,./libconftest.a
configure:12616: result: yes
configure:12690: checking for dlfcn.h
configure:12690: gcc -c -g -O2  conftest.c >&5
configure:12690: $? = 0
configure:12690: result: yes
configure:13253: checking for objdir
configure:13268: result: .libs
configure:13532: checking if gcc supports -fno-rtti -fno-exceptions
configure:13550: gcc -c -g -O2  -fno-rtti -fno-exceptions conftest.c >&5
configure:13554: $? = 0
configure:13567: result: yes
configure:13925: checking for gcc option to produce PIC
configure:13932: result: -fno-common -DPIC
configure:13940: checking if gcc PIC flag -fno-common -DPIC works
configure:13958: gcc -c -g -O2  -fno-common -DPIC -DPIC conftest.c >&5
configure:13962: $? = 0
configure:13975: result: yes
configure:14004: checking if gcc static flag -static works
configure:14032: result: no
configure:14047: checking if gcc supports -c -o file.o
configure:14068: gcc -c -g -O2  -o out/conftest2.o conftest.c >&5
configure:14072: $? = 0
configure:14094: result: yes
configure:14102: checking if gcc supports -c -o file.o
configure:14149: result: yes
configure:14182: checking whether the gcc linker (/Applications/Xcode.app/Contents/Developer/Toolchains/XcodeDefault.xctoolchain/usr/bin/ld) supports shared libraries
configure:15441: result: yes
configure:15681: checking dynamic linker characteristics
configure:16502: result: darwin25.0.0 dyld
configure:16624: checking how to hardcode library paths into programs
configure:16649: result: immediate
configure:17197: checking whether stripping libraries is possible
configure:17211: result: yes
configure:17237: checking if libtool supports shared libraries
configure:17239: result: yes
configure:17242: checking whether to build shared libraries
configure:17267: result: yes
configure:17270: checking whether to build static libraries
configure:17274: result: no
configure:17297: checking how to run the C++ preprocessor
configure:17324: c++ -E  conftest.cpp
configure:17324: $? = 0
configure:17338: c++ -E  conftest.cpp
conftest.cpp:30:10: fatal error: 'ac_nonexistent.h' file not found
   30 | #include <ac_nonexistent.h>
      |          ^~~~~~~~~~~~~~~~~~
1 error generated.
configure:17338: $? = 1
configure: failed program was:
| /* confdefs.h */
| #define PACKAGE_NAME "gtk+"
| #define PACKAGE_TARNAME "gtk+"
| #define PACKAGE_VERSION "3.22.30"
| #define PACKAGE_STRING "gtk+ 3.22.30"
| #define PACKAGE_BUGREPORT "http://bugzilla.gnome.org/enter_bug.cgi?product=gtk%2B"
| #define PACKAGE_URL ""
| #define STDC_HEADERS 1
| #define HAVE_SYS_TYPES_H 1
| #define HAVE_SYS_STAT_H 1
| #define HAVE_STDLIB_H 1
| #define HAVE_STRING_H 1
| #define HAVE_MEMORY_H 1
| #define HAVE_STRINGS_H 1
| #define HAVE_INTTYPES_H 1
| #define HAVE_STDINT_H 1
| #define HAVE_UNISTD_H 1
| #define __EXTENSIONS__ 1
| #define _ALL_SOURCE 1
| #define _GNU_SOURCE 1
| #define _POSIX_PTHREAD_SEMANTICS 1
| #define _TANDEM_SOURCE 1
| #define HAVE_CFPREFERENCESCOPYAPPVALUE 1
| #define HAVE_CFLOCALECOPYCURRENT 1
| #define HAVE_ICONV 1
| #define GETTEXT_PACKAGE "gtk30"
| #define HAVE_DLFCN_H 1
| #define LT_OBJDIR ".libs/"
| /* end confdefs.h.  */
| #include <ac_nonexistent.h>
configure:17363: result: c++ -E
configure:17383: c++ -E  conftest.cpp
configure:17383: $? = 0
configure:17397: c++ -E  conftest.cpp
conftest.cpp:30:10: fatal error: 'ac_nonexistent.h' file not found
   30 | #include <ac_nonexistent.h>
      |          ^~~~~~~~~~~~~~~~~~
1 error generated.
configure:17397: $? = 1
configure: failed program was:
| /* confdefs.h */
| #define PACKAGE_NAME "gtk+"
| #define PACKAGE_TARNAME "gtk+"
| #define PACKAGE_VERSION "3.22.30"
| #define PACKAGE_STRING "gtk+ 3.22.30"
| #define PACKAGE_BUGREPORT "http://bugzilla.gnome.org/enter_bug.cgi?product=gtk%2B"
| #define PACKAGE_URL ""
| #define STDC_HEADERS 1
| #define HAVE_SYS_TYPES_H 1
| #define HAVE_SYS_STAT_H 1
| #define HAVE_STDLIB_H 1
| #define HAVE_STRING_H 1
| #define HAVE_MEMORY_H 1
| #define HAVE_STRINGS_H 1
| #define HAVE_INTTYPES_H 1
| #define HAVE_STDINT_H 1
| #define HAVE_UNISTD_H 1
| #define __EXTENSIONS__ 1
| #define _ALL_SOURCE 1
| #define _GNU_SOURCE 1
| #define _POSIX_PTHREAD_SEMANTICS 1
| #define _TANDEM_SOURCE 1
| #define HAVE_CFPREFERENCESCOPYAPPVALUE 1
| #define HAVE_CFLOCALECOPYCURRENT 1
| #define HAVE_ICONV 1
| #define GETTEXT_PACKAGE "gtk30"
| #define HAVE_DLFCN_H 1
| #define LT_OBJDIR ".libs/"
| /* end confdefs.h.  */
| #include <ac_nonexistent.h>
configure:17559: checking for ld used by c++
configure:17626: result: /Applications/Xcode.app/Contents/Developer/Toolchains/XcodeDefault.xctoolchain/usr/bin/ld
configure:17633: checking if the linker (/Applications/Xcode.app/Contents/Developer/Toolchains/XcodeDefault.xctoolchain/usr/bin/ld) is GNU ld
configure:17648: result: no
configure:17703: checking whether the c++ linker (/Applications/Xcode.app/Contents/Developer/Toolchains/XcodeDefault.xctoolchain/usr/bin/ld) supports shared libraries
configure:18776: result: yes
configure:18812: c++ -c -g -O2  conftest.cpp >&5
configure:18815: $? = 0
configure:19296: checking for c++ option to produce PIC
configure:19303: result: -fno-common -DPIC
configure:19311: checking if c++ PIC flag -fno-common -DPIC works
configure:19329: c++ -c -g -O2  -fno-common -DPIC -DPIC conftest.cpp >&5
configure:19333: $? = 0
configure:19346: result: yes
configure:19369: checking if c++ static flag -static works
configure:19397: result: no
configure:19409: checking if c++ supports -c -o file.o
configure:19430: c++ -c -g -O2  -o out/conftest2.o conftest.cpp >&5
configure:19434: $? = 0
configure:19456: result: yes
configure:19461: checking if c++ supports -c -o file.o
configure:19508: result: yes
configure:19538: checking whether the c++ linker (/Applications/Xcode.app/Contents/Developer/Toolchains/XcodeDefault.xctoolchain/usr/bin/ld) supports shared libraries
configure:19578: result: yes
configure:19719: checking dynamic linker characteristics
configure:20467: result: darwin25.0.0 dyld
configure:20532: checking how to hardcode library paths into programs
configure:20557: result: immediate
configure:20620: creating ./config.lt

## ------------------ ##
## Running config.lt. ##
## ------------------ ##
config.lt:681: creating libtool
configure:22185: checking for special C compiler options needed for large files
configure:22230: result: no
configure:22236: checking for _FILE_OFFSET_BITS value needed for large files
configure:22261: gcc -c -g -O2  conftest.c >&5
configure:22261: $? = 0
configure:22293: result: no
configure:22388: checking dependency style of gcc
configure:22497: result: none
configure:22558: checking for nm
configure:22588: result: /usr/bin/nm -B
configure:22611: checking for some Win32 platform
configure:22621: result: no
configure:23014: checking for shm_open in -lrt
configure:23039: gcc -o conftest -g -O2   conftest.c -lrt   >&5
ld: library 'rt' not found
clang: error: linker command failed with exit code 1 (use -v to see invocation)
configure:23039: $? = 1
configure: failed program was:
| /* confdefs.h */
| #define PACKAGE_NAME "gtk+"
| #define PACKAGE_TARNAME "gtk+"
| #define PACKAGE_VERSION "3.22.30"
| #define PACKAGE_STRING "gtk+ 3.22.30"
| #define PACKAGE_BUGREPORT "http://bugzilla.gnome.org/enter_bug.cgi?product=gtk%2B"
| #define PACKAGE_URL ""
| #define STDC_HEADERS 1
| #define HAVE_SYS_TYPES_H 1
| #define HAVE_SYS_STAT_H 1
| #define HAVE_STDLIB_H 1
| #define HAVE_STRING_H 1
| #define HAVE_MEMORY_H 1
| #define HAVE_STRINGS_H 1
| #define HAVE_INTTYPES_H 1
| #define HAVE_STDINT_H 1
| #define HAVE_UNISTD_H 1
| #define __EXTENSIONS__ 1
| #define _ALL_SOURCE 1
| #define _GNU_SOURCE 1
| #define _POSIX_PTHREAD_SEMANTICS 1
| #define _TANDEM_SOURCE 1
| #define HAVE_CFPREFERENCESCOPYAPPVALUE 1
| #define HAVE_CFLOCALECOPYCURRENT 1
| #define HAVE_ICONV 1
| #define GETTEXT_PACKAGE "gtk30"
| #define HAVE_DLFCN_H 1
| #define LT_OBJDIR ".libs/"
| /* end confdefs.h.  */
| 
| /* Override any GCC internal prototype to avoid an error.
|    Use char because int might match the return type of a GCC
|    builtin and then its argument prototype would still apply.  */
| #ifdef __cplusplus
| extern "C"
| #endif
| char shm_open ();
| int
| main ()
| {
| return shm_open ();
|   ;
|   return 0;
| }
configure:23048: result: no
configure:23061: checking for posix_fallocate
configure:23061: gcc -o conftest -g -O2   conftest.c  >&5
Undefined symbols for architecture arm64:
  "_posix_fallocate", referenced from:
      _main in conftest-9fef36.o
ld: symbol(s) not found for architecture arm64
clang: error: linker command failed with exit code 1 (use -v to see invocation)
configure:23061: $? = 1
configure: failed program was:
| /* confdefs.h */
| #define PACKAGE_NAME "gtk+"
| #define PACKAGE_TARNAME "gtk+"
| #define PACKAGE_VERSION "3.22.30"
| #define PACKAGE_STRING "gtk+ 3.22.30"
| #define PACKAGE_BUGREPORT "http://bugzilla.gnome.org/enter_bug.cgi?product=gtk%2B"
| #define PACKAGE_URL ""
| #define STDC_HEADERS 1
| #define HAVE_SYS_TYPES_H 1
| #define HAVE_SYS_STAT_H 1
| #define HAVE_STDLIB_H 1
| #define HAVE_STRING_H 1
| #define HAVE_MEMORY_H 1
| #define HAVE_STRINGS_H 1
| #define HAVE_INTTYPES_H 1
| #define HAVE_STDINT_H 1
| #define HAVE_UNISTD_H 1
| #define __EXTENSIONS__ 1
| #define _ALL_SOURCE 1
| #define _GNU_SOURCE 1
| #define _POSIX_PTHREAD_SEMANTICS 1
| #define _TANDEM_SOURCE 1
| #define HAVE_CFPREFERENCESCOPYAPPVALUE 1
| #define HAVE_CFLOCALECOPYCURRENT 1
| #define HAVE_ICONV 1
| #define GETTEXT_PACKAGE "gtk30"
| #define HAVE_DLFCN_H 1
| #define LT_OBJDIR ".libs/"
| /* end confdefs.h.  */
| /* Define posix_fallocate to an innocuous variant, in case <limits.h> declares posix_fallocate.
|    For example, HP-UX 11i <limits.h> declares gettimeofday.  */
| #define posix_fallocate innocuous_posix_fallocate
| 
| /* System header to define __stub macros and hopefully few prototypes,
|     which can conflict with char posix_fallocate (); below.
|     Prefer <limits.h> to <assert.h> if __STDC__ is defined, since
|     <limits.h> exists even on freestanding compilers.  */
| 
| #ifdef __STDC__
| # include <limits.h>
| #else
| # include <assert.h>
| #endif
| 
| #undef posix_fallocate
| 
| /* Override any GCC internal prototype to avoid an error.
|    Use char because int might match the return type of a GCC
|    builtin and then its argument prototype would still apply.  */
| #ifdef __cplusplus
| extern "C"
| #endif
| char posix_fallocate ();
| /* The GNU C library defines this for functions which it implements
|     to always fail with ENOSYS.  Some functions are actually named
|     something starting with __ and the normal name is an alias.  */
| #if defined __stub_posix_fallocate || defined __stub___posix_fallocate
| choke me
| #endif
| 
| int
| main ()
| {
| return posix_fallocate ();
|   ;
|   return 0;
| }
configure:23061: result: no
configure:23061: checking for flockfile
configure:23061: gcc -o conftest -g -O2   conftest.c  >&5
configure:23061: $? = 0
configure:23061: result: yes
configure:23061: checking for _lock_file
configure:23061: gcc -o conftest -g -O2   conftest.c  >&5
Undefined symbols for architecture arm64:
  "__lock_file", referenced from:
      _main in conftest-704dc8.o
ld: symbol(s) not found for architecture arm64
clang: error: linker command failed with exit code 1 (use -v to see invocation)
configure:23061: $? = 1
configure: failed program was:
| /* confdefs.h */
| #define PACKAGE_NAME "gtk+"
| #define PACKAGE_TARNAME "gtk+"
| #define PACKAGE_VERSION "3.22.30"
| #define PACKAGE_STRING "gtk+ 3.22.30"
| #define PACKAGE_BUGREPORT "http://bugzilla.gnome.org/enter_bug.cgi?product=gtk%2B"
| #define PACKAGE_URL ""
| #define STDC_HEADERS 1
| #define HAVE_SYS_TYPES_H 1
| #define HAVE_SYS_STAT_H 1
| #define HAVE_STDLIB_H 1
| #define HAVE_STRING_H 1
| #define HAVE_MEMORY_H 1
| #define HAVE_STRINGS_H 1
| #define HAVE_INTTYPES_H 1
| #define HAVE_STDINT_H 1
| #define HAVE_UNISTD_H 1
| #define __EXTENSIONS__ 1
| #define _ALL_SOURCE 1
| #define _GNU_SOURCE 1
| #define _POSIX_PTHREAD_SEMANTICS 1
| #define _TANDEM_SOURCE 1
| #define HAVE_CFPREFERENCESCOPYAPPVALUE 1
| #define HAVE_CFLOCALECOPYCURRENT 1
| #define HAVE_ICONV 1
| #define GETTEXT_PACKAGE "gtk30"
| #define HAVE_DLFCN_H 1
| #define LT_OBJDIR ".libs/"
| #define HAVE_FLOCKFILE 1
| /* end confdefs.h.  */
| /* Define _lock_file to an innocuous variant, in case <limits.h> declares _lock_file.
|    For example, HP-UX 11i <limits.h> declares gettimeofday.  */
| #define _lock_file innocuous__lock_file
| 
| /* System header to define __stub macros and hopefully few prototypes,
|     which can conflict with char _lock_file (); below.
|     Prefer <limits.h> to <assert.h> if __STDC__ is defined, since
|     <limits.h> exists even on freestanding compilers.  */
| 
| #ifdef __STDC__
| # include <limits.h>
| #else
| # include <assert.h>
| #endif
| 
| #undef _lock_file
| 
| /* Override any GCC internal prototype to avoid an error.
|    Use char because int might match the return type of a GCC
|    builtin and then its argument prototype would still apply.  */
| #ifdef __cplusplus
| extern "C"
| #endif
| char _lock_file ();
| /* The GNU C library defines this for functions which it implements
|     to always fail with ENOSYS.  Some functions are actually named
|     something starting with __ and the normal name is an alias.  */
| #if defined __stub__lock_file || defined __stub____lock_file
| choke me
| #endif
| 
| int
| main ()
| {
| return _lock_file ();
|   ;
|   return 0;
| }
configure:23061: result: no
configure:23151: checking for pkg-config
configure:23169: found /opt/homebrew/bin/pkg-config
configure:23181: result: /opt/homebrew/bin/pkg-config
configure:23206: checking pkg-config is at least version 0.9.0
configure:23209: result: yes
configure:23428: checking whether build environment is sane
configure:23483: result: yes
configure:23562: checking for BASE_DEPENDENCIES
configure:23569: $PKG_CONFIG --exists --print-errors "glib-2.0 >= 2.49.4    atk >= 2.15.1    pango >= 1.37.3    cairo >= 1.14.0    cairo-gobject >= 1.14.0    gdk-pixbuf-2.0 >= 2.30.0"
configure:23572: $? = 0
configure:23586: $PKG_CONFIG --exists --print-errors "glib-2.0 >= 2.49.4    atk >= 2.15.1    pango >= 1.37.3    cairo >= 1.14.0    cairo-gobject >= 1.14.0    gdk-pixbuf-2.0 >= 2.30.0"
configure:23589: $? = 0
configure:23647: result: yes
configure:23654: checking for CAIRO_BACKEND
configure:23661: $PKG_CONFIG --exists --print-errors "$cairo_backends"
configure:23664: $? = 0
configure:23678: $PKG_CONFIG --exists --print-errors "$cairo_backends"
configure:23681: $? = 0
configure:23739: result: yes
configure:23895: checking for GMODULE
configure:23902: $PKG_CONFIG --exists --print-errors "gmodule-2.0"
configure:23905: $? = 0
configure:23919: $PKG_CONFIG --exists --print-errors "gmodule-2.0"
configure:23922: $? = 0
configure:23980: result: yes
configure:23994: checking whether to write dependencies into .pc files
configure:24011: result: no
configure:24030: checking for perl5
configure:24063: result: no
configure:24030: checking for perl
configure:24048: found /usr/bin/perl
configure:24060: result: /usr/bin/perl
configure:24075: checking for lstat
configure:24075: gcc -o conftest -g -O2 -g -Wall   conftest.c  >&5
configure:24075: $? = 0
configure:24075: result: yes
configure:24075: checking for mkstemp
configure:24075: gcc -o conftest -g -O2 -g -Wall   conftest.c  >&5
configure:24075: $? = 0
configure:24075: result: yes
configure:24086: checking for localtime_r
configure:24086: gcc -o conftest -g -O2 -g -Wall   conftest.c  >&5
configure:24086: $? = 0
configure:24086: result: yes
configure:24097: checking for _NL_TIME_FIRST_WEEKDAY
configure:24111: gcc -o conftest -g -O2 -g -Wall   conftest.c  >&5
conftest.c:39:72: error: use of undeclared identifier '_NL_TIME_FIRST_WEEKDAY'
   39 |                                   c = *((unsigned char *)  nl_langinfo(_NL_TIME_FIRST_WEEKDAY));
      |                                                                        ^
1 error generated.
configure:24111: $? = 1
configure: failed program was:
| /* confdefs.h */
| #define PACKAGE_NAME "gtk+"
| #define PACKAGE_TARNAME "gtk+"
| #define PACKAGE_VERSION "3.22.30"
| #define PACKAGE_STRING "gtk+ 3.22.30"
| #define PACKAGE_BUGREPORT "http://bugzilla.gnome.org/enter_bug.cgi?product=gtk%2B"
| #define PACKAGE_URL ""
| #define STDC_HEADERS 1
| #define HAVE_SYS_TYPES_H 1
| #define HAVE_SYS_STAT_H 1
| #define HAVE_STDLIB_H 1
| #define HAVE_STRING_H 1
| #define HAVE_MEMORY_H 1
| #define HAVE_STRINGS_H 1
| #define HAVE_INTTYPES_H 1
| #define HAVE_STDINT_H 1
| #define HAVE_UNISTD_H 1
| #define __EXTENSIONS__ 1
| #define _ALL_SOURCE 1
| #define _GNU_SOURCE 1
| #define _POSIX_PTHREAD_SEMANTICS 1
| #define _TANDEM_SOURCE 1
| #define HAVE_CFPREFERENCESCOPYAPPVALUE 1
| #define HAVE_CFLOCALECOPYCURRENT 1
| #define HAVE_ICONV 1
| #define GETTEXT_PACKAGE "gtk30"
| #define HAVE_DLFCN_H 1
| #define LT_OBJDIR ".libs/"
| #define HAVE_FLOCKFILE 1
| #define HAVE_LSTAT 1
| #define HAVE_MKSTEMP 1
| #define HAVE_LOCALTIME_R 1
| /* end confdefs.h.  */
| #include <langinfo.h>
| int
| main ()
| {
| char c;
|                                   c = *((unsigned char *)  nl_langinfo(_NL_TIME_FIRST_WEEKDAY));
|   ;
|   return 0;
| }
configure:24118: result: no
configure:24127: checking for _NL_MEASUREMENT_MEASUREMENT
configure:24141: gcc -o conftest -g -O2 -g -Wall   conftest.c  >&5
conftest.c:39:72: error: use of undeclared identifier '_NL_MEASUREMENT_MEASUREMENT'
   39 |                                   c = *((unsigned char *)  nl_langinfo(_NL_MEASUREMENT_MEASUREMENT));
      |                                                                        ^
1 error generated.
configure:24141: $? = 1
configure: failed program was:
| /* confdefs.h */
| #define PACKAGE_NAME "gtk+"
| #define PACKAGE_TARNAME "gtk+"
| #define PACKAGE_VERSION "3.22.30"
| #define PACKAGE_STRING "gtk+ 3.22.30"
| #define PACKAGE_BUGREPORT "http://bugzilla.gnome.org/enter_bug.cgi?product=gtk%2B"
| #define PACKAGE_URL ""
| #define STDC_HEADERS 1
| #define HAVE_SYS_TYPES_H 1
| #define HAVE_SYS_STAT_H 1
| #define HAVE_STDLIB_H 1
| #define HAVE_STRING_H 1
| #define HAVE_MEMORY_H 1
| #define HAVE_STRINGS_H 1
| #define HAVE_INTTYPES_H 1
| #define HAVE_STDINT_H 1
| #define HAVE_UNISTD_H 1
| #define __EXTENSIONS__ 1
| #define _ALL_SOURCE 1
| #define _GNU_SOURCE 1
| #define _POSIX_PTHREAD_SEMANTICS 1
| #define _TANDEM_SOURCE 1
| #define HAVE_CFPREFERENCESCOPYAPPVALUE 1
| #define HAVE_CFLOCALECOPYCURRENT 1
| #define HAVE_ICONV 1
| #define GETTEXT_PACKAGE "gtk30"
| #define HAVE_DLFCN_H 1
| #define LT_OBJDIR ".libs/"
| #define HAVE_FLOCKFILE 1
| #define HAVE_LSTAT 1
| #define HAVE_MKSTEMP 1
| #define HAVE_LOCALTIME_R 1
| /* end confdefs.h.  */
| #include <langinfo.h>
| int
| main ()
| {
| char c;
|                                   c = *((unsigned char *)  nl_langinfo(_NL_MEASUREMENT_MEASUREMENT));
|   ;
|   return 0;
| }
configure:24148: result: no
configure:24157: checking for _NL_PAPER_HEIGHT
configure:24171: gcc -o conftest -g -O2 -g -Wall   conftest.c  >&5
conftest.c:39:72: error: use of undeclared identifier '_NL_PAPER_HEIGHT'
   39 |                                   c = *((unsigned char *)  nl_langinfo(_NL_PAPER_HEIGHT));
      |                                                                        ^
1 error generated.
configure:24171: $? = 1
configure: failed program was:
| /* confdefs.h */
| #define PACKAGE_NAME "gtk+"
| #define PACKAGE_TARNAME "gtk+"
| #define PACKAGE_VERSION "3.22.30"
| #define PACKAGE_STRING "gtk+ 3.22.30"
| #define PACKAGE_BUGREPORT "http://bugzilla.gnome.org/enter_bug.cgi?product=gtk%2B"
| #define PACKAGE_URL ""
| #define STDC_HEADERS 1
| #define HAVE_SYS_TYPES_H 1
| #define HAVE_SYS_STAT_H 1
| #define HAVE_STDLIB_H 1
| #define HAVE_STRING_H 1
| #define HAVE_MEMORY_H 1
| #define HAVE_STRINGS_H 1
| #define HAVE_INTTYPES_H 1
| #define HAVE_STDINT_H 1
| #define HAVE_UNISTD_H 1
| #define __EXTENSIONS__ 1
| #define _ALL_SOURCE 1
| #define _GNU_SOURCE 1
| #define _POSIX_PTHREAD_SEMANTICS 1
| #define _TANDEM_SOURCE 1
| #define HAVE_CFPREFERENCESCOPYAPPVALUE 1
| #define HAVE_CFLOCALECOPYCURRENT 1
| #define HAVE_ICONV 1
| #define GETTEXT_PACKAGE "gtk30"
| #define HAVE_DLFCN_H 1
| #define LT_OBJDIR ".libs/"
| #define HAVE_FLOCKFILE 1
| #define HAVE_LSTAT 1
| #define HAVE_MKSTEMP 1
| #define HAVE_LOCALTIME_R 1
| /* end confdefs.h.  */
| #include <langinfo.h>
| int
| main ()
| {
| char c;
|                                   c = *((unsigned char *)  nl_langinfo(_NL_PAPER_HEIGHT));
|   ;
|   return 0;
| }
configure:24178: result: no
configure:24187: checking for _NL_PAPER_WIDTH
configure:24201: gcc -o conftest -g -O2 -g -Wall   conftest.c  >&5
conftest.c:39:72: error: use of undeclared identifier '_NL_PAPER_WIDTH'
   39 |                                   c = *((unsigned char *)  nl_langinfo(_NL_PAPER_WIDTH));
      |                                                                        ^
1 error generated.
configure:24201: $? = 1
configure: failed program was:
| /* confdefs.h */
| #define PACKAGE_NAME "gtk+"
| #define PACKAGE_TARNAME "gtk+"
| #define PACKAGE_VERSION "3.22.30"
| #define PACKAGE_STRING "gtk+ 3.22.30"
| #define PACKAGE_BUGREPORT "http://bugzilla.gnome.org/enter_bug.cgi?product=gtk%2B"
| #define PACKAGE_URL ""
| #define STDC_HEADERS 1
| #define HAVE_SYS_TYPES_H 1
| #define HAVE_SYS_STAT_H 1
| #define HAVE_STDLIB_H 1
| #define HAVE_STRING_H 1
| #define HAVE_MEMORY_H 1
| #define HAVE_STRINGS_H 1
| #define HAVE_INTTYPES_H 1
| #define HAVE_STDINT_H 1
| #define HAVE_UNISTD_H 1
| #define __EXTENSIONS__ 1
| #define _ALL_SOURCE 1
| #define _GNU_SOURCE 1
| #define _POSIX_PTHREAD_SEMANTICS 1
| #define _TANDEM_SOURCE 1
| #define HAVE_CFPREFERENCESCOPYAPPVALUE 1
| #define HAVE_CFLOCALECOPYCURRENT 1
| #define HAVE_ICONV 1
| #define GETTEXT_PACKAGE "gtk30"
| #define HAVE_DLFCN_H 1
| #define LT_OBJDIR ".libs/"
| #define HAVE_FLOCKFILE 1
| #define HAVE_LSTAT 1
| #define HAVE_MKSTEMP 1
| #define HAVE_LOCALTIME_R 1
| /* end confdefs.h.  */
| #include <langinfo.h>
| int
| main ()
| {
| char c;
|                                   c = *((unsigned char *)  nl_langinfo(_NL_PAPER_WIDTH));
|   ;
|   return 0;
| }
configure:24208: result: no
configure:24218: checking for extra flags to get ANSI library prototypes
configure:24232: gcc -o conftest -g -O2 -g -Wall   conftest.c   -lm >&5
configure:24232: $? = 0
configure:24232: ./conftest
configure:24232: $? = 0
configure:24233: result: none needed
configure:24268: checking for the BeOS
configure:24277: result: no
configure:24382: checking for HP-UX
configure:24391: result: no
configure:24484: checking for pkg-config
configure:24514: result: /opt/homebrew/bin/pkg-config
configure:24539: checking pkg-config is at least version 0.16
configure:24542: result: yes
configure:24559: checking for GLIB - version >= 2.49.4
configure:24671: gcc -o conftest -g -O2 -g -Wall -I/opt/homebrew/Cellar/glib/2.86.1/include -I/Library/Developer/CommandLineTools/SDKs/MacOSX26.sdk/usr/include/ffi -I/opt/homebrew/Cellar/glib/2.86.1/include/glib-2.0 -I/opt/homebrew/Cellar/glib/2.86.1/lib/glib-2.0/include -I/opt/homebrew/opt/gettext/include -I/opt/homebrew/Cellar/pcre2/10.47/include   conftest.c -L/opt/homebrew/Cellar/glib/2.86.1/lib -lgobject-2.0 -lgmodule-2.0 -lglib-2.0 -L/opt/homebrew/opt/gettext/lib -lintl   >&5
configure:24671: $? = 0
configure:24671: ./conftest
configure:24671: $? = 0
configure:24685: result: yes (version 2.86.1)
configure:24762: checking for pkg-config
configure:24780: found /opt/homebrew/bin/pkg-config
configure:24792: result: /opt/homebrew/bin/pkg-config
configure:24803: checking build system's pkg-config is at least version 0.16
configure:24806: result: yes
configure:24823: checking for bind_textdomain_codeset
configure:24823: gcc -o conftest -g -O2 -g -Wall   conftest.c   -L/opt/homebrew/Cellar/glib/2.86.1/lib -lgobject-2.0 -lgmodule-2.0 -lglib-2.0 -L/opt/homebrew/opt/gettext/lib -lintl >&5
configure:24823: $? = 0
configure:24823: result: yes
configure:24836: checking linux/memfd.h usability
configure:24836: gcc -c -g -O2 -g -Wall  conftest.c >&5
conftest.c:68:10: fatal error: 'linux/memfd.h' file not found
   68 | #include <linux/memfd.h>
      |          ^~~~~~~~~~~~~~~
1 error generated.
configure:24836: $? = 1
configure: failed program was:
| /* confdefs.h */
| #define PACKAGE_NAME "gtk+"
| #define PACKAGE_TARNAME "gtk+"
| #define PACKAGE_VERSION "3.22.30"
| #define PACKAGE_STRING "gtk+ 3.22.30"
| #define PACKAGE_BUGREPORT "http://bugzilla.gnome.org/enter_bug.cgi?product=gtk%2B"
| #define PACKAGE_URL ""
| #define STDC_HEADERS 1
| #define HAVE_SYS_TYPES_H 1
| #define HAVE_SYS_STAT_H 1
| #define HAVE_STDLIB_H 1
| #define HAVE_STRING_H 1
| #define HAVE_MEMORY_H 1
| #define HAVE_STRINGS_H 1
| #define HAVE_INTTYPES_H 1
| #define HAVE_STDINT_H 1
| #define HAVE_UNISTD_H 1
| #define __EXTENSIONS__ 1
| #define _ALL_SOURCE 1
| #define _GNU_SOURCE 1
| #define _POSIX_PTHREAD_SEMANTICS 1
| #define _TANDEM_SOURCE 1
| #define HAVE_CFPREFERENCESCOPYAPPVALUE 1
| #define HAVE_CFLOCALECOPYCURRENT 1
| #define HAVE_ICONV 1
| #define GETTEXT_PACKAGE "gtk30"
| #define HAVE_DLFCN_H 1
| #define LT_OBJDIR ".libs/"
| #define HAVE_FLOCKFILE 1
| #define HAVE_LSTAT 1
| #define HAVE_MKSTEMP 1
| #define HAVE_LOCALTIME_R 1
| #define HAVE_BIND_TEXTDOMAIN_CODESET 1
| /* end confdefs.h.  */
| #include <stdio.h>
| #ifdef HAVE_SYS_TYPES_H
| # include <sys/types.h>
| #endif
| #ifdef HAVE_SYS_STAT_H
| # include <sys/stat.h>
| #endif
| #ifdef STDC_HEADERS
| # include <stdlib.h>
| # include <stddef.h>
| #else
| # ifdef HAVE_STDLIB_H
| #  include <stdlib.h>
| # endif
| #endif
| #ifdef HAVE_STRING_H
| # if !defined STDC_HEADERS && defined HAVE_MEMORY_H
| #  include <memory.h>
| # endif
| # include <string.h>
| #endif
| #ifdef HAVE_STRINGS_H
| # include <strings.h>
| #endif
| #ifdef HAVE_INTTYPES_H
| # include <inttypes.h>
| #endif
| #ifdef HAVE_STDINT_H
| # include <stdint.h>
| #endif
| #ifdef HAVE_UNISTD_H
| # include <unistd.h>
| #endif
| #include <linux/memfd.h>
configure:24836: result: no
configure:24836: checking linux/memfd.h presence
configure:24836: gcc -E  conftest.c
conftest.c:35:10: fatal error: 'linux/memfd.h' file not found
   35 | #include <linux/memfd.h>
      |          ^~~~~~~~~~~~~~~
1 error generated.
configure:24836: $? = 1
configure: failed program was:
| /* confdefs.h */
| #define PACKAGE_NAME "gtk+"
| #define PACKAGE_TARNAME "gtk+"
| #define PACKAGE_VERSION "3.22.30"
| #define PACKAGE_STRING "gtk+ 3.22.30"
| #define PACKAGE_BUGREPORT "http://bugzilla.gnome.org/enter_bug.cgi?product=gtk%2B"
| #define PACKAGE_URL ""
| #define STDC_HEADERS 1
| #define HAVE_SYS_TYPES_H 1
| #define HAVE_SYS_STAT_H 1
| #define HAVE_STDLIB_H 1
| #define HAVE_STRING_H 1
| #define HAVE_MEMORY_H 1
| #define HAVE_STRINGS_H 1
| #define HAVE_INTTYPES_H 1
| #define HAVE_STDINT_H 1
| #define HAVE_UNISTD_H 1
| #define __EXTENSIONS__ 1
| #define _ALL_SOURCE 1
| #define _GNU_SOURCE 1
| #define _POSIX_PTHREAD_SEMANTICS 1
| #define _TANDEM_SOURCE 1
| #define HAVE_CFPREFERENCESCOPYAPPVALUE 1
| #define HAVE_CFLOCALECOPYCURRENT 1
| #define HAVE_ICONV 1
| #define GETTEXT_PACKAGE "gtk30"
| #define HAVE_DLFCN_H 1
| #define LT_OBJDIR ".libs/"
| #define HAVE_FLOCKFILE 1
| #define HAVE_LSTAT 1
| #define HAVE_MKSTEMP 1
| #define HAVE_LOCALTIME_R 1
| #define HAVE_BIND_TEXTDOMAIN_CODESET 1
| /* end confdefs.h.  */
| #include <linux/memfd.h>
configure:24836: result: no
configure:24836: checking for linux/memfd.h
configure:24836: result: no
configure:24850: checking sys/mman.h usability
configure:24850: gcc -c -g -O2 -g -Wall  conftest.c >&5
configure:24850: $? = 0
configure:24850: result: yes
configure:24850: checking sys/mman.h presence
configure:24850: gcc -E  conftest.c
configure:24850: $? = 0
configure:24850: result: yes
configure:24850: checking for sys/mman.h
configure:24850: result: yes
configure:24864: checking sys/time.h usability
configure:24864: gcc -c -g -O2 -g -Wall  conftest.c >&5
configure:24864: $? = 0
configure:24864: result: yes
configure:24864: checking sys/time.h presence
configure:24864: gcc -E  conftest.c
configure:24864: $? = 0
configure:24864: result: yes
configure:24864: checking for sys/time.h
configure:24864: result: yes
configure:24878: checking for unistd.h
configure:24878: result: yes
configure:24892: checking ftw.h usability
configure:24892: gcc -c -g -O2 -g -Wall  conftest.c >&5
configure:24892: $? = 0
configure:24892: result: yes
configure:24892: checking ftw.h presence
configure:24892: gcc -E  conftest.c
configure:24892: $? = 0
configure:24892: result: yes
configure:24892: checking for ftw.h
configure:24892: result: yes
configure:24905: checking for GNU ftw extensions
configure:24920: gcc -c -g -O2 -g -Wall  conftest.c >&5
conftest.c:44:46: warning: '_GNU_SOURCE' macro redefined [-Wmacro-redefined]
   44 |                                      #define _GNU_SOURCE
      |                                              ^
conftest.c:20:9: note: previous definition is here
   20 | #define _GNU_SOURCE 1
      |         ^
conftest.c:49:13: error: use of undeclared identifier 'FTW_ACTIONRETVAL'
   49 | int flags = FTW_ACTIONRETVAL;
      |             ^
1 warning and 1 error generated.
configure:24920: $? = 1
configure: failed program was:
| /* confdefs.h */
| #define PACKAGE_NAME "gtk+"
| #define PACKAGE_TARNAME "gtk+"
| #define PACKAGE_VERSION "3.22.30"
| #define PACKAGE_STRING "gtk+ 3.22.30"
| #define PACKAGE_BUGREPORT "http://bugzilla.gnome.org/enter_bug.cgi?product=gtk%2B"
| #define PACKAGE_URL ""
| #define STDC_HEADERS 1
| #define HAVE_SYS_TYPES_H 1
| #define HAVE_SYS_STAT_H 1
| #define HAVE_STDLIB_H 1
| #define HAVE_STRING_H 1
| #define HAVE_MEMORY_H 1
| #define HAVE_STRINGS_H 1
| #define HAVE_INTTYPES_H 1
| #define HAVE_STDINT_H 1
| #define HAVE_UNISTD_H 1
| #define __EXTENSIONS__ 1
| #define _ALL_SOURCE 1
| #define _GNU_SOURCE 1
| #define _POSIX_PTHREAD_SEMANTICS 1
| #define _TANDEM_SOURCE 1
| #define HAVE_CFPREFERENCESCOPYAPPVALUE 1
| #define HAVE_CFLOCALECOPYCURRENT 1
| #define HAVE_ICONV 1
| #define GETTEXT_PACKAGE "gtk30"
| #define HAVE_DLFCN_H 1
| #define LT_OBJDIR ".libs/"
| #define HAVE_FLOCKFILE 1
| #define HAVE_LSTAT 1
| #define HAVE_MKSTEMP 1
| #define HAVE_LOCALTIME_R 1
| #define HAVE_BIND_TEXTDOMAIN_CODESET 1
| #define HAVE_SYS_MMAN_H 1
| #define HAVE_SYS_MMAN_H 1
| #define HAVE_SYS_TIME_H 1
| #define HAVE_SYS_TIME_H 1
| #define HAVE_UNISTD_H 1
| #define HAVE_UNISTD_H 1
| #define HAVE_FTW_H 1
| #define HAVE_FTW_H 1
| /* end confdefs.h.  */
| #define _XOPEN_SOURCE 500
|                                      #define _GNU_SOURCE
|                                      #include <ftw.h>
| int
| main ()
| {
| int flags = FTW_ACTIONRETVAL;
|   ;
|   return 0;
| }
configure:24933: result: no
configure:24963: checking for stdlib.h
configure:24963: result: yes
configure:24963: checking for unistd.h
configure:24963: result: yes
configure:24963: checking for sys/param.h
configure:24963: gcc -c -g -O2 -g -Wall  conftest.c >&5
configure:24963: $? = 0
configure:24963: result: yes
configure:24983: checking for getpagesize
configure:24983: gcc -o conftest -g -O2 -g -Wall   conftest.c   >&5
configure:24983: $? = 0
configure:24983: result: yes
configure:24992: checking for working mmap
configure:25139: gcc -o conftest -g -O2 -g -Wall   conftest.c   >&5
configure:25139: $? = 0
configure:25139: ./conftest
configure:25139: $? = 0
configure:25149: result: yes
configure:25161: checking for mallinfo
configure:25161: gcc -o conftest -g -O2 -g -Wall   conftest.c   >&5
Undefined symbols for architecture arm64:
  "_mallinfo", referenced from:
      _main in conftest-41207a.o
ld: symbol(s) not found for architecture arm64
clang: error: linker command failed with exit code 1 (use -v to see invocation)
configure:25161: $? = 1
configure: failed program was:
| /* confdefs.h */
| #define PACKAGE_NAME "gtk+"
| #define PACKAGE_TARNAME "gtk+"
| #define PACKAGE_VERSION "3.22.30"
| #define PACKAGE_STRING "gtk+ 3.22.30"
| #define PACKAGE_BUGREPORT "http://bugzilla.gnome.org/enter_bug.cgi?product=gtk%2B"
| #define PACKAGE_URL ""
| #define STDC_HEADERS 1
| #define HAVE_SYS_TYPES_H 1
| #define HAVE_SYS_STAT_H 1
| #define HAVE_STDLIB_H 1
| #define HAVE_STRING_H 1
| #define HAVE_MEMORY_H 1
| #define HAVE_STRINGS_H 1
| #define HAVE_INTTYPES_H 1
| #define HAVE_STDINT_H 1
| #define HAVE_UNISTD_H 1
| #define __EXTENSIONS__ 1
| #define _ALL_SOURCE 1
| #define _GNU_SOURCE 1
| #define _POSIX_PTHREAD_SEMANTICS 1
| #define _TANDEM_SOURCE 1
| #define HAVE_CFPREFERENCESCOPYAPPVALUE 1
| #define HAVE_CFLOCALECOPYCURRENT 1
| #define HAVE_ICONV 1
| #define GETTEXT_PACKAGE "gtk30"
| #define HAVE_DLFCN_H 1
| #define LT_OBJDIR ".libs/"
| #define HAVE_FLOCKFILE 1
| #define HAVE_LSTAT 1
| #define HAVE_MKSTEMP 1
| #define HAVE_LOCALTIME_R 1
| #define HAVE_BIND_TEXTDOMAIN_CODESET 1
| #define HAVE_SYS_MMAN_H 1
| #define HAVE_SYS_MMAN_H 1
| #define HAVE_SYS_TIME_H 1
| #define HAVE_SYS_TIME_H 1
| #define HAVE_UNISTD_H 1
| #define HAVE_UNISTD_H 1
| #define HAVE_FTW_H 1
| #define HAVE_FTW_H 1
| #define GLIB_DISABLE_DEPRECATION_WARNINGS 1
| #define HAVE_STDLIB_H 1
| #define HAVE_UNISTD_H 1
| #define HAVE_SYS_PARAM_H 1
| #define HAVE_GETPAGESIZE 1
| #define HAVE_MMAP 1
| /* end confdefs.h.  */
| /* Define mallinfo to an innocuous variant, in case <limits.h> declares mallinfo.
|    For example, HP-UX 11i <limits.h> declares gettimeofday.  */
| #define mallinfo innocuous_mallinfo
| 
| /* System header to define __stub macros and hopefully few prototypes,
|     which can conflict with char mallinfo (); below.
|     Prefer <limits.h> to <assert.h> if __STDC__ is defined, since
|     <limits.h> exists even on freestanding compilers.  */
| 
| #ifdef __STDC__
| # include <limits.h>
| #else
| # include <assert.h>
| #endif
| 
| #undef mallinfo
| 
| /* Override any GCC internal prototype to avoid an error.
|    Use char because int might match the return type of a GCC
|    builtin and then its argument prototype would still apply.  */
| #ifdef __cplusplus
| extern "C"
| #endif
| char mallinfo ();
| /* The GNU C library defines this for functions which it implements
|     to always fail with ENOSYS.  Some functions are actually named
|     something starting with __ and the normal name is an alias.  */
| #if defined __stub_mallinfo || defined __stub___mallinfo
| choke me
| #endif
| 
| int
| main ()
| {
| return mallinfo ();
|   ;
|   return 0;
| }
configure:25161: result: no
configure:25172: checking for getresuid
configure:25172: gcc -o conftest -g -O2 -g -Wall   conftest.c   >&5
Undefined symbols for architecture arm64:
  "_getresuid", referenced from:
      _main in conftest-9e6bec.o
ld: symbol(s) not found for architecture arm64
clang: error: linker command failed with exit code 1 (use -v to see invocation)
configure:25172: $? = 1
configure: failed program was:
| /* confdefs.h */
| #define PACKAGE_NAME "gtk+"
| #define PACKAGE_TARNAME "gtk+"
| #define PACKAGE_VERSION "3.22.30"
| #define PACKAGE_STRING "gtk+ 3.22.30"
| #define PACKAGE_BUGREPORT "http://bugzilla.gnome.org/enter_bug.cgi?product=gtk%2B"
| #define PACKAGE_URL ""
| #define STDC_HEADERS 1
| #define HAVE_SYS_TYPES_H 1
| #define HAVE_SYS_STAT_H 1
| #define HAVE_STDLIB_H 1
| #define HAVE_STRING_H 1
| #define HAVE_MEMORY_H 1
| #define HAVE_STRINGS_H 1
| #define HAVE_INTTYPES_H 1
| #define HAVE_STDINT_H 1
| #define HAVE_UNISTD_H 1
| #define __EXTENSIONS__ 1
| #define _ALL_SOURCE 1
| #define _GNU_SOURCE 1
| #define _POSIX_PTHREAD_SEMANTICS 1
| #define _TANDEM_SOURCE 1
| #define HAVE_CFPREFERENCESCOPYAPPVALUE 1
| #define HAVE_CFLOCALECOPYCURRENT 1
| #define HAVE_ICONV 1
| #define GETTEXT_PACKAGE "gtk30"
| #define HAVE_DLFCN_H 1
| #define LT_OBJDIR ".libs/"
| #define HAVE_FLOCKFILE 1
| #define HAVE_LSTAT 1
| #define HAVE_MKSTEMP 1
| #define HAVE_LOCALTIME_R 1
| #define HAVE_BIND_TEXTDOMAIN_CODESET 1
| #define HAVE_SYS_MMAN_H 1
| #define HAVE_SYS_MMAN_H 1
| #define HAVE_SYS_TIME_H 1
| #define HAVE_SYS_TIME_H 1
| #define HAVE_UNISTD_H 1
| #define HAVE_UNISTD_H 1
| #define HAVE_FTW_H 1
| #define HAVE_FTW_H 1
| #define GLIB_DISABLE_DEPRECATION_WARNINGS 1
| #define HAVE_STDLIB_H 1
| #define HAVE_UNISTD_H 1
| #define HAVE_SYS_PARAM_H 1
| #define HAVE_GETPAGESIZE 1
| #define HAVE_MMAP 1
| /* end confdefs.h.  */
| /* Define getresuid to an innocuous variant, in case <limits.h> declares getresuid.
|    For example, HP-UX 11i <limits.h> declares gettimeofday.  */
| #define getresuid innocuous_getresuid
| 
| /* System header to define __stub macros and hopefully few prototypes,
|     which can conflict with char getresuid (); below.
|     Prefer <limits.h> to <assert.h> if __STDC__ is defined, since
|     <limits.h> exists even on freestanding compilers.  */
| 
| #ifdef __STDC__
| # include <limits.h>
| #else
| # include <assert.h>
| #endif
| 
| #undef getresuid
| 
| /* Override any GCC internal prototype to avoid an error.
|    Use char because int might match the return type of a GCC
|    builtin and then its argument prototype would still apply.  */
| #ifdef __cplusplus
| extern "C"
| #endif
| char getresuid ();
| /* The GNU C library defines this for functions which it implements
|     to always fail with ENOSYS.  Some functions are actually named
|     something starting with __ and the normal name is an alias.  */
| #if defined __stub_getresuid || defined __stub___getresuid
| choke me
| #endif
| 
| int
| main ()
| {
| return getresuid ();
|   ;
|   return 0;
| }
configure:25172: result: no
configure:25181: checking for uid_t in sys/types.h
configure:25200: result: yes
configure:25213: checking for round in -lm
configure:25238: gcc -o conftest -g -O2 -g -Wall   conftest.c -lm    >&5
conftest.c:56:6: warning: incompatible redeclaration of library function 'round' [-Wincompatible-library-redeclaration]
   56 | char round ();
      |      ^
conftest.c:56:6: note: 'round' is a builtin with type 'double (double)'
1 warning generated.
configure:25238: $? = 0
configure:25247: result: yes
configure:25261: checking for round
configure:25261: gcc -o conftest -g -O2 -g -Wall   conftest.c -lm   >&5
conftest.c:73:6: warning: incompatible redeclaration of library function 'round' [-Wincompatible-library-redeclaration]
   73 | char round ();
      |      ^
conftest.c:73:6: note: 'round' is a builtin with type 'double (double)'
1 warning generated.
configure:25261: $? = 0
configure:25261: result: yes
configure:25261: checking for rint
configure:25261: gcc -o conftest -g -O2 -g -Wall   conftest.c -lm   >&5
conftest.c:74:6: warning: incompatible redeclaration of library function 'rint' [-Wincompatible-library-redeclaration]
   74 | char rint ();
      |      ^
conftest.c:74:6: note: 'rint' is a builtin with type 'double (double)'
1 warning generated.
configure:25261: $? = 0
configure:25261: result: yes
configure:25261: checking for nearbyint
configure:25261: gcc -o conftest -g -O2 -g -Wall   conftest.c -lm   >&5
conftest.c:75:6: warning: incompatible redeclaration of library function 'nearbyint' [-Wincompatible-library-redeclaration]
   75 | char nearbyint ();
      |      ^
conftest.c:75:6: note: 'nearbyint' is a builtin with type 'double (double)'
1 warning generated.
configure:25261: $? = 0
configure:25261: result: yes
configure:25261: checking for sincos
configure:25261: gcc -o conftest -g -O2 -g -Wall   conftest.c -lm   >&5
Undefined symbols for architecture arm64:
  "_sincos", referenced from:
      _main in conftest-df79b3.o
ld: symbol(s) not found for architecture arm64
clang: error: linker command failed with exit code 1 (use -v to see invocation)
configure:25261: $? = 1
configure: failed program was:
| /* confdefs.h */
| #define PACKAGE_NAME "gtk+"
| #define PACKAGE_TARNAME "gtk+"
| #define PACKAGE_VERSION "3.22.30"
| #define PACKAGE_STRING "gtk+ 3.22.30"
| #define PACKAGE_BUGREPORT "http://bugzilla.gnome.org/enter_bug.cgi?product=gtk%2B"
| #define PACKAGE_URL ""
| #define STDC_HEADERS 1
| #define HAVE_SYS_TYPES_H 1
| #define HAVE_SYS_STAT_H 1
| #define HAVE_STDLIB_H 1
| #define HAVE_STRING_H 1
| #define HAVE_MEMORY_H 1
| #define HAVE_STRINGS_H 1
| #define HAVE_INTTYPES_H 1
| #define HAVE_STDINT_H 1
| #define HAVE_UNISTD_H 1
| #define __EXTENSIONS__ 1
| #define _ALL_SOURCE 1
| #define _GNU_SOURCE 1
| #define _POSIX_PTHREAD_SEMANTICS 1
| #define _TANDEM_SOURCE 1
| #define HAVE_CFPREFERENCESCOPYAPPVALUE 1
| #define HAVE_CFLOCALECOPYCURRENT 1
| #define HAVE_ICONV 1
| #define GETTEXT_PACKAGE "gtk30"
| #define HAVE_DLFCN_H 1
| #define LT_OBJDIR ".libs/"
| #define HAVE_FLOCKFILE 1
| #define HAVE_LSTAT 1
| #define HAVE_MKSTEMP 1
| #define HAVE_LOCALTIME_R 1
| #define HAVE_BIND_TEXTDOMAIN_CODESET 1
| #define HAVE_SYS_MMAN_H 1
| #define HAVE_SYS_MMAN_H 1
| #define HAVE_SYS_TIME_H 1
| #define HAVE_SYS_TIME_H 1
| #define HAVE_UNISTD_H 1
| #define HAVE_UNISTD_H 1
| #define HAVE_FTW_H 1
| #define HAVE_FTW_H 1
| #define GLIB_DISABLE_DEPRECATION_WARNINGS 1
| #define HAVE_STDLIB_H 1
| #define HAVE_UNISTD_H 1
| #define HAVE_SYS_PARAM_H 1
| #define HAVE_GETPAGESIZE 1
| #define HAVE_MMAP 1
| #define HAVE_LIBM 1
| #define HAVE_ROUND 1
| #define HAVE_RINT 1
| #define HAVE_NEARBYINT 1
| /* end confdefs.h.  */
| /* Define sincos to an innocuous variant, in case <limits.h> declares sincos.
|    For example, HP-UX 11i <limits.h> declares gettimeofday.  */
| #define sincos innocuous_sincos
| 
| /* System header to define __stub macros and hopefully few prototypes,
|     which can conflict with char sincos (); below.
|     Prefer <limits.h> to <assert.h> if __STDC__ is defined, since
|     <limits.h> exists even on freestanding compilers.  */
| 
| #ifdef __STDC__
| # include <limits.h>
| #else
| # include <assert.h>
| #endif
| 
| #undef sincos
| 
| /* Override any GCC internal prototype to avoid an error.
|    Use char because int might match the return type of a GCC
|    builtin and then its argument prototype would still apply.  */
| #ifdef __cplusplus
| extern "C"
| #endif
| char sincos ();
| /* The GNU C library defines this for functions which it implements
|     to always fail with ENOSYS.  Some functions are actually named
|     something starting with __ and the normal name is an alias.  */
| #if defined __stub_sincos || defined __stub___sincos
| choke me
| #endif
| 
| int
| main ()
| {
| return sincos ();
|   ;
|   return 0;
| }
configure:25261: result: no
configure:25261: checking for exp2
configure:25261: gcc -o conftest -g -O2 -g -Wall   conftest.c -lm   >&5
conftest.c:76:6: warning: incompatible redeclaration of library function 'exp2' [-Wincompatible-library-redeclaration]
   76 | char exp2 ();
      |      ^
conftest.c:76:6: note: 'exp2' is a builtin with type 'double (double)'
1 warning generated.
configure:25261: $? = 0
configure:25261: result: yes
configure:25261: checking for log2
configure:25261: gcc -o conftest -g -O2 -g -Wall   conftest.c -lm   >&5
conftest.c:77:6: warning: incompatible redeclaration of library function 'log2' [-Wincompatible-library-redeclaration]
   77 | char log2 ();
      |      ^
conftest.c:77:6: note: 'log2' is a builtin with type 'double (double)'
1 warning generated.
configure:25261: $? = 0
configure:25261: result: yes
configure:25270: checking whether isnan is declared
configure:25270: gcc -c -g -O2 -g -Wall  conftest.c >&5
configure:25270: $? = 0
configure:25270: result: yes
configure:25281: checking whether isinf is declared
configure:25281: gcc -c -g -O2 -g -Wall  conftest.c >&5
configure:25281: $? = 0
configure:25281: result: yes
configure:25297: checking crt_externs.h usability
configure:25297: gcc -c -g -O2 -g -Wall  conftest.c >&5
configure:25297: $? = 0
configure:25297: result: yes
configure:25297: checking crt_externs.h presence
configure:25297: gcc -E  conftest.c
configure:25297: $? = 0
configure:25297: result: yes
configure:25297: checking for crt_externs.h
configure:25297: result: yes
configure:25309: checking for _NSGetEnviron
configure:25309: gcc -o conftest -g -O2 -g -Wall   conftest.c -lm   >&5
configure:25309: $? = 0
configure:25309: result: yes
configure:25319: checking whether to build dynamic modules
configure:25335: result: yes
configure:25337: checking whether dynamic modules work
configure:25362: result: yes
configure:25383: checking immodules to build
configure:25412: result: am-et,cedilla,cyrillic-translit,inuktitut,ipa,multipress,thai,ti-er,ti-et,viqr,quartz,broadway
configure:25567: checking sys/systeminfo.h usability
configure:25567: gcc -c -g -O2 -g -Wall  conftest.c >&5
conftest.c:93:10: fatal error: 'sys/systeminfo.h' file not found
   93 | #include <sys/systeminfo.h>
      |          ^~~~~~~~~~~~~~~~~~
1 error generated.
configure:25567: $? = 1
configure: failed program was:
| /* confdefs.h */
| #define PACKAGE_NAME "gtk+"
| #define PACKAGE_TARNAME "gtk+"
| #define PACKAGE_VERSION "3.22.30"
| #define PACKAGE_STRING "gtk+ 3.22.30"
| #define PACKAGE_BUGREPORT "http://bugzilla.gnome.org/enter_bug.cgi?product=gtk%2B"
| #define PACKAGE_URL ""
| #define STDC_HEADERS 1
| #define HAVE_SYS_TYPES_H 1
| #define HAVE_SYS_STAT_H 1
| #define HAVE_STDLIB_H 1
| #define HAVE_STRING_H 1
| #define HAVE_MEMORY_H 1
| #define HAVE_STRINGS_H 1
| #define HAVE_INTTYPES_H 1
| #define HAVE_STDINT_H 1
| #define HAVE_UNISTD_H 1
| #define __EXTENSIONS__ 1
| #define _ALL_SOURCE 1
| #define _GNU_SOURCE 1
| #define _POSIX_PTHREAD_SEMANTICS 1
| #define _TANDEM_SOURCE 1
| #define HAVE_CFPREFERENCESCOPYAPPVALUE 1
| #define HAVE_CFLOCALECOPYCURRENT 1
| #define HAVE_ICONV 1
| #define GETTEXT_PACKAGE "gtk30"
| #define HAVE_DLFCN_H 1
| #define LT_OBJDIR ".libs/"
| #define HAVE_FLOCKFILE 1
| #define HAVE_LSTAT 1
| #define HAVE_MKSTEMP 1
| #define HAVE_LOCALTIME_R 1
| #define HAVE_BIND_TEXTDOMAIN_CODESET 1
| #define HAVE_SYS_MMAN_H 1
| #define HAVE_SYS_MMAN_H 1
| #define HAVE_SYS_TIME_H 1
| #define HAVE_SYS_TIME_H 1
| #define HAVE_UNISTD_H 1
| #define HAVE_UNISTD_H 1
| #define HAVE_FTW_H 1
| #define HAVE_FTW_H 1
| #define GLIB_DISABLE_DEPRECATION_WARNINGS 1
| #define HAVE_STDLIB_H 1
| #define HAVE_UNISTD_H 1
| #define HAVE_SYS_PARAM_H 1
| #define HAVE_GETPAGESIZE 1
| #define HAVE_MMAP 1
| #define HAVE_LIBM 1
| #define HAVE_ROUND 1
| #define HAVE_RINT 1
| #define HAVE_NEARBYINT 1
| #define HAVE_EXP2 1
| #define HAVE_LOG2 1
| #define HAVE_DECL_ISNAN 1
| #define HAVE_DECL_ISINF 1
| #define HAVE_CRT_EXTERNS_H 1
| #define HAVE__NSGETENVIRON 1
| #define USE_GMODULE 1
| /* end confdefs.h.  */
| #include <stdio.h>
| #ifdef HAVE_SYS_TYPES_H
| # include <sys/types.h>
| #endif
| #ifdef HAVE_SYS_STAT_H
| # include <sys/stat.h>
| #endif
| #ifdef STDC_HEADERS
| # include <stdlib.h>
| # include <stddef.h>
| #else
| # ifdef HAVE_STDLIB_H
| #  include <stdlib.h>
| # endif
| #endif
| #ifdef HAVE_STRING_H
| # if !defined STDC_HEADERS && defined HAVE_MEMORY_H
| #  include <memory.h>
| # endif
| # include <string.h>
| #endif
| #ifdef HAVE_STRINGS_H
| # include <strings.h>
| #endif
| #ifdef HAVE_INTTYPES_H
| # include <inttypes.h>
| #endif
| #ifdef HAVE_STDINT_H
| # include <stdint.h>
| #endif
| #ifdef HAVE_UNISTD_H
| # include <unistd.h>
| #endif
| #include <sys/systeminfo.h>
configure:25567: result: no
configure:25567: checking sys/systeminfo.h presence
configure:25567: gcc -E  conftest.c
conftest.c:60:10: fatal error: 'sys/systeminfo.h' file not found
   60 | #include <sys/systeminfo.h>
      |          ^~~~~~~~~~~~~~~~~~
1 error generated.
configure:25567: $? = 1
configure: failed program was:
| /* confdefs.h */
| #define PACKAGE_NAME "gtk+"
| #define PACKAGE_TARNAME "gtk+"
| #define PACKAGE_VERSION "3.22.30"
| #define PACKAGE_STRING "gtk+ 3.22.30"
| #define PACKAGE_BUGREPORT "http://bugzilla.gnome.org/enter_bug.cgi?product=gtk%2B"
| #define PACKAGE_URL ""
| #define STDC_HEADERS 1
| #define HAVE_SYS_TYPES_H 1
| #define HAVE_SYS_STAT_H 1
| #define HAVE_STDLIB_H 1
| #define HAVE_STRING_H 1
| #define HAVE_MEMORY_H 1
| #define HAVE_STRINGS_H 1
| #define HAVE_INTTYPES_H 1
| #define HAVE_STDINT_H 1
| #define HAVE_UNISTD_H 1
| #define __EXTENSIONS__ 1
| #define _ALL_SOURCE 1
| #define _GNU_SOURCE 1
| #define _POSIX_PTHREAD_SEMANTICS 1
| #define _TANDEM_SOURCE 1
| #define HAVE_CFPREFERENCESCOPYAPPVALUE 1
| #define HAVE_CFLOCALECOPYCURRENT 1
| #define HAVE_ICONV 1
| #define GETTEXT_PACKAGE "gtk30"
| #define HAVE_DLFCN_H 1
| #define LT_OBJDIR ".libs/"
| #define HAVE_FLOCKFILE 1
| #define HAVE_LSTAT 1
| #define HAVE_MKSTEMP 1
| #define HAVE_LOCALTIME_R 1
| #define HAVE_BIND_TEXTDOMAIN_CODESET 1
| #define HAVE_SYS_MMAN_H 1
| #define HAVE_SYS_MMAN_H 1
| #define HAVE_SYS_TIME_H 1
| #define HAVE_SYS_TIME_H 1
| #define HAVE_UNISTD_H 1
| #define HAVE_UNISTD_H 1
| #define HAVE_FTW_H 1
| #define HAVE_FTW_H 1
| #define GLIB_DISABLE_DEPRECATION_WARNINGS 1
| #define HAVE_STDLIB_H 1
| #define HAVE_UNISTD_H 1
| #define HAVE_SYS_PARAM_H 1
| #define HAVE_GETPAGESIZE 1
| #define HAVE_MMAP 1
| #define HAVE_LIBM 1
| #define HAVE_ROUND 1
| #define HAVE_RINT 1
| #define HAVE_NEARBYINT 1
| #define HAVE_EXP2 1
| #define HAVE_LOG2 1
| #define HAVE_DECL_ISNAN 1
| #define HAVE_DECL_ISINF 1
| #define HAVE_CRT_EXTERNS_H 1
| #define HAVE__NSGETENVIRON 1
| #define USE_GMODULE 1
| /* end confdefs.h.  */
| #include <sys/systeminfo.h>
configure:25567: result: no
configure:25567: checking for sys/systeminfo.h
configure:25567: result: no
configure:25575: checking sys/sysinfo.h usability
configure:25575: gcc -c -g -O2 -g -Wall  conftest.c >&5
conftest.c:93:10: fatal error: 'sys/sysinfo.h' file not found
   93 | #include <sys/sysinfo.h>
      |          ^~~~~~~~~~~~~~~
1 error generated.
configure:25575: $? = 1
configure: failed program was:
| /* confdefs.h */
| #define PACKAGE_NAME "gtk+"
| #define PACKAGE_TARNAME "gtk+"
| #define PACKAGE_VERSION "3.22.30"
| #define PACKAGE_STRING "gtk+ 3.22.30"
| #define PACKAGE_BUGREPORT "http://bugzilla.gnome.org/enter_bug.cgi?product=gtk%2B"
| #define PACKAGE_URL ""
| #define STDC_HEADERS 1
| #define HAVE_SYS_TYPES_H 1
| #define HAVE_SYS_STAT_H 1
| #define HAVE_STDLIB_H 1
| #define HAVE_STRING_H 1
| #define HAVE_MEMORY_H 1
| #define HAVE_STRINGS_H 1
| #define HAVE_INTTYPES_H 1
| #define HAVE_STDINT_H 1
| #define HAVE_UNISTD_H 1
| #define __EXTENSIONS__ 1
| #define _ALL_SOURCE 1
| #define _GNU_SOURCE 1
| #define _POSIX_PTHREAD_SEMANTICS 1
| #define _TANDEM_SOURCE 1
| #define HAVE_CFPREFERENCESCOPYAPPVALUE 1
| #define HAVE_CFLOCALECOPYCURRENT 1
| #define HAVE_ICONV 1
| #define GETTEXT_PACKAGE "gtk30"
| #define HAVE_DLFCN_H 1
| #define LT_OBJDIR ".libs/"
| #define HAVE_FLOCKFILE 1
| #define HAVE_LSTAT 1
| #define HAVE_MKSTEMP 1
| #define HAVE_LOCALTIME_R 1
| #define HAVE_BIND_TEXTDOMAIN_CODESET 1
| #define HAVE_SYS_MMAN_H 1
| #define HAVE_SYS_MMAN_H 1
| #define HAVE_SYS_TIME_H 1
| #define HAVE_SYS_TIME_H 1
| #define HAVE_UNISTD_H 1
| #define HAVE_UNISTD_H 1
| #define HAVE_FTW_H 1
| #define HAVE_FTW_H 1
| #define GLIB_DISABLE_DEPRECATION_WARNINGS 1
| #define HAVE_STDLIB_H 1
| #define HAVE_UNISTD_H 1
| #define HAVE_SYS_PARAM_H 1
| #define HAVE_GETPAGESIZE 1
| #define HAVE_MMAP 1
| #define HAVE_LIBM 1
| #define HAVE_ROUND 1
| #define HAVE_RINT 1
| #define HAVE_NEARBYINT 1
| #define HAVE_EXP2 1
| #define HAVE_LOG2 1
| #define HAVE_DECL_ISNAN 1
| #define HAVE_DECL_ISINF 1
| #define HAVE_CRT_EXTERNS_H 1
| #define HAVE__NSGETENVIRON 1
| #define USE_GMODULE 1
| /* end confdefs.h.  */
| #include <stdio.h>
| #ifdef HAVE_SYS_TYPES_H
| # include <sys/types.h>
| #endif
| #ifdef HAVE_SYS_STAT_H
| # include <sys/stat.h>
| #endif
| #ifdef STDC_HEADERS
| # include <stdlib.h>
| # include <stddef.h>
| #else
| # ifdef HAVE_STDLIB_H
| #  include <stdlib.h>
| # endif
| #endif
| #ifdef HAVE_STRING_H
| # if !defined STDC_HEADERS && defined HAVE_MEMORY_H
| #  include <memory.h>
| # endif
| # include <string.h>
| #endif
| #ifdef HAVE_STRINGS_H
| # include <strings.h>
| #endif
| #ifdef HAVE_INTTYPES_H
| # include <inttypes.h>
| #endif
| #ifdef HAVE_STDINT_H
| # include <stdint.h>
| #endif
| #ifdef HAVE_UNISTD_H
| # include <unistd.h>
| #endif
| #include <sys/sysinfo.h>
configure:25575: result: no
configure:25575: checking sys/sysinfo.h presence
configure:25575: gcc -E  conftest.c
conftest.c:60:10: fatal error: 'sys/sysinfo.h' file not found
   60 | #include <sys/sysinfo.h>
      |          ^~~~~~~~~~~~~~~
1 error generated.
configure:25575: $? = 1
configure: failed program was:
| /* confdefs.h */
| #define PACKAGE_NAME "gtk+"
| #define PACKAGE_TARNAME "gtk+"
| #define PACKAGE_VERSION "3.22.30"
| #define PACKAGE_STRING "gtk+ 3.22.30"
| #define PACKAGE_BUGREPORT "http://bugzilla.gnome.org/enter_bug.cgi?product=gtk%2B"
| #define PACKAGE_URL ""
| #define STDC_HEADERS 1
| #define HAVE_SYS_TYPES_H 1
| #define HAVE_SYS_STAT_H 1
| #define HAVE_STDLIB_H 1
| #define HAVE_STRING_H 1
| #define HAVE_MEMORY_H 1
| #define HAVE_STRINGS_H 1
| #define HAVE_INTTYPES_H 1
| #define HAVE_STDINT_H 1
| #define HAVE_UNISTD_H 1
| #define __EXTENSIONS__ 1
| #define _ALL_SOURCE 1
| #define _GNU_SOURCE 1
| #define _POSIX_PTHREAD_SEMANTICS 1
| #define _TANDEM_SOURCE 1
| #define HAVE_CFPREFERENCESCOPYAPPVALUE 1
| #define HAVE_CFLOCALECOPYCURRENT 1
| #define HAVE_ICONV 1
| #define GETTEXT_PACKAGE "gtk30"
| #define HAVE_DLFCN_H 1
| #define LT_OBJDIR ".libs/"
| #define HAVE_FLOCKFILE 1
| #define HAVE_LSTAT 1
| #define HAVE_MKSTEMP 1
| #define HAVE_LOCALTIME_R 1
| #define HAVE_BIND_TEXTDOMAIN_CODESET 1
| #define HAVE_SYS_MMAN_H 1
| #define HAVE_SYS_MMAN_H 1
| #define HAVE_SYS_TIME_H 1
| #define HAVE_SYS_TIME_H 1
| #define HAVE_UNISTD_H 1
| #define HAVE_UNISTD_H 1
| #define HAVE_FTW_H 1
| #define HAVE_FTW_H 1
| #define GLIB_DISABLE_DEPRECATION_WARNINGS 1
| #define HAVE_STDLIB_H 1
| #define HAVE_UNISTD_H 1
| #define HAVE_SYS_PARAM_H 1
| #define HAVE_GETPAGESIZE 1
| #define HAVE_MMAP 1
| #define HAVE_LIBM 1
| #define HAVE_ROUND 1
| #define HAVE_RINT 1
| #define HAVE_NEARBYINT 1
| #define HAVE_EXP2 1
| #define HAVE_LOG2 1
| #define HAVE_DECL_ISNAN 1
| #define HAVE_DECL_ISINF 1
| #define HAVE_CRT_EXTERNS_H 1
| #define HAVE__NSGETENVIRON 1
| #define USE_GMODULE 1
| /* end confdefs.h.  */
| #include <sys/sysinfo.h>
configure:25575: result: no
configure:25575: checking for sys/sysinfo.h
configure:25575: result: no
configure:26755: checking Pango flags
configure:26761: result: -I/opt/homebrew/Cellar/pango/1.57.0_1/include/pango-1.0 -I/opt/homebrew/Cellar/cairo/1.18.4/include/cairo -I/opt/homebrew/Cellar/libxext/1.3.6/include -I/opt/homebrew/Cellar/xorgproto/2024.1/include -I/opt/homebrew/Cellar/libxrender/0.9.12/include -I/opt/homebrew/Cellar/libx11/1.8.12/include -I/opt/homebrew/Cellar/libxcb/1.17.0/include -I/opt/homebrew/Cellar/libxau/1.0.12/include -I/opt/homebrew/Cellar/libxdmcp/1.1.5/include -I/opt/homebrew/Cellar/pixman/0.46.4/include/pixman-1 -I/opt/homebrew/Cellar/glib/2.86.1/include -I/opt/homebrew/Cellar/fribidi/1.0.16/include/fribidi -I/opt/homebrew/Cellar/fontconfig/2.17.1/include -I/opt/homebrew/Cellar/harfbuzz/12.1.0/include/harfbuzz -I/opt/homebrew/opt/freetype/include/freetype2 -I/opt/homebrew/opt/libpng/include/libpng16 -I/opt/homebrew/Cellar/graphite2/1.3.14/include -I/opt/homebrew/Cellar/glib/2.86.1/include/glib-2.0 -I/opt/homebrew/Cellar/glib/2.86.1/lib/glib-2.0/include -I/opt/homebrew/opt/gettext/include -I/opt/homebrew/Cellar/pcre2/10.47/include -I/Library/Developer/CommandLineTools/SDKs/MacOSX26.sdk/usr/include/ffi -L/opt/homebrew/Cellar/pango/1.57.0_1/lib -lpangocairo-1.0 -lpango-1.0 -L/opt/homebrew/Cellar/cairo/1.18.4/lib -lcairo -L/opt/homebrew/Cellar/harfbuzz/12.1.0/lib -lharfbuzz -L/opt/homebrew/Cellar/glib/2.86.1/lib -lgobject-2.0 -lglib-2.0 -L/opt/homebrew/opt/gettext/lib -lintl
configure:26795: gcc -o conftest -g -O2 -g -Wall -I/opt/homebrew/Cellar/pango/1.57.0_1/include/pango-1.0 -I/opt/homebrew/Cellar/cairo/1.18.4/include/cairo -I/opt/homebrew/Cellar/libxext/1.3.6/include -I/opt/homebrew/Cellar/xorgproto/2024.1/include -I/opt/homebrew/Cellar/libxrender/0.9.12/include -I/opt/homebrew/Cellar/libx11/1.8.12/include -I/opt/homebrew/Cellar/libxcb/1.17.0/include -I/opt/homebrew/Cellar/libxau/1.0.12/include -I/opt/homebrew/Cellar/libxdmcp/1.1.5/include -I/opt/homebrew/Cellar/pixman/0.46.4/include/pixman-1 -I/opt/homebrew/Cellar/glib/2.86.1/include -I/opt/homebrew/Cellar/fribidi/1.0.16/include/fribidi -I/opt/homebrew/Cellar/fontconfig/2.17.1/include -I/opt/homebrew/Cellar/harfbuzz/12.1.0/include/harfbuzz -I/opt/homebrew/opt/freetype/include/freetype2 -I/opt/homebrew/opt/libpng/include/libpng16 -I/opt/homebrew/Cellar/graphite2/1.3.14/include -I/opt/homebrew/Cellar/glib/2.86.1/include/glib-2.0 -I/opt/homebrew/Cellar/glib/2.86.1/lib/glib-2.0/include -I/opt/homebrew/opt/gettext/include -I/opt/homebrew/Cellar/pcre2/10.47/include -I/Library/Developer/CommandLineTools/SDKs/MacOSX26.sdk/usr/include/ffi   conftest.c -L/opt/homebrew/Cellar/pango/1.57.0_1/lib -lpangocairo-1.0 -lpango-1.0 -L/opt/homebrew/Cellar/cairo/1.18.4/lib -lcairo -L/opt/homebrew/Cellar/harfbuzz/12.1.0/lib -lharfbuzz -L/opt/homebrew/Cellar/glib/2.86.1/lib -lgobject-2.0 -lglib-2.0 -L/opt/homebrew/opt/gettext/lib -lintl -lm   >&5
configure:26795: $? = 0
configure:26830: checking for GDK_DEP
configure:26837: $PKG_CONFIG --exists --print-errors "$GDK_PACKAGES $GDK_PRIVATE_PACKAGES"
configure:26840: $? = 0
configure:26854: $PKG_CONFIG --exists --print-errors "$GDK_PACKAGES $GDK_PRIVATE_PACKAGES"
configure:26857: $? = 0
configure:26915: result: yes
configure:26949: checking for ATK
configure:26956: $PKG_CONFIG --exists --print-errors "$ATK_PACKAGES"
configure:26959: $? = 0
configure:26973: $PKG_CONFIG --exists --print-errors "$ATK_PACKAGES"
configure:26976: $? = 0
configure:27034: result: yes
configure:27052: checking for GTK_DEP
configure:27059: $PKG_CONFIG --exists --print-errors "$PANGO_PACKAGES $GTK_PACKAGES_FOR_X $GTK_PACKAGES $GTK_PRIVATE_PACKAGES"
configure:27062: $? = 0
configure:27076: $PKG_CONFIG --exists --print-errors "$PANGO_PACKAGES $GTK_PACKAGES_FOR_X $GTK_PACKAGES $GTK_PRIVATE_PACKAGES"
configure:27079: $? = 0
configure:27137: result: yes
configure:27185: checking for library containing gethostent
configure:27216: gcc -o conftest -g -O2 -g -Wall   conftest.c -lm   >&5
configure:27216: $? = 0
configure:27233: result: none required
configure:27241: checking for library containing setsockopt
configure:27272: gcc -o conftest -g -O2 -g -Wall   conftest.c -lm   >&5
configure:27272: $? = 0
configure:27289: result: none required
configure:27297: checking for library containing connect
configure:27328: gcc -o conftest -g -O2 -g -Wall   conftest.c -lm   >&5
configure:27328: $? = 0
configure:27345: result: none required
configure:27354: checking for struct sockaddr_un.sun_len
configure:27354: gcc -c -g -O2 -g -Wall  conftest.c >&5
configure:27354: $? = 0
configure:27354: result: yes
configure:27451: checking for cups-config
configure:27469: found /usr/bin/cups-config
configure:27481: result: /usr/bin/cups-config
configure:27543: checking cups/cups.h usability
configure:27543: gcc -c -g -O2 -g -Wall  conftest.c >&5
configure:27543: $? = 0
configure:27543: result: yes
configure:27543: checking cups/cups.h presence
configure:27543: gcc -E  conftest.c
configure:27543: $? = 0
configure:27543: result: yes
configure:27543: checking for cups/cups.h
configure:27543: result: yes
configure:27576: gcc -c   conftest.c >&5
conftest.c:67:8: error: variable has incomplete type 'http_t' (aka 'struct _http_s')
   67 | http_t http; char *s = http.authstring;
      |        ^
/Applications/Xcode.app/Contents/Developer/Platforms/MacOSX.platform/Developer/SDKs/MacOSX.sdk/usr/include/cups/http.h:436:16: note: forward declaration of 'struct _http_s'
  436 | typedef struct _http_s http_t;          /**** HTTP connection type ****/
      |                ^
1 error generated.
configure:27576: $? = 1
configure: failed program was:
| /* confdefs.h */
| #define PACKAGE_NAME "gtk+"
| #define PACKAGE_TARNAME "gtk+"
| #define PACKAGE_VERSION "3.22.30"
| #define PACKAGE_STRING "gtk+ 3.22.30"
| #define PACKAGE_BUGREPORT "http://bugzilla.gnome.org/enter_bug.cgi?product=gtk%2B"
| #define PACKAGE_URL ""
| #define STDC_HEADERS 1
| #define HAVE_SYS_TYPES_H 1
| #define HAVE_SYS_STAT_H 1
| #define HAVE_STDLIB_H 1
| #define HAVE_STRING_H 1
| #define HAVE_MEMORY_H 1
| #define HAVE_STRINGS_H 1
| #define HAVE_INTTYPES_H 1
| #define HAVE_STDINT_H 1
| #define HAVE_UNISTD_H 1
| #define __EXTENSIONS__ 1
| #define _ALL_SOURCE 1
| #define _GNU_SOURCE 1
| #define _POSIX_PTHREAD_SEMANTICS 1
| #define _TANDEM_SOURCE 1
| #define HAVE_CFPREFERENCESCOPYAPPVALUE 1
| #define HAVE_CFLOCALECOPYCURRENT 1
| #define HAVE_ICONV 1
| #define GETTEXT_PACKAGE "gtk30"
| #define HAVE_DLFCN_H 1
| #define LT_OBJDIR ".libs/"
| #define HAVE_FLOCKFILE 1
| #define HAVE_LSTAT 1
| #define HAVE_MKSTEMP 1
| #define HAVE_LOCALTIME_R 1
| #define HAVE_BIND_TEXTDOMAIN_CODESET 1
| #define HAVE_SYS_MMAN_H 1
| #define HAVE_SYS_MMAN_H 1
| #define HAVE_SYS_TIME_H 1
| #define HAVE_SYS_TIME_H 1
| #define HAVE_UNISTD_H 1
| #define HAVE_UNISTD_H 1
| #define HAVE_FTW_H 1
| #define HAVE_FTW_H 1
| #define GLIB_DISABLE_DEPRECATION_WARNINGS 1
| #define HAVE_STDLIB_H 1
| #define HAVE_UNISTD_H 1
| #define HAVE_SYS_PARAM_H 1
| #define HAVE_GETPAGESIZE 1
| #define HAVE_MMAP 1
| #define HAVE_LIBM 1
| #define HAVE_ROUND 1
| #define HAVE_RINT 1
| #define HAVE_NEARBYINT 1
| #define HAVE_EXP2 1
| #define HAVE_LOG2 1
| #define HAVE_DECL_ISNAN 1
| #define HAVE_DECL_ISINF 1
| #define HAVE_CRT_EXTERNS_H 1
| #define HAVE__NSGETENVIRON 1
| #define USE_GMODULE 1
| #define HAVE_GIO_UNIX 1
| #define HAVE_SOCKADDR_UN_SUN_LEN 1
| #define HAVE_CUPS_API_1_6 1
| /* end confdefs.h.  */
| #include <cups/http.h>
| int
| main ()
| {
| http_t http; char *s = http.authstring;
|   ;
|   return 0;
| }
configure:27590: checking for httpGetAuthString
configure:27590: gcc -o conftest -g -O2 -g -Wall   conftest.c -lcups >&5
configure:27590: $? = 0
configure:27590: result: yes
configure:27624: checking libpapi
configure:27626: checking for papiServiceCreate in -lpapi
configure:27651: gcc -o conftest -g -O2 -g -Wall   conftest.c -lpapi  -lm   >&5
ld: library 'papi' not found
clang: error: linker command failed with exit code 1 (use -v to see invocation)
configure:27651: $? = 1
configure: failed program was:
| /* confdefs.h */
| #define PACKAGE_NAME "gtk+"
| #define PACKAGE_TARNAME "gtk+"
| #define PACKAGE_VERSION "3.22.30"
| #define PACKAGE_STRING "gtk+ 3.22.30"
| #define PACKAGE_BUGREPORT "http://bugzilla.gnome.org/enter_bug.cgi?product=gtk%2B"
| #define PACKAGE_URL ""
| #define STDC_HEADERS 1
| #define HAVE_SYS_TYPES_H 1
| #define HAVE_SYS_STAT_H 1
| #define HAVE_STDLIB_H 1
| #define HAVE_STRING_H 1
| #define HAVE_MEMORY_H 1
| #define HAVE_STRINGS_H 1
| #define HAVE_INTTYPES_H 1
| #define HAVE_STDINT_H 1
| #define HAVE_UNISTD_H 1
| #define __EXTENSIONS__ 1
| #define _ALL_SOURCE 1
| #define _GNU_SOURCE 1
| #define _POSIX_PTHREAD_SEMANTICS 1
| #define _TANDEM_SOURCE 1
| #define HAVE_CFPREFERENCESCOPYAPPVALUE 1
| #define HAVE_CFLOCALECOPYCURRENT 1
| #define HAVE_ICONV 1
| #define GETTEXT_PACKAGE "gtk30"
| #define HAVE_DLFCN_H 1
| #define LT_OBJDIR ".libs/"
| #define HAVE_FLOCKFILE 1
| #define HAVE_LSTAT 1
| #define HAVE_MKSTEMP 1
| #define HAVE_LOCALTIME_R 1
| #define HAVE_BIND_TEXTDOMAIN_CODESET 1
| #define HAVE_SYS_MMAN_H 1
| #define HAVE_SYS_MMAN_H 1
| #define HAVE_SYS_TIME_H 1
| #define HAVE_SYS_TIME_H 1
| #define HAVE_UNISTD_H 1
| #define HAVE_UNISTD_H 1
| #define HAVE_FTW_H 1
| #define HAVE_FTW_H 1
| #define GLIB_DISABLE_DEPRECATION_WARNINGS 1
| #define HAVE_STDLIB_H 1
| #define HAVE_UNISTD_H 1
| #define HAVE_SYS_PARAM_H 1
| #define HAVE_GETPAGESIZE 1
| #define HAVE_MMAP 1
| #define HAVE_LIBM 1
| #define HAVE_ROUND 1
| #define HAVE_RINT 1
| #define HAVE_NEARBYINT 1
| #define HAVE_EXP2 1
| #define HAVE_LOG2 1
| #define HAVE_DECL_ISNAN 1
| #define HAVE_DECL_ISINF 1
| #define HAVE_CRT_EXTERNS_H 1
| #define HAVE__NSGETENVIRON 1
| #define USE_GMODULE 1
| #define HAVE_GIO_UNIX 1
| #define HAVE_SOCKADDR_UN_SUN_LEN 1
| #define HAVE_CUPS_API_1_6 1
| #define HAVE_HTTPGETAUTHSTRING 1
| /* end confdefs.h.  */
| 
| /* Override any GCC internal prototype to avoid an error.
|    Use char because int might match the return type of a GCC
|    builtin and then its argument prototype would still apply.  */
| #ifdef __cplusplus
| extern "C"
| #endif
| char papiServiceCreate ();
| int
| main ()
| {
| return papiServiceCreate ();
|   ;
|   return 0;
| }
configure:27660: result: no
configure:27712: checking for REST
configure:27719: $PKG_CONFIG --exists --print-errors "rest-0.7"
Package rest-0.7 was not found in the pkg-config search path.
Perhaps you should add the directory containing `rest-0.7.pc'
to the PKG_CONFIG_PATH environment variable
Package 'rest-0.7' not found
configure:27722: $? = 1
configure:27736: $PKG_CONFIG --exists --print-errors "rest-0.7"
Package rest-0.7 was not found in the pkg-config search path.
Perhaps you should add the directory containing `rest-0.7.pc'
to the PKG_CONFIG_PATH environment variable
Package 'rest-0.7' not found
configure:27739: $? = 1
configure:27753: result: no
Package 'rest-0.7' not found
configure:27783: checking for JSON_GLIB
configure:27790: $PKG_CONFIG --exists --print-errors "json-glib-1.0"
Package json-glib-1.0 was not found in the pkg-config search path.
Perhaps you should add the directory containing `json-glib-1.0.pc'
to the PKG_CONFIG_PATH environment variable
Package 'json-glib-1.0' not found
configure:27793: $? = 1
configure:27807: $PKG_CONFIG --exists --print-errors "json-glib-1.0"
Package json-glib-1.0 was not found in the pkg-config search path.
Perhaps you should add the directory containing `json-glib-1.0.pc'
to the PKG_CONFIG_PATH environment variable
Package 'json-glib-1.0' not found
configure:27810: $? = 1
configure:27824: result: no
Package 'json-glib-1.0' not found
configure:27881: checking cairo-pdf.h usability
configure:27881: gcc -c -g -O2 -g -Wall  -I/opt/homebrew/Cellar/pango/1.57.0_1/include/pango-1.0 -I/opt/homebrew/Cellar/fribidi/1.0.16/include/fribidi -I/opt/homebrew/Cellar/harfbuzz/12.1.0/include/harfbuzz -I/opt/homebrew/Cellar/graphite2/1.3.14/include -I/opt/homebrew/Cellar/cairo/1.18.4/include/cairo -I/opt/homebrew/Cellar/fontconfig/2.17.1/include -I/opt/homebrew/opt/freetype/include/freetype2 -I/opt/homebrew/Cellar/libxext/1.3.6/include -I/opt/homebrew/Cellar/xorgproto/2024.1/include -I/opt/homebrew/Cellar/libxrender/0.9.12/include -I/opt/homebrew/Cellar/libx11/1.8.12/include -I/opt/homebrew/Cellar/libxcb/1.17.0/include -I/opt/homebrew/Cellar/libxau/1.0.12/include -I/opt/homebrew/Cellar/libxdmcp/1.1.5/include -I/opt/homebrew/Cellar/pixman/0.46.4/include/pixman-1 -I/opt/homebrew/include/gdk-pixbuf-2.0 -I/opt/homebrew/opt/libpng/include/libpng16 -I/opt/homebrew/opt/libtiff/include -I/opt/homebrew/opt/zstd/include -I/opt/homebrew/Cellar/xz/5.8.1/include -I/opt/homebrew/opt/jpeg-turbo/include -I/opt/homebrew/Cellar/at-spi2-core/2.58.1/include/atk-1.0 -I/opt/homebrew/Cellar/libepoxy/1.5.10/include -I/opt/homebrew/Cellar/glib/2.86.1/include/gio-unix-2.0 -I/opt/homebrew/Cellar/glib/2.86.1/include -I/Library/Developer/CommandLineTools/SDKs/MacOSX26.sdk/usr/include/ffi -I/opt/homebrew/Cellar/glib/2.86.1/include/glib-2.0 -I/opt/homebrew/Cellar/glib/2.86.1/lib/glib-2.0/include -I/opt/homebrew/opt/gettext/include -I/opt/homebrew/Cellar/pcre2/10.47/include   -I/opt/homebrew/Cellar/pango/1.57.0_1/include/pango-1.0 -I/opt/homebrew/Cellar/fribidi/1.0.16/include/fribidi -I/opt/homebrew/Cellar/harfbuzz/12.1.0/include/harfbuzz -I/opt/homebrew/Cellar/graphite2/1.3.14/include -I/opt/homebrew/include/gdk-pixbuf-2.0 -I/opt/homebrew/opt/libtiff/include -I/opt/homebrew/opt/zstd/include -I/opt/homebrew/Cellar/xz/5.8.1/include -I/opt/homebrew/opt/jpeg-turbo/include -I/opt/homebrew/Cellar/cairo/1.18.4/include/cairo -I/opt/homebrew/Cellar/glib/2.86.1/include/gio-unix-2.0 -I/opt/homebrew/Cellar/glib/2.86.1/include -I/Library/Developer/CommandLineTools/SDKs/MacOSX26.sdk/usr/include/ffi -I/opt/homebrew/Cellar/glib/2.86.1/include/glib-2.0 -I/opt/homebrew/Cellar/glib/2.86.1/lib/glib-2.0/include -I/opt/homebrew/opt/gettext/include -I/opt/homebrew/Cellar/pcre2/10.47/include -I/opt/homebrew/Cellar/cairo/1.18.4/include -I/opt/homebrew/Cellar/fontconfig/2.17.1/include -I/opt/homebrew/opt/freetype/include/freetype2 -I/opt/homebrew/opt/libpng/include/libpng16 -I/opt/homebrew/Cellar/libxext/1.3.6/include -I/opt/homebrew/Cellar/xorgproto/2024.1/include -I/opt/homebrew/Cellar/libxrender/0.9.12/include -I/opt/homebrew/Cellar/libx11/1.8.12/include -I/opt/homebrew/Cellar/libxcb/1.17.0/include -I/opt/homebrew/Cellar/libxau/1.0.12/include -I/opt/homebrew/Cellar/libxdmcp/1.1.5/include -I/opt/homebrew/Cellar/pixman/0.46.4/include/pixman-1 -I/opt/homebrew/Cellar/libepoxy/1.5.10/include  conftest.c >&5
configure:27881: $? = 0
configure:27881: result: yes
configure:27881: checking cairo-pdf.h presence
configure:27881: gcc -E  -I/opt/homebrew/Cellar/pango/1.57.0_1/include/pango-1.0 -I/opt/homebrew/Cellar/fribidi/1.0.16/include/fribidi -I/opt/homebrew/Cellar/harfbuzz/12.1.0/include/harfbuzz -I/opt/homebrew/Cellar/graphite2/1.3.14/include -I/opt/homebrew/Cellar/cairo/1.18.4/include/cairo -I/opt/homebrew/Cellar/fontconfig/2.17.1/include -I/opt/homebrew/opt/freetype/include/freetype2 -I/opt/homebrew/Cellar/libxext/1.3.6/include -I/opt/homebrew/Cellar/xorgproto/2024.1/include -I/opt/homebrew/Cellar/libxrender/0.9.12/include -I/opt/homebrew/Cellar/libx11/1.8.12/include -I/opt/homebrew/Cellar/libxcb/1.17.0/include -I/opt/homebrew/Cellar/libxau/1.0.12/include -I/opt/homebrew/Cellar/libxdmcp/1.1.5/include -I/opt/homebrew/Cellar/pixman/0.46.4/include/pixman-1 -I/opt/homebrew/include/gdk-pixbuf-2.0 -I/opt/homebrew/opt/libpng/include/libpng16 -I/opt/homebrew/opt/libtiff/include -I/opt/homebrew/opt/zstd/include -I/opt/homebrew/Cellar/xz/5.8.1/include -I/opt/homebrew/opt/jpeg-turbo/include -I/opt/homebrew/Cellar/at-spi2-core/2.58.1/include/atk-1.0 -I/opt/homebrew/Cellar/libepoxy/1.5.10/include -I/opt/homebrew/Cellar/glib/2.86.1/include/gio-unix-2.0 -I/opt/homebrew/Cellar/glib/2.86.1/include -I/Library/Developer/CommandLineTools/SDKs/MacOSX26.sdk/usr/include/ffi -I/opt/homebrew/Cellar/glib/2.86.1/include/glib-2.0 -I/opt/homebrew/Cellar/glib/2.86.1/lib/glib-2.0/include -I/opt/homebrew/opt/gettext/include -I/opt/homebrew/Cellar/pcre2/10.47/include   -I/opt/homebrew/Cellar/pango/1.57.0_1/include/pango-1.0 -I/opt/homebrew/Cellar/fribidi/1.0.16/include/fribidi -I/opt/homebrew/Cellar/harfbuzz/12.1.0/include/harfbuzz -I/opt/homebrew/Cellar/graphite2/1.3.14/include -I/opt/homebrew/include/gdk-pixbuf-2.0 -I/opt/homebrew/opt/libtiff/include -I/opt/homebrew/opt/zstd/include -I/opt/homebrew/Cellar/xz/5.8.1/include -I/opt/homebrew/opt/jpeg-turbo/include -I/opt/homebrew/Cellar/cairo/1.18.4/include/cairo -I/opt/homebrew/Cellar/glib/2.86.1/include/gio-unix-2.0 -I/opt/homebrew/Cellar/glib/2.86.1/include -I/Library/Developer/CommandLineTools/SDKs/MacOSX26.sdk/usr/include/ffi -I/opt/homebrew/Cellar/glib/2.86.1/include/glib-2.0 -I/opt/homebrew/Cellar/glib/2.86.1/lib/glib-2.0/include -I/opt/homebrew/opt/gettext/include -I/opt/homebrew/Cellar/pcre2/10.47/include -I/opt/homebrew/Cellar/cairo/1.18.4/include -I/opt/homebrew/Cellar/fontconfig/2.17.1/include -I/opt/homebrew/opt/freetype/include/freetype2 -I/opt/homebrew/opt/libpng/include/libpng16 -I/opt/homebrew/Cellar/libxext/1.3.6/include -I/opt/homebrew/Cellar/xorgproto/2024.1/include -I/opt/homebrew/Cellar/libxrender/0.9.12/include -I/opt/homebrew/Cellar/libx11/1.8.12/include -I/opt/homebrew/Cellar/libxcb/1.17.0/include -I/opt/homebrew/Cellar/libxau/1.0.12/include -I/opt/homebrew/Cellar/libxdmcp/1.1.5/include -I/opt/homebrew/Cellar/pixman/0.46.4/include/pixman-1 -I/opt/homebrew/Cellar/libepoxy/1.5.10/include  conftest.c
configure:27881: $? = 0
configure:27881: result: yes
configure:27881: checking for cairo-pdf.h
configure:27881: result: yes
configure:27893: checking cairo-ps.h usability
configure:27893: gcc -c -g -O2 -g -Wall  -I/opt/homebrew/Cellar/pango/1.57.0_1/include/pango-1.0 -I/opt/homebrew/Cellar/fribidi/1.0.16/include/fribidi -I/opt/homebrew/Cellar/harfbuzz/12.1.0/include/harfbuzz -I/opt/homebrew/Cellar/graphite2/1.3.14/include -I/opt/homebrew/Cellar/cairo/1.18.4/include/cairo -I/opt/homebrew/Cellar/fontconfig/2.17.1/include -I/opt/homebrew/opt/freetype/include/freetype2 -I/opt/homebrew/Cellar/libxext/1.3.6/include -I/opt/homebrew/Cellar/xorgproto/2024.1/include -I/opt/homebrew/Cellar/libxrender/0.9.12/include -I/opt/homebrew/Cellar/libx11/1.8.12/include -I/opt/homebrew/Cellar/libxcb/1.17.0/include -I/opt/homebrew/Cellar/libxau/1.0.12/include -I/opt/homebrew/Cellar/libxdmcp/1.1.5/include -I/opt/homebrew/Cellar/pixman/0.46.4/include/pixman-1 -I/opt/homebrew/include/gdk-pixbuf-2.0 -I/opt/homebrew/opt/libpng/include/libpng16 -I/opt/homebrew/opt/libtiff/include -I/opt/homebrew/opt/zstd/include -I/opt/homebrew/Cellar/xz/5.8.1/include -I/opt/homebrew/opt/jpeg-turbo/include -I/opt/homebrew/Cellar/at-spi2-core/2.58.1/include/atk-1.0 -I/opt/homebrew/Cellar/libepoxy/1.5.10/include -I/opt/homebrew/Cellar/glib/2.86.1/include/gio-unix-2.0 -I/opt/homebrew/Cellar/glib/2.86.1/include -I/Library/Developer/CommandLineTools/SDKs/MacOSX26.sdk/usr/include/ffi -I/opt/homebrew/Cellar/glib/2.86.1/include/glib-2.0 -I/opt/homebrew/Cellar/glib/2.86.1/lib/glib-2.0/include -I/opt/homebrew/opt/gettext/include -I/opt/homebrew/Cellar/pcre2/10.47/include   -I/opt/homebrew/Cellar/pango/1.57.0_1/include/pango-1.0 -I/opt/homebrew/Cellar/fribidi/1.0.16/include/fribidi -I/opt/homebrew/Cellar/harfbuzz/12.1.0/include/harfbuzz -I/opt/homebrew/Cellar/graphite2/1.3.14/include -I/opt/homebrew/include/gdk-pixbuf-2.0 -I/opt/homebrew/opt/libtiff/include -I/opt/homebrew/opt/zstd/include -I/opt/homebrew/Cellar/xz/5.8.1/include -I/opt/homebrew/opt/jpeg-turbo/include -I/opt/homebrew/Cellar/cairo/1.18.4/include/cairo -I/opt/homebrew/Cellar/glib/2.86.1/include/gio-unix-2.0 -I/opt/homebrew/Cellar/glib/2.86.1/include -I/Library/Developer/CommandLineTools/SDKs/MacOSX26.sdk/usr/include/ffi -I/opt/homebrew/Cellar/glib/2.86.1/include/glib-2.0 -I/opt/homebrew/Cellar/glib/2.86.1/lib/glib-2.0/include -I/opt/homebrew/opt/gettext/include -I/opt/homebrew/Cellar/pcre2/10.47/include -I/opt/homebrew/Cellar/cairo/1.18.4/include -I/opt/homebrew/Cellar/fontconfig/2.17.1/include -I/opt/homebrew/opt/freetype/include/freetype2 -I/opt/homebrew/opt/libpng/include/libpng16 -I/opt/homebrew/Cellar/libxext/1.3.6/include -I/opt/homebrew/Cellar/xorgproto/2024.1/include -I/opt/homebrew/Cellar/libxrender/0.9.12/include -I/opt/homebrew/Cellar/libx11/1.8.12/include -I/opt/homebrew/Cellar/libxcb/1.17.0/include -I/opt/homebrew/Cellar/libxau/1.0.12/include -I/opt/homebrew/Cellar/libxdmcp/1.1.5/include -I/opt/homebrew/Cellar/pixman/0.46.4/include/pixman-1 -I/opt/homebrew/Cellar/libepoxy/1.5.10/include  conftest.c >&5
configure:27893: $? = 0
configure:27893: result: yes
configure:27893: checking cairo-ps.h presence
configure:27893: gcc -E  -I/opt/homebrew/Cellar/pango/1.57.0_1/include/pango-1.0 -I/opt/homebrew/Cellar/fribidi/1.0.16/include/fribidi -I/opt/homebrew/Cellar/harfbuzz/12.1.0/include/harfbuzz -I/opt/homebrew/Cellar/graphite2/1.3.14/include -I/opt/homebrew/Cellar/cairo/1.18.4/include/cairo -I/opt/homebrew/Cellar/fontconfig/2.17.1/include -I/opt/homebrew/opt/freetype/include/freetype2 -I/opt/homebrew/Cellar/libxext/1.3.6/include -I/opt/homebrew/Cellar/xorgproto/2024.1/include -I/opt/homebrew/Cellar/libxrender/0.9.12/include -I/opt/homebrew/Cellar/libx11/1.8.12/include -I/opt/homebrew/Cellar/libxcb/1.17.0/include -I/opt/homebrew/Cellar/libxau/1.0.12/include -I/opt/homebrew/Cellar/libxdmcp/1.1.5/include -I/opt/homebrew/Cellar/pixman/0.46.4/include/pixman-1 -I/opt/homebrew/include/gdk-pixbuf-2.0 -I/opt/homebrew/opt/libpng/include/libpng16 -I/opt/homebrew/opt/libtiff/include -I/opt/homebrew/opt/zstd/include -I/opt/homebrew/Cellar/xz/5.8.1/include -I/opt/homebrew/opt/jpeg-turbo/include -I/opt/homebrew/Cellar/at-spi2-core/2.58.1/include/atk-1.0 -I/opt/homebrew/Cellar/libepoxy/1.5.10/include -I/opt/homebrew/Cellar/glib/2.86.1/include/gio-unix-2.0 -I/opt/homebrew/Cellar/glib/2.86.1/include -I/Library/Developer/CommandLineTools/SDKs/MacOSX26.sdk/usr/include/ffi -I/opt/homebrew/Cellar/glib/2.86.1/include/glib-2.0 -I/opt/homebrew/Cellar/glib/2.86.1/lib/glib-2.0/include -I/opt/homebrew/opt/gettext/include -I/opt/homebrew/Cellar/pcre2/10.47/include   -I/opt/homebrew/Cellar/pango/1.57.0_1/include/pango-1.0 -I/opt/homebrew/Cellar/fribidi/1.0.16/include/fribidi -I/opt/homebrew/Cellar/harfbuzz/12.1.0/include/harfbuzz -I/opt/homebrew/Cellar/graphite2/1.3.14/include -I/opt/homebrew/include/gdk-pixbuf-2.0 -I/opt/homebrew/opt/libtiff/include -I/opt/homebrew/opt/zstd/include -I/opt/homebrew/Cellar/xz/5.8.1/include -I/opt/homebrew/opt/jpeg-turbo/include -I/opt/homebrew/Cellar/cairo/1.18.4/include/cairo -I/opt/homebrew/Cellar/glib/2.86.1/include/gio-unix-2.0 -I/opt/homebrew/Cellar/glib/2.86.1/include -I/Library/Developer/CommandLineTools/SDKs/MacOSX26.sdk/usr/include/ffi -I/opt/homebrew/Cellar/glib/2.86.1/include/glib-2.0 -I/opt/homebrew/Cellar/glib/2.86.1/lib/glib-2.0/include -I/opt/homebrew/opt/gettext/include -I/opt/homebrew/Cellar/pcre2/10.47/include -I/opt/homebrew/Cellar/cairo/1.18.4/include -I/opt/homebrew/Cellar/fontconfig/2.17.1/include -I/opt/homebrew/opt/freetype/include/freetype2 -I/opt/homebrew/opt/libpng/include/libpng16 -I/opt/homebrew/Cellar/libxext/1.3.6/include -I/opt/homebrew/Cellar/xorgproto/2024.1/include -I/opt/homebrew/Cellar/libxrender/0.9.12/include -I/opt/homebrew/Cellar/libx11/1.8.12/include -I/opt/homebrew/Cellar/libxcb/1.17.0/include -I/opt/homebrew/Cellar/libxau/1.0.12/include -I/opt/homebrew/Cellar/libxdmcp/1.1.5/include -I/opt/homebrew/Cellar/pixman/0.46.4/include/pixman-1 -I/opt/homebrew/Cellar/libepoxy/1.5.10/include  conftest.c
configure:27893: $? = 0
configure:27893: result: yes
configure:27893: checking for cairo-ps.h
configure:27893: result: yes
configure:27904: checking cairo-svg.h usability
configure:27904: gcc -c -g -O2 -g -Wall  -I/opt/homebrew/Cellar/pango/1.57.0_1/include/pango-1.0 -I/opt/homebrew/Cellar/fribidi/1.0.16/include/fribidi -I/opt/homebrew/Cellar/harfbuzz/12.1.0/include/harfbuzz -I/opt/homebrew/Cellar/graphite2/1.3.14/include -I/opt/homebrew/Cellar/cairo/1.18.4/include/cairo -I/opt/homebrew/Cellar/fontconfig/2.17.1/include -I/opt/homebrew/opt/freetype/include/freetype2 -I/opt/homebrew/Cellar/libxext/1.3.6/include -I/opt/homebrew/Cellar/xorgproto/2024.1/include -I/opt/homebrew/Cellar/libxrender/0.9.12/include -I/opt/homebrew/Cellar/libx11/1.8.12/include -I/opt/homebrew/Cellar/libxcb/1.17.0/include -I/opt/homebrew/Cellar/libxau/1.0.12/include -I/opt/homebrew/Cellar/libxdmcp/1.1.5/include -I/opt/homebrew/Cellar/pixman/0.46.4/include/pixman-1 -I/opt/homebrew/include/gdk-pixbuf-2.0 -I/opt/homebrew/opt/libpng/include/libpng16 -I/opt/homebrew/opt/libtiff/include -I/opt/homebrew/opt/zstd/include -I/opt/homebrew/Cellar/xz/5.8.1/include -I/opt/homebrew/opt/jpeg-turbo/include -I/opt/homebrew/Cellar/at-spi2-core/2.58.1/include/atk-1.0 -I/opt/homebrew/Cellar/libepoxy/1.5.10/include -I/opt/homebrew/Cellar/glib/2.86.1/include/gio-unix-2.0 -I/opt/homebrew/Cellar/glib/2.86.1/include -I/Library/Developer/CommandLineTools/SDKs/MacOSX26.sdk/usr/include/ffi -I/opt/homebrew/Cellar/glib/2.86.1/include/glib-2.0 -I/opt/homebrew/Cellar/glib/2.86.1/lib/glib-2.0/include -I/opt/homebrew/opt/gettext/include -I/opt/homebrew/Cellar/pcre2/10.47/include   -I/opt/homebrew/Cellar/pango/1.57.0_1/include/pango-1.0 -I/opt/homebrew/Cellar/fribidi/1.0.16/include/fribidi -I/opt/homebrew/Cellar/harfbuzz/12.1.0/include/harfbuzz -I/opt/homebrew/Cellar/graphite2/1.3.14/include -I/opt/homebrew/include/gdk-pixbuf-2.0 -I/opt/homebrew/opt/libtiff/include -I/opt/homebrew/opt/zstd/include -I/opt/homebrew/Cellar/xz/5.8.1/include -I/opt/homebrew/opt/jpeg-turbo/include -I/opt/homebrew/Cellar/cairo/1.18.4/include/cairo -I/opt/homebrew/Cellar/glib/2.86.1/include/gio-unix-2.0 -I/opt/homebrew/Cellar/glib/2.86.1/include -I/Library/Developer/CommandLineTools/SDKs/MacOSX26.sdk/usr/include/ffi -I/opt/homebrew/Cellar/glib/2.86.1/include/glib-2.0 -I/opt/homebrew/Cellar/glib/2.86.1/lib/glib-2.0/include -I/opt/homebrew/opt/gettext/include -I/opt/homebrew/Cellar/pcre2/10.47/include -I/opt/homebrew/Cellar/cairo/1.18.4/include -I/opt/homebrew/Cellar/fontconfig/2.17.1/include -I/opt/homebrew/opt/freetype/include/freetype2 -I/opt/homebrew/opt/libpng/include/libpng16 -I/opt/homebrew/Cellar/libxext/1.3.6/include -I/opt/homebrew/Cellar/xorgproto/2024.1/include -I/opt/homebrew/Cellar/libxrender/0.9.12/include -I/opt/homebrew/Cellar/libx11/1.8.12/include -I/opt/homebrew/Cellar/libxcb/1.17.0/include -I/opt/homebrew/Cellar/libxau/1.0.12/include -I/opt/homebrew/Cellar/libxdmcp/1.1.5/include -I/opt/homebrew/Cellar/pixman/0.46.4/include/pixman-1 -I/opt/homebrew/Cellar/libepoxy/1.5.10/include  conftest.c >&5
configure:27904: $? = 0
configure:27904: result: yes
configure:27904: checking cairo-svg.h presence
configure:27904: gcc -E  -I/opt/homebrew/Cellar/pango/1.57.0_1/include/pango-1.0 -I/opt/homebrew/Cellar/fribidi/1.0.16/include/fribidi -I/opt/homebrew/Cellar/harfbuzz/12.1.0/include/harfbuzz -I/opt/homebrew/Cellar/graphite2/1.3.14/include -I/opt/homebrew/Cellar/cairo/1.18.4/include/cairo -I/opt/homebrew/Cellar/fontconfig/2.17.1/include -I/opt/homebrew/opt/freetype/include/freetype2 -I/opt/homebrew/Cellar/libxext/1.3.6/include -I/opt/homebrew/Cellar/xorgproto/2024.1/include -I/opt/homebrew/Cellar/libxrender/0.9.12/include -I/opt/homebrew/Cellar/libx11/1.8.12/include -I/opt/homebrew/Cellar/libxcb/1.17.0/include -I/opt/homebrew/Cellar/libxau/1.0.12/include -I/opt/homebrew/Cellar/libxdmcp/1.1.5/include -I/opt/homebrew/Cellar/pixman/0.46.4/include/pixman-1 -I/opt/homebrew/include/gdk-pixbuf-2.0 -I/opt/homebrew/opt/libpng/include/libpng16 -I/opt/homebrew/opt/libtiff/include -I/opt/homebrew/opt/zstd/include -I/opt/homebrew/Cellar/xz/5.8.1/include -I/opt/homebrew/opt/jpeg-turbo/include -I/opt/homebrew/Cellar/at-spi2-core/2.58.1/include/atk-1.0 -I/opt/homebrew/Cellar/libepoxy/1.5.10/include -I/opt/homebrew/Cellar/glib/2.86.1/include/gio-unix-2.0 -I/opt/homebrew/Cellar/glib/2.86.1/include -I/Library/Developer/CommandLineTools/SDKs/MacOSX26.sdk/usr/include/ffi -I/opt/homebrew/Cellar/glib/2.86.1/include/glib-2.0 -I/opt/homebrew/Cellar/glib/2.86.1/lib/glib-2.0/include -I/opt/homebrew/opt/gettext/include -I/opt/homebrew/Cellar/pcre2/10.47/include   -I/opt/homebrew/Cellar/pango/1.57.0_1/include/pango-1.0 -I/opt/homebrew/Cellar/fribidi/1.0.16/include/fribidi -I/opt/homebrew/Cellar/harfbuzz/12.1.0/include/harfbuzz -I/opt/homebrew/Cellar/graphite2/1.3.14/include -I/opt/homebrew/include/gdk-pixbuf-2.0 -I/opt/homebrew/opt/libtiff/include -I/opt/homebrew/opt/zstd/include -I/opt/homebrew/Cellar/xz/5.8.1/include -I/opt/homebrew/opt/jpeg-turbo/include -I/opt/homebrew/Cellar/cairo/1.18.4/include/cairo -I/opt/homebrew/Cellar/glib/2.86.1/include/gio-unix-2.0 -I/opt/homebrew/Cellar/glib/2.86.1/include -I/Library/Developer/CommandLineTools/SDKs/MacOSX26.sdk/usr/include/ffi -I/opt/homebrew/Cellar/glib/2.86.1/include/glib-2.0 -I/opt/homebrew/Cellar/glib/2.86.1/lib/glib-2.0/include -I/opt/homebrew/opt/gettext/include -I/opt/homebrew/Cellar/pcre2/10.47/include -I/opt/homebrew/Cellar/cairo/1.18.4/include -I/opt/homebrew/Cellar/fontconfig/2.17.1/include -I/opt/homebrew/opt/freetype/include/freetype2 -I/opt/homebrew/opt/libpng/include/libpng16 -I/opt/homebrew/Cellar/libxext/1.3.6/include -I/opt/homebrew/Cellar/xorgproto/2024.1/include -I/opt/homebrew/Cellar/libxrender/0.9.12/include -I/opt/homebrew/Cellar/libx11/1.8.12/include -I/opt/homebrew/Cellar/libxcb/1.17.0/include -I/opt/homebrew/Cellar/libxau/1.0.12/include -I/opt/homebrew/Cellar/libxdmcp/1.1.5/include -I/opt/homebrew/Cellar/pixman/0.46.4/include/pixman-1 -I/opt/homebrew/Cellar/libepoxy/1.5.10/include  conftest.c
configure:27904: $? = 0
configure:27904: result: yes
configure:27904: checking for cairo-svg.h
configure:27904: result: yes
configure:28056: checking for pkg-config
configure:28086: result: /opt/homebrew/bin/pkg-config
configure:28111: checking pkg-config is at least version 0.16
configure:28114: result: yes
configure:28238: checking for gobject-introspection
configure:28269: $PKG_CONFIG --exists --print-errors "gobject-introspection-1.0 >= 1.39.0"
configure:28272: $? = 0
configure:28284: result: yes
configure:28334: checking whether to use colord
configure:28342: result: yes
configure:28354: checking for COLORD
configure:28361: $PKG_CONFIG --exists --print-errors "colord >= 0.1.9"
Package colord was not found in the pkg-config search path.
Perhaps you should add the directory containing `colord.pc'
to the PKG_CONFIG_PATH environment variable
Package 'colord' not found
configure:28364: $? = 1
configure:28378: $PKG_CONFIG --exists --print-errors "colord >= 0.1.9"
Package colord was not found in the pkg-config search path.
Perhaps you should add the directory containing `colord.pc'
to the PKG_CONFIG_PATH environment variable
Package 'colord' not found
configure:28381: $? = 1
configure:28395: result: no
Package 'colord' not found
configure:28453: checking for FONTDEMO
configure:28460: $PKG_CONFIG --exists --print-errors "harfbuzz >= 0.9 pangoft2"
configure:28463: $? = 0
configure:28477: $PKG_CONFIG --exists --print-errors "harfbuzz >= 0.9 pangoft2"
configure:28480: $? = 0
configure:28518: result: yes
configure:28541: checking for gtk-doc
configure:28544: $PKG_CONFIG --exists --print-errors "$gtk_doc_requires"
Package gtk-doc was not found in the pkg-config search path.
Perhaps you should add the directory containing `gtk-doc.pc'
to the PKG_CONFIG_PATH environment variable
Package 'gtk-doc' not found
configure:28547: $? = 1
configure:28553: result: no
configure:28559: WARNING:
  You will not be able to create source packages with 'make dist'
  because gtk-doc >= 1.20 is not found.
configure:28567: checking for gtkdoc-check
configure:28597: result: no
configure:28604: checking for gtkdoc-check
configure:28637: result: no
configure:28646: checking for gtkdoc-rebase
configure:28679: result: no
configure:28690: checking for gtkdoc-mkpdf
configure:28723: result: no
configure:28748: checking whether to build gtk-doc documentation
configure:28750: result: no
configure:28763: checking for GTKDOC_DEPS
configure:28770: $PKG_CONFIG --exists --print-errors "glib-2.0 >= 2.10.0 gobject-2.0  >= 2.10.0"
configure:28773: $? = 0
configure:28787: $PKG_CONFIG --exists --print-errors "glib-2.0 >= 2.10.0 gobject-2.0  >= 2.10.0"
configure:28790: $? = 0
configure:28828: result: yes
configure:28919: checking for xsltproc
configure:28937: found /usr/bin/xsltproc
configure:28949: result: /usr/bin/xsltproc
configure:28979: checking for XML catalog (/etc/xml/catalog)
configure:28986: result: not found
configure:28993: checking for xmlcatalog
configure:29011: found /usr/bin/xmlcatalog
configure:29024: result: /usr/bin/xmlcatalog
configure:29043: checking for DocBook XML DTD V4.1.2 in XML catalog
configure:29055: result: not found
configure:29104: checking whether to generate man pages
configure:29110: result: no
configure:29148: checking for -fvisibility=hidden compiler flag
configure:29161: gcc -c -fvisibility=hidden  conftest.c >&5
configure:29161: $? = 0
configure:29162: result: yes
configure:29191: checking for sassc
configure:29224: result: no
configure:29251: checking for -Bsymbolic-functions linker flag
configure:29265: gcc -o conftest -g -O2 -g -Wall  -Wl,-Bsymbolic-functions conftest.c -lm   >&5
ld: unknown options: -Bsymbolic-functions 
clang: error: linker command failed with exit code 1 (use -v to see invocation)
configure:29265: $? = 1
configure: failed program was:
| /* confdefs.h */
| #define PACKAGE_NAME "gtk+"
| #define PACKAGE_TARNAME "gtk+"
| #define PACKAGE_VERSION "3.22.30"
| #define PACKAGE_STRING "gtk+ 3.22.30"
| #define PACKAGE_BUGREPORT "http://bugzilla.gnome.org/enter_bug.cgi?product=gtk%2B"
| #define PACKAGE_URL ""
| #define STDC_HEADERS 1
| #define HAVE_SYS_TYPES_H 1
| #define HAVE_SYS_STAT_H 1
| #define HAVE_STDLIB_H 1
| #define HAVE_STRING_H 1
| #define HAVE_MEMORY_H 1
| #define HAVE_STRINGS_H 1
| #define HAVE_INTTYPES_H 1
| #define HAVE_STDINT_H 1
| #define HAVE_UNISTD_H 1
| #define __EXTENSIONS__ 1
| #define _ALL_SOURCE 1
| #define _GNU_SOURCE 1
| #define _POSIX_PTHREAD_SEMANTICS 1
| #define _TANDEM_SOURCE 1
| #define HAVE_CFPREFERENCESCOPYAPPVALUE 1
| #define HAVE_CFLOCALECOPYCURRENT 1
| #define HAVE_ICONV 1
| #define GETTEXT_PACKAGE "gtk30"
| #define HAVE_DLFCN_H 1
| #define LT_OBJDIR ".libs/"
| #define HAVE_FLOCKFILE 1
| #define HAVE_LSTAT 1
| #define HAVE_MKSTEMP 1
| #define HAVE_LOCALTIME_R 1
| #define HAVE_BIND_TEXTDOMAIN_CODESET 1
| #define HAVE_SYS_MMAN_H 1
| #define HAVE_SYS_MMAN_H 1
| #define HAVE_SYS_TIME_H 1
| #define HAVE_SYS_TIME_H 1
| #define HAVE_UNISTD_H 1
| #define HAVE_UNISTD_H 1
| #define HAVE_FTW_H 1
| #define HAVE_FTW_H 1
| #define GLIB_DISABLE_DEPRECATION_WARNINGS 1
| #define HAVE_STDLIB_H 1
| #define HAVE_UNISTD_H 1
| #define HAVE_SYS_PARAM_H 1
| #define HAVE_GETPAGESIZE 1
| #define HAVE_MMAP 1
| #define HAVE_LIBM 1
| #define HAVE_ROUND 1
| #define HAVE_RINT 1
| #define HAVE_NEARBYINT 1
| #define HAVE_EXP2 1
| #define HAVE_LOG2 1
| #define HAVE_DECL_ISNAN 1
| #define HAVE_DECL_ISINF 1
| #define HAVE_CRT_EXTERNS_H 1
| #define HAVE__NSGETENVIRON 1
| #define USE_GMODULE 1
| #define HAVE_GIO_UNIX 1
| #define HAVE_SOCKADDR_UN_SUN_LEN 1
| #define HAVE_CUPS_API_1_6 1
| #define HAVE_HTTPGETAUTHSTRING 1
| #define _GDK_EXTERN __attribute__((visibility("default"))) extern
| /* end confdefs.h.  */
| 
| int
| main ()
| {
| return 0
|   ;
|   return 0;
| }
configure:29270: result: no
configure:29415: checking that generated files are newer than configure
configure:29421: result: done
configure:29531: checking that generated files are newer than configure
configure:29537: result: done
configure:29716: creating ./config.status

## ---------------------- ##
## Running config.status. ##
## ---------------------- ##

This file was extended by gtk+ config.status 3.22.30, which was
generated by GNU Autoconf 2.69.  Invocation command line was

  CONFIG_FILES    = 
  CONFIG_HEADERS  = 
  CONFIG_LINKS    = 
  CONFIG_COMMANDS = 
  $ ./config.status 

on 192.168.0.179

config.status:1653: creating README
config.status:1653: creating INSTALL
config.status:1653: creating config.h.win32
config.status:1653: creating gtk-zip.sh
config.status:1653: creating Makefile
config.status:1653: creating gdk-3.0.pc
config.status:1653: creating gtk+-3.0.pc
config.status:1653: creating gtk+-unix-print-3.0.pc
config.status:1653: creating gail-3.0.pc
config.status:1653: creating m4macros/Makefile
config.status:1653: creating po/Makefile.in
config.status:1653: creating po-properties/Makefile.in
config.status:1653: creating demos/Makefile
config.status:1653: creating demos/gtk-demo/Makefile
config.status:1653: creating demos/gtk-demo/geninclude.pl
config.status:1653: creating demos/widget-factory/Makefile
config.status:1653: creating demos/icon-browser/Makefile
config.status:1653: creating examples/Makefile
config.status:1653: creating examples/bp/Makefile
config.status:1653: creating examples/application1/Makefile
config.status:1653: creating examples/application2/Makefile
config.status:1653: creating examples/application3/Makefile
config.status:1653: creating examples/application4/Makefile
config.status:1653: creating examples/application5/Makefile
config.status:1653: creating examples/application6/Makefile
config.status:1653: creating examples/application7/Makefile
config.status:1653: creating examples/application8/Makefile
config.status:1653: creating examples/application9/Makefile
config.status:1653: creating examples/application10/Makefile
config.status:1653: creating tests/Makefile
config.status:1653: creating tests/visuals/Makefile
config.status:1653: creating testsuite/Makefile
config.status:1653: creating testsuite/a11y/Makefile
config.status:1653: creating testsuite/a11y/state/Makefile
config.status:1653: creating testsuite/css/Makefile
config.status:1653: creating testsuite/css/parser/Makefile
config.status:1653: creating testsuite/css/nodes/Makefile
config.status:1653: creating testsuite/css/style/Makefile
config.status:1653: creating testsuite/gdk/Makefile
config.status:1653: creating testsuite/gtk/Makefile
config.status:1653: creating testsuite/reftests/Makefile
config.status:1653: creating testsuite/tools/Makefile
config.status:1653: creating docs/Makefile
config.status:1653: creating docs/reference/Makefile
config.status:1653: creating docs/reference/gdk/Makefile
config.status:1653: creating docs/reference/gdk/version.xml
config.status:1653: creating docs/reference/gtk/Makefile
config.status:1653: creating docs/reference/gtk/gtk3.types
config.status:1653: creating docs/reference/gtk/version.xml
config.status:1653: creating docs/reference/libgail-util/Makefile
config.status:1653: creating docs/reference/libgail-util/version.xml
config.status:1653: creating docs/tools/Makefile
config.status:1653: creating build/Makefile
config.status:1653: creating build/win32/Makefile
config.status:1653: creating build/win32/vs9/Makefile
config.status:1653: creating build/win32/vs9/gtk3-version-paths.vsprops
config.status:1653: creating build/win32/vs10/Makefile
config.status:1653: creating build/win32/vs10/gtk3-version-paths.props
config.status:1653: creating build/win32/vs11/Makefile
config.status:1653: creating build/win32/vs12/Makefile
config.status:1653: creating build/win32/vs14/Makefile
config.status:1653: creating build/win32/vs15/Makefile
config.status:1653: creating gdk/Makefile
config.status:1653: creating gdk/broadway/Makefile
config.status:1653: creating gdk/x11/Makefile
config.status:1653: creating gdk/win32/Makefile
config.status:1653: creating gdk/win32/rc/Makefile
config.status:1653: creating gdk/win32/rc/gdk.rc
config.status:1653: creating gdk/quartz/Makefile
config.status:1653: creating gdk/wayland/Makefile
config.status:1653: creating gdk/mir/Makefile
config.status:1653: creating gdk/gdkversionmacros.h
config.status:1653: creating gtk/Makefile
config.status:1653: creating gtk/makefile.msc
config.status:1653: creating gtk/gtkversion.h
config.status:1653: creating gtk/gtk-win32.rc.body
config.status:1653: creating gtk/libgtk3.manifest
config.status:1653: creating libgail-util/Makefile
config.status:1653: creating modules/Makefile
config.status:1653: creating modules/input/Makefile
config.status:1653: creating modules/printbackends/Makefile
config.status:1653: creating modules/printbackends/cups/Makefile
config.status:1653: creating modules/printbackends/cloudprint/Makefile
config.status:1653: creating modules/printbackends/lpr/Makefile
config.status:1653: creating modules/printbackends/file/Makefile
config.status:1653: creating modules/printbackends/papi/Makefile
config.status:1653: creating modules/printbackends/test/Makefile
config.status:1653: creating config.h
config.status:1882: executing depfiles commands
config.status:1882: executing po-directories commands
config.status:1882: executing libtool commands
config.status:1882: executing gdk/gdkconfig.h commands

## ---------------- ##
## Cache variables. ##
## ---------------- ##

ac_cv_build=arm-apple-darwin25.0.0
ac_cv_build_prog_CPP='gcc -E'
ac_cv_build_prog_cc_g=yes
ac_cv_c_compiler_gnu=yes
ac_cv_cxx_compiler_gnu=yes
ac_cv_env_ATK_CFLAGS_set=
ac_cv_env_ATK_CFLAGS_value=
ac_cv_env_ATK_LIBS_set=
ac_cv_env_ATK_LIBS_value=
ac_cv_env_BASE_DEPENDENCIES_CFLAGS_set=
ac_cv_env_BASE_DEPENDENCIES_CFLAGS_value=
ac_cv_env_BASE_DEPENDENCIES_LIBS_set=
ac_cv_env_BASE_DEPENDENCIES_LIBS_value=
ac_cv_env_CAIRO_BACKEND_CFLAGS_set=
ac_cv_env_CAIRO_BACKEND_CFLAGS_value=
ac_cv_env_CAIRO_BACKEND_LIBS_set=
ac_cv_env_CAIRO_BACKEND_LIBS_value=
ac_cv_env_CAIRO_CFLAGS_set=
ac_cv_env_CAIRO_CFLAGS_value=
ac_cv_env_CAIRO_LIBS_set=
ac_cv_env_CAIRO_LIBS_value=
ac_cv_env_CCASFLAGS_set=
ac_cv_env_CCASFLAGS_value=
ac_cv_env_CCAS_set=
ac_cv_env_CCAS_value=
ac_cv_env_CCC_set=
ac_cv_env_CCC_value=
ac_cv_env_CC_set=
ac_cv_env_CC_value=
ac_cv_env_CFLAGS_set=
ac_cv_env_CFLAGS_value=
ac_cv_env_COLORD_CFLAGS_set=
ac_cv_env_COLORD_CFLAGS_value=
ac_cv_env_COLORD_LIBS_set=
ac_cv_env_COLORD_LIBS_value=
ac_cv_env_CPPFLAGS_set=
ac_cv_env_CPPFLAGS_value=
ac_cv_env_CPP_set=
ac_cv_env_CPP_value=
ac_cv_env_CXXCPP_set=
ac_cv_env_CXXCPP_value=
ac_cv_env_CXXFLAGS_set=
ac_cv_env_CXXFLAGS_value=
ac_cv_env_CXX_set=
ac_cv_env_CXX_value=
ac_cv_env_FONTDEMO_CFLAGS_set=
ac_cv_env_FONTDEMO_CFLAGS_value=
ac_cv_env_FONTDEMO_LIBS_set=
ac_cv_env_FONTDEMO_LIBS_value=
ac_cv_env_GDK_DEP_CFLAGS_set=
ac_cv_env_GDK_DEP_CFLAGS_value=
ac_cv_env_GDK_DEP_LIBS_set=
ac_cv_env_GDK_DEP_LIBS_value=
ac_cv_env_GMODULE_CFLAGS_set=
ac_cv_env_GMODULE_CFLAGS_value=
ac_cv_env_GMODULE_LIBS_set=
ac_cv_env_GMODULE_LIBS_value=
ac_cv_env_GTKDOC_DEPS_CFLAGS_set=
ac_cv_env_GTKDOC_DEPS_CFLAGS_value=
ac_cv_env_GTKDOC_DEPS_LIBS_set=
ac_cv_env_GTKDOC_DEPS_LIBS_value=
ac_cv_env_GTK_DEP_CFLAGS_set=
ac_cv_env_GTK_DEP_CFLAGS_value=
ac_cv_env_GTK_DEP_LIBS_set=
ac_cv_env_GTK_DEP_LIBS_value=
ac_cv_env_JSON_GLIB_CFLAGS_set=
ac_cv_env_JSON_GLIB_CFLAGS_value=
ac_cv_env_JSON_GLIB_LIBS_set=
ac_cv_env_JSON_GLIB_LIBS_value=
ac_cv_env_LDFLAGS_set=
ac_cv_env_LDFLAGS_value=
ac_cv_env_LIBS_set=
ac_cv_env_LIBS_value=
ac_cv_env_LT_SYS_LIBRARY_PATH_set=
ac_cv_env_LT_SYS_LIBRARY_PATH_value=
ac_cv_env_PKG_CONFIG_FOR_BUILD_set=
ac_cv_env_PKG_CONFIG_FOR_BUILD_value=
ac_cv_env_PKG_CONFIG_LIBDIR_set=
ac_cv_env_PKG_CONFIG_LIBDIR_value=
ac_cv_env_PKG_CONFIG_PATH_set=set
ac_cv_env_PKG_CONFIG_PATH_value=/Users/truong.nguyen/Code/spice/gtk+/build/lib/pkgconfig
ac_cv_env_PKG_CONFIG_set=
ac_cv_env_PKG_CONFIG_value=
ac_cv_env_REST_CFLAGS_set=
ac_cv_env_REST_CFLAGS_value=
ac_cv_env_REST_LIBS_set=
ac_cv_env_REST_LIBS_value=
ac_cv_env_SASSC_set=
ac_cv_env_SASSC_value=
ac_cv_env_XMKMF_set=
ac_cv_env_XMKMF_value=
ac_cv_env_build_alias_set=
ac_cv_env_build_alias_value=
ac_cv_env_host_alias_set=
ac_cv_env_host_alias_value=
ac_cv_env_target_alias_set=
ac_cv_env_target_alias_value=
ac_cv_func__NSGetEnviron=yes
ac_cv_func__lock_file=no
ac_cv_func_bind_textdomain_codeset=yes
ac_cv_func_exp2=yes
ac_cv_func_flockfile=yes
ac_cv_func_getpagesize=yes
ac_cv_func_getresuid=no
ac_cv_func_httpGetAuthString=yes
ac_cv_func_localtime_r=yes
ac_cv_func_log2=yes
ac_cv_func_lstat=yes
ac_cv_func_mallinfo=no
ac_cv_func_mkstemp=yes
ac_cv_func_mmap_fixed_mapped=yes
ac_cv_func_nearbyint=yes
ac_cv_func_posix_fallocate=no
ac_cv_func_rint=yes
ac_cv_func_round=yes
ac_cv_func_sincos=no
ac_cv_have_decl_isinf=yes
ac_cv_have_decl_isnan=yes
ac_cv_header_cairo_pdf_h=yes
ac_cv_header_cairo_ps_h=yes
ac_cv_header_cairo_svg_h=yes
ac_cv_header_crt_externs_h=yes
ac_cv_header_cups_cups_h=yes
ac_cv_header_dlfcn_h=yes
ac_cv_header_ftw_h=yes
ac_cv_header_inttypes_h=yes
ac_cv_header_linux_memfd_h=no
ac_cv_header_memory_h=yes
ac_cv_header_minix_config_h=no
ac_cv_header_stdc=yes
ac_cv_header_stdint_h=yes
ac_cv_header_stdlib_h=yes
ac_cv_header_string_h=yes
ac_cv_header_strings_h=yes
ac_cv_header_sys_mman_h=yes
ac_cv_header_sys_param_h=yes
ac_cv_header_sys_stat_h=yes
ac_cv_header_sys_sysinfo_h=no
ac_cv_header_sys_systeminfo_h=no
ac_cv_header_sys_time_h=yes
ac_cv_header_sys_types_h=yes
ac_cv_header_unistd_h=yes
ac_cv_host=arm-apple-darwin25.0.0
ac_cv_lib_m_round=yes
ac_cv_lib_papi_papiServiceCreate=no
ac_cv_lib_rt_shm_open=no
ac_cv_member_struct_sockaddr_un_sun_len=yes
ac_cv_objext=o
ac_cv_path_EGREP='/usr/bin/grep -E'
ac_cv_path_FGREP='/usr/bin/grep -F'
ac_cv_path_GMSGFMT=/opt/homebrew/bin/msgfmt
ac_cv_path_GREP=/usr/bin/grep
ac_cv_path_MSGFMT=/opt/homebrew/bin/msgfmt
ac_cv_path_MSGMERGE=/opt/homebrew/bin/msgmerge
ac_cv_path_PERL=/usr/bin/perl
ac_cv_path_PKG_CONFIG_FOR_BUILD=/opt/homebrew/bin/pkg-config
ac_cv_path_SED=/usr/bin/sed
ac_cv_path_XGETTEXT=/opt/homebrew/bin/xgettext
ac_cv_path_XMLCATALOG=/usr/bin/xmlcatalog
ac_cv_path_XSLTPROC=/usr/bin/xsltproc
ac_cv_path_ac_pt_CUPS_CONFIG=/usr/bin/cups-config
ac_cv_path_ac_pt_NM='/usr/bin/nm -B'
ac_cv_path_ac_pt_PKG_CONFIG=/opt/homebrew/bin/pkg-config
ac_cv_path_install='/usr/bin/install -c'
ac_cv_path_lt_DD=/bin/dd
ac_cv_prog_AWK=awk
ac_cv_prog_CPP='gcc -E'
ac_cv_prog_CXXCPP='c++ -E'
ac_cv_prog_ac_ct_AR=ar
ac_cv_prog_ac_ct_CC=gcc
ac_cv_prog_ac_ct_CC_FOR_BUILD=gcc
ac_cv_prog_ac_ct_CXX=c++
ac_cv_prog_ac_ct_DSYMUTIL=dsymutil
ac_cv_prog_ac_ct_LIPO=lipo
ac_cv_prog_ac_ct_NMEDIT=nmedit
ac_cv_prog_ac_ct_OBJDUMP=objdump
ac_cv_prog_ac_ct_OTOOL=otool
ac_cv_prog_ac_ct_RANLIB=ranlib
ac_cv_prog_ac_ct_STRIP=strip
ac_cv_prog_cc_c89=
ac_cv_prog_cc_g=yes
ac_cv_prog_cc_gcc_c_o=yes
ac_cv_prog_cxx_g=yes
ac_cv_prog_make_make_set=yes
ac_cv_safe_to_define___extensions__=yes
ac_cv_search_connect='none required'
ac_cv_search_gethostent='none required'
ac_cv_search_setsockopt='none required'
ac_cv_sys_file_offset_bits=no
ac_cv_sys_largefile_CC=no
ac_cv_type_uid_t=yes
acl_cv_hardcode_direct=no
acl_cv_hardcode_libdir_flag_spec=
acl_cv_hardcode_libdir_separator=
acl_cv_hardcode_minus_L=no
acl_cv_libext=a
acl_cv_libname_spec='lib$name'
acl_cv_library_names_spec='$libname$shrext'
acl_cv_path_LD=/Applications/Xcode.app/Contents/Developer/Toolchains/XcodeDefault.xctoolchain/usr/bin/ld
acl_cv_prog_gnu_ld=no
acl_cv_rpath=done
acl_cv_shlibext=dylib
acl_cv_wl=-Wl,
am_cv_CCAS_dependencies_compiler_type=none
am_cv_CC_dependencies_compiler_type=none
am_cv_CXX_dependencies_compiler_type=none
am_cv_func_iconv=yes
am_cv_func_iconv_works=yes
am_cv_lib_iconv=yes
am_cv_make_support_nested_variables=yes
am_cv_prog_cc_c_o=yes
am_cv_prog_tar_ustar=gnutar
gt_cv_func_CFLocaleCopyCurrent=yes
gt_cv_func_CFPreferencesCopyAppValue=yes
gt_cv_func_gnugettext1_libc=no
gt_cv_func_gnugettext1_libintl=no
lt_cv_apple_cc_single_mod=no
lt_cv_ar_at_file=no
lt_cv_deplibs_check_method=pass_all
lt_cv_file_magic_cmd='$MAGIC_CMD'
lt_cv_file_magic_test_file=
lt_cv_ld_exported_symbols_list=yes
lt_cv_ld_force_load=yes
lt_cv_ld_reload_flag=-r
lt_cv_nm_interface='BSD nm'
lt_cv_objdir=.libs
lt_cv_path_LD=/Applications/Xcode.app/Contents/Developer/Toolchains/XcodeDefault.xctoolchain/usr/bin/ld
lt_cv_path_LDCXX=/Applications/Xcode.app/Contents/Developer/Toolchains/XcodeDefault.xctoolchain/usr/bin/ld
lt_cv_path_NM='/usr/bin/nm -B'
lt_cv_path_mainfest_tool=no
lt_cv_prog_compiler_c_o=yes
lt_cv_prog_compiler_c_o_CXX=yes
lt_cv_prog_compiler_pic='-fno-common -DPIC'
lt_cv_prog_compiler_pic_CXX='-fno-common -DPIC'
lt_cv_prog_compiler_pic_works=yes
lt_cv_prog_compiler_pic_works_CXX=yes
lt_cv_prog_compiler_rtti_exceptions=yes
lt_cv_prog_compiler_static_works=no
lt_cv_prog_compiler_static_works_CXX=no
lt_cv_prog_gnu_ld=no
lt_cv_prog_gnu_ldcxx=no
lt_cv_sharedlib_from_linklib_cmd='printf %s\n'
lt_cv_sys_global_symbol_pipe='sed -n -e '\''s/^.*[	 ]\([ABCDGIRSTW][ABCDGIRSTW]*\)[	 ][	 ]*_\([_A-Za-z][_A-Za-z0-9]*\)$/\1 _\2 \2/p'\'' | sed '\''/ __gnu_lto/d'\'''
lt_cv_sys_global_symbol_to_c_name_address='sed -n -e '\''s/^: \(.*\) .*$/  {"\1", (void *) 0},/p'\'' -e '\''s/^[ABCDGIRSTW][ABCDGIRSTW]* .* \(.*\)$/  {"\1", (void *) \&\1},/p'\'''
lt_cv_sys_global_symbol_to_c_name_address_lib_prefix='sed -n -e '\''s/^: \(.*\) .*$/  {"\1", (void *) 0},/p'\'' -e '\''s/^[ABCDGIRSTW][ABCDGIRSTW]* .* \(lib.*\)$/  {"\1", (void *) \&\1},/p'\'' -e '\''s/^[ABCDGIRSTW][ABCDGIRSTW]* .* \(.*\)$/  {"lib\1", (void *) \&\1},/p'\'''
lt_cv_sys_global_symbol_to_cdecl='sed -n -e '\''s/^T .* \(.*\)$/extern int \1();/p'\'' -e '\''s/^[ABCDGIRSTW][ABCDGIRSTW]* .* \(.*\)$/extern char \1;/p'\'''
lt_cv_sys_global_symbol_to_import=
lt_cv_sys_max_cmd_len=786432
lt_cv_to_host_file_cmd=func_convert_file_noop
lt_cv_to_tool_file_cmd=func_convert_file_noop
lt_cv_truncate_bin='/bin/dd bs=4096 count=1'
pkg_cv_ATK_CFLAGS='-I/opt/homebrew/Cellar/at-spi2-core/2.58.1/include/atk-1.0 -I/opt/homebrew/Cellar/glib/2.86.1/include -I/opt/homebrew/Cellar/glib/2.86.1/include/glib-2.0 -I/opt/homebrew/Cellar/glib/2.86.1/lib/glib-2.0/include -I/opt/homebrew/opt/gettext/include -I/opt/homebrew/Cellar/pcre2/10.47/include -I/Library/Developer/CommandLineTools/SDKs/MacOSX26.sdk/usr/include/ffi'
pkg_cv_ATK_LIBS='-L/opt/homebrew/Cellar/at-spi2-core/2.58.1/lib -latk-1.0 -L/opt/homebrew/Cellar/glib/2.86.1/lib -lgobject-2.0 -lglib-2.0 -L/opt/homebrew/opt/gettext/lib -lintl'
pkg_cv_BASE_DEPENDENCIES_CFLAGS='-I/opt/homebrew/Cellar/at-spi2-core/2.58.1/include/atk-1.0 -I/opt/homebrew/Cellar/pango/1.57.0_1/include/pango-1.0 -I/opt/homebrew/Cellar/harfbuzz/12.1.0/include/harfbuzz -I/opt/homebrew/Cellar/graphite2/1.3.14/include -I/opt/homebrew/Cellar/fribidi/1.0.16/include/fribidi -I/opt/homebrew/Cellar/cairo/1.18.4/include/cairo -I/opt/homebrew/Cellar/fontconfig/2.17.1/include -I/opt/homebrew/opt/freetype/include/freetype2 -I/opt/homebrew/Cellar/libxext/1.3.6/include -I/opt/homebrew/Cellar/xorgproto/2024.1/include -I/opt/homebrew/Cellar/libxrender/0.9.12/include -I/opt/homebrew/Cellar/libx11/1.8.12/include -I/opt/homebrew/Cellar/libxcb/1.17.0/include -I/opt/homebrew/Cellar/libxau/1.0.12/include -I/opt/homebrew/Cellar/libxdmcp/1.1.5/include -I/opt/homebrew/Cellar/pixman/0.46.4/include/pixman-1 -I/opt/homebrew/include/gdk-pixbuf-2.0 -I/opt/homebrew/opt/libpng/include/libpng16 -I/opt/homebrew/opt/libtiff/include -I/opt/homebrew/opt/zstd/include -I/opt/homebrew/Cellar/xz/5.8.1/include -I/opt/homebrew/opt/jpeg-turbo/include -I/opt/homebrew/Cellar/glib/2.86.1/include -I/Library/Developer/CommandLineTools/SDKs/MacOSX26.sdk/usr/include/ffi -I/opt/homebrew/Cellar/glib/2.86.1/include/glib-2.0 -I/opt/homebrew/Cellar/glib/2.86.1/lib/glib-2.0/include -I/opt/homebrew/opt/gettext/include -I/opt/homebrew/Cellar/pcre2/10.47/include'
pkg_cv_BASE_DEPENDENCIES_LIBS='-L/opt/homebrew/Cellar/at-spi2-core/2.58.1/lib -latk-1.0 -L/opt/homebrew/Cellar/pango/1.57.0_1/lib -lpango-1.0 -L/opt/homebrew/Cellar/harfbuzz/12.1.0/lib -lharfbuzz -L/opt/homebrew/Cellar/cairo/1.18.4/lib -lcairo-gobject -lcairo -L/opt/homebrew/lib -lgdk_pixbuf-2.0 -L/opt/homebrew/Cellar/glib/2.86.1/lib -lgobject-2.0 -lglib-2.0 -L/opt/homebrew/opt/gettext/lib -lintl'
pkg_cv_CAIRO_BACKEND_CFLAGS='-I/opt/homebrew/Cellar/cairo/1.18.4/include -I/opt/homebrew/Cellar/cairo/1.18.4/include/cairo -I/opt/homebrew/Cellar/fontconfig/2.17.1/include -I/opt/homebrew/opt/freetype/include/freetype2 -I/opt/homebrew/opt/libpng/include/libpng16 -I/opt/homebrew/Cellar/libxext/1.3.6/include -I/opt/homebrew/Cellar/xorgproto/2024.1/include -I/opt/homebrew/Cellar/libxrender/0.9.12/include -I/opt/homebrew/Cellar/libx11/1.8.12/include -I/opt/homebrew/Cellar/libxcb/1.17.0/include -I/opt/homebrew/Cellar/libxau/1.0.12/include -I/opt/homebrew/Cellar/libxdmcp/1.1.5/include -I/opt/homebrew/Cellar/pixman/0.46.4/include/pixman-1'
pkg_cv_CAIRO_BACKEND_LIBS='-framework CoreFoundation -framework ApplicationServices -L/opt/homebrew/Cellar/cairo/1.18.4/lib -lcairo'
pkg_cv_FONTDEMO_CFLAGS='-I/opt/homebrew/Cellar/pango/1.57.0_1/include/pango-1.0 -I/opt/homebrew/Cellar/glib/2.86.1/include -I/opt/homebrew/Cellar/fribidi/1.0.16/include/fribidi -I/opt/homebrew/Cellar/cairo/1.18.4/include/cairo -I/opt/homebrew/Cellar/fontconfig/2.17.1/include -I/opt/homebrew/Cellar/libxext/1.3.6/include -I/opt/homebrew/Cellar/xorgproto/2024.1/include -I/opt/homebrew/Cellar/libxrender/0.9.12/include -I/opt/homebrew/Cellar/libx11/1.8.12/include -I/opt/homebrew/Cellar/libxcb/1.17.0/include -I/opt/homebrew/Cellar/libxau/1.0.12/include -I/opt/homebrew/Cellar/libxdmcp/1.1.5/include -I/opt/homebrew/Cellar/pixman/0.46.4/include/pixman-1 -I/opt/homebrew/Cellar/harfbuzz/12.1.0/include/harfbuzz -I/opt/homebrew/opt/freetype/include/freetype2 -I/opt/homebrew/opt/libpng/include/libpng16 -I/opt/homebrew/Cellar/graphite2/1.3.14/include -I/opt/homebrew/Cellar/glib/2.86.1/include/glib-2.0 -I/opt/homebrew/Cellar/glib/2.86.1/lib/glib-2.0/include -I/opt/homebrew/opt/gettext/include -I/opt/homebrew/Cellar/pcre2/10.47/include -I/Library/Developer/CommandLineTools/SDKs/MacOSX26.sdk/usr/include/ffi'
pkg_cv_FONTDEMO_LIBS='-L/opt/homebrew/Cellar/pango/1.57.0_1/lib -lpangoft2-1.0 -lpango-1.0 -L/opt/homebrew/Cellar/fontconfig/2.17.1/lib -lfontconfig -L/opt/homebrew/Cellar/harfbuzz/12.1.0/lib -lharfbuzz -L/opt/homebrew/opt/freetype/lib -lfreetype -L/opt/homebrew/Cellar/glib/2.86.1/lib -lgobject-2.0 -lglib-2.0 -L/opt/homebrew/opt/gettext/lib -lintl'
pkg_cv_GDK_DEP_CFLAGS='-I/opt/homebrew/Cellar/pango/1.57.0_1/include/pango-1.0 -I/opt/homebrew/Cellar/fribidi/1.0.16/include/fribidi -I/opt/homebrew/Cellar/harfbuzz/12.1.0/include/harfbuzz -I/opt/homebrew/Cellar/graphite2/1.3.14/include -I/opt/homebrew/include/gdk-pixbuf-2.0 -I/opt/homebrew/opt/libtiff/include -I/opt/homebrew/opt/zstd/include -I/opt/homebrew/Cellar/xz/5.8.1/include -I/opt/homebrew/opt/jpeg-turbo/include -I/opt/homebrew/Cellar/cairo/1.18.4/include/cairo -I/opt/homebrew/Cellar/glib/2.86.1/include/gio-unix-2.0 -I/opt/homebrew/Cellar/glib/2.86.1/include -I/Library/Developer/CommandLineTools/SDKs/MacOSX26.sdk/usr/include/ffi -I/opt/homebrew/Cellar/glib/2.86.1/include/glib-2.0 -I/opt/homebrew/Cellar/glib/2.86.1/lib/glib-2.0/include -I/opt/homebrew/opt/gettext/include -I/opt/homebrew/Cellar/pcre2/10.47/include -I/opt/homebrew/Cellar/cairo/1.18.4/include -I/opt/homebrew/Cellar/fontconfig/2.17.1/include -I/opt/homebrew/opt/freetype/include/freetype2 -I/opt/homebrew/opt/libpng/include/libpng16 -I/opt/homebrew/Cellar/libxext/1.3.6/include -I/opt/homebrew/Cellar/xorgproto/2024.1/include -I/opt/homebrew/Cellar/libxrender/0.9.12/include -I/opt/homebrew/Cellar/libx11/1.8.12/include -I/opt/homebrew/Cellar/libxcb/1.17.0/include -I/opt/homebrew/Cellar/libxau/1.0.12/include -I/opt/homebrew/Cellar/libxdmcp/1.1.5/include -I/opt/homebrew/Cellar/pixman/0.46.4/include/pixman-1 -I/opt/homebrew/Cellar/libepoxy/1.5.10/include'
pkg_cv_GDK_DEP_LIBS='-L/opt/homebrew/Cellar/pango/1.57.0_1/lib -lpangocairo-1.0 -lpango-1.0 -L/opt/homebrew/Cellar/harfbuzz/12.1.0/lib -lharfbuzz -L/opt/homebrew/lib -lgdk_pixbuf-2.0 -L/opt/homebrew/Cellar/cairo/1.18.4/lib -lcairo-gobject -L/opt/homebrew/Cellar/glib/2.86.1/lib -lgio-2.0 -lgobject-2.0 -lglib-2.0 -L/opt/homebrew/opt/gettext/lib -lintl -framework CoreFoundation -framework ApplicationServices -lcairo -L/opt/homebrew/Cellar/libepoxy/1.5.10/lib -lepoxy'
pkg_cv_GMODULE_CFLAGS='-I/opt/homebrew/Cellar/glib/2.86.1/include -I/opt/homebrew/Cellar/glib/2.86.1/include/glib-2.0 -I/opt/homebrew/Cellar/glib/2.86.1/lib/glib-2.0/include -I/opt/homebrew/opt/gettext/include -I/opt/homebrew/Cellar/pcre2/10.47/include'
pkg_cv_GMODULE_LIBS='-L/opt/homebrew/Cellar/glib/2.86.1/lib -lgmodule-2.0 -lglib-2.0 -L/opt/homebrew/opt/gettext/lib -lintl'
pkg_cv_GTKDOC_DEPS_CFLAGS='-I/opt/homebrew/Cellar/glib/2.86.1/include -I/opt/homebrew/Cellar/glib/2.86.1/include/glib-2.0 -I/opt/homebrew/Cellar/glib/2.86.1/lib/glib-2.0/include -I/opt/homebrew/opt/gettext/include -I/opt/homebrew/Cellar/pcre2/10.47/include -I/Library/Developer/CommandLineTools/SDKs/MacOSX26.sdk/usr/include/ffi'
pkg_cv_GTKDOC_DEPS_LIBS='-L/opt/homebrew/Cellar/glib/2.86.1/lib -lgobject-2.0 -lglib-2.0 -L/opt/homebrew/opt/gettext/lib -lintl'
pkg_cv_GTK_DEP_CFLAGS='-I/opt/homebrew/Cellar/pango/1.57.0_1/include/pango-1.0 -I/opt/homebrew/Cellar/fribidi/1.0.16/include/fribidi -I/opt/homebrew/Cellar/harfbuzz/12.1.0/include/harfbuzz -I/opt/homebrew/Cellar/graphite2/1.3.14/include -I/opt/homebrew/Cellar/cairo/1.18.4/include/cairo -I/opt/homebrew/Cellar/fontconfig/2.17.1/include -I/opt/homebrew/opt/freetype/include/freetype2 -I/opt/homebrew/Cellar/libxext/1.3.6/include -I/opt/homebrew/Cellar/xorgproto/2024.1/include -I/opt/homebrew/Cellar/libxrender/0.9.12/include -I/opt/homebrew/Cellar/libx11/1.8.12/include -I/opt/homebrew/Cellar/libxcb/1.17.0/include -I/opt/homebrew/Cellar/libxau/1.0.12/include -I/opt/homebrew/Cellar/libxdmcp/1.1.5/include -I/opt/homebrew/Cellar/pixman/0.46.4/include/pixman-1 -I/opt/homebrew/include/gdk-pixbuf-2.0 -I/opt/homebrew/opt/libpng/include/libpng16 -I/opt/homebrew/opt/libtiff/include -I/opt/homebrew/opt/zstd/include -I/opt/homebrew/Cellar/xz/5.8.1/include -I/opt/homebrew/opt/jpeg-turbo/include -I/opt/homebrew/Cellar/at-spi2-core/2.58.1/include/atk-1.0 -I/opt/homebrew/Cellar/libepoxy/1.5.10/include -I/opt/homebrew/Cellar/glib/2.86.1/include/gio-unix-2.0 -I/opt/homebrew/Cellar/glib/2.86.1/include -I/Library/Developer/CommandLineTools/SDKs/MacOSX26.sdk/usr/include/ffi -I/opt/homebrew/Cellar/glib/2.86.1/include/glib-2.0 -I/opt/homebrew/Cellar/glib/2.86.1/lib/glib-2.0/include -I/opt/homebrew/opt/gettext/include -I/opt/homebrew/Cellar/pcre2/10.47/include'
pkg_cv_GTK_DEP_LIBS='-L/opt/homebrew/Cellar/pango/1.57.0_1/lib -lpangocairo-1.0 -lpango-1.0 -L/opt/homebrew/Cellar/harfbuzz/12.1.0/lib -lharfbuzz -L/opt/homebrew/Cellar/cairo/1.18.4/lib -lcairo-gobject -lcairo -L/opt/homebrew/lib -lgdk_pixbuf-2.0 -L/opt/homebrew/Cellar/at-spi2-core/2.58.1/lib -latk-1.0 -L/opt/homebrew/Cellar/libepoxy/1.5.10/lib -lepoxy -L/opt/homebrew/Cellar/glib/2.86.1/lib -lgio-2.0 -lgobject-2.0 -lglib-2.0 -L/opt/homebrew/opt/gettext/lib -lintl'

## ----------------- ##
## Output variables. ##
## ----------------- ##










		$(INSTALL_DATA) $^ "$(DESTDIR)$(gsettingsschemadir)"; \
		test -n "$(GSETTINGS_DISABLE_SCHEMAS_COMPILE)$(DESTDIR)" || $(GLIB_COMPILE_SCHEMAS) $(gsettingsschemadir); \
		test -z "$(gsettingsschemadir)" || $(MKDIR_P) "$(DESTDIR)$(gsettingsschemadir)"; \
	$(AM_V_GEN) $(GLIB_COMPILE_SCHEMAS) --strict --dry-run $(addprefix --schema-file=,$(gsettings__enum_file)) --schema-file=$< && mkdir -p $(@D) && touch $@
	$(AM_V_GEN) glib-mkenums --comments '\''<!-- @comment@ -->'\'' --fhead "<schemalist>" --vhead "  <@type@ id='\''$(gsettings_ENUM_NAMESPACE).@EnumName@'\''>" --vprod "    <value nick='\''@valuenick@'\'' value='\''@valuenum@'\''/>" --vtail "  </@type@>" --ftail "</schemalist>" $^ > $@.tmp && mv $@.tmp $@
	@$(NORMAL_INSTALL)
	@$(NORMAL_UNINSTALL)
	@list='\''$(gsettings_SCHEMAS) $(gsettings__enum_file)'\''; test -n "$(gsettingsschemadir)" || list=; \
	cd "$(DESTDIR)$(gsettingsschemadir)" && rm -f $$files
	echo " ( cd '\''$(DESTDIR)$(gsettingsschemadir)'\'' && rm -f" $$files ")"; \
	fi
	files=`for p in $$list; do echo $$p; done | sed -e '\''s|^.*/||'\''`; \
	if test -n "$^"; then \
	rm -f $(gsettings_SCHEMAS:.xml=.valid) $(gsettings__enum_file)
	test -n "$$files" || exit 0; \
	test -n "$(GSETTINGS_DISABLE_SCHEMAS_COMPILE)$(DESTDIR)" || $(GLIB_COMPILE_SCHEMAS) $(gsettingsschemadir)
$(gsettings__enum_file): $(gsettings_ENUM_FILES)
%.gschema.valid: %.gschema.xml $(gsettings__enum_file)
.PHONY : uninstall-gsettings-schemas install-gsettings-schemas clean-gsettings-schemas
.SECONDARY: $(gsettings_SCHEMAS)
ACLOCAL='${SHELL} /Users/truong.nguyen/Code/spice/gtk+/build-aux/missing aclocal-1.15'
AMDEPBACKSLASH=''
AMDEP_FALSE=''
AMDEP_TRUE='#'
AMTAR='$${TAR-tar}'
AM_BACKSLASH='\'
AM_DEFAULT_V='$(AM_DEFAULT_VERBOSITY)'
AM_DEFAULT_VERBOSITY='0'
AM_V='$(V)'
AR='ar'
AS='as'
ATK_CFLAGS='-I/opt/homebrew/Cellar/at-spi2-core/2.58.1/include/atk-1.0 -I/opt/homebrew/Cellar/glib/2.86.1/include -I/opt/homebrew/Cellar/glib/2.86.1/include/glib-2.0 -I/opt/homebrew/Cellar/glib/2.86.1/lib/glib-2.0/include -I/opt/homebrew/opt/gettext/include -I/opt/homebrew/Cellar/pcre2/10.47/include -I/Library/Developer/CommandLineTools/SDKs/MacOSX26.sdk/usr/include/ffi'
ATK_LIBS='-L/opt/homebrew/Cellar/at-spi2-core/2.58.1/lib -latk-1.0 -L/opt/homebrew/Cellar/glib/2.86.1/lib -lgobject-2.0 -lglib-2.0 -L/opt/homebrew/opt/gettext/lib -lintl'
ATK_PREFIX='/opt/homebrew/Cellar/at-spi2-core/2.58.1'
ATK_REQUIRED_VERSION='2.15.1'
AUTOCONF='${SHELL} /Users/truong.nguyen/Code/spice/gtk+/build-aux/missing autoconf'
AUTOHEADER='${SHELL} /Users/truong.nguyen/Code/spice/gtk+/build-aux/missing autoheader'
AUTOMAKE='${SHELL} /Users/truong.nguyen/Code/spice/gtk+/build-aux/missing automake-1.15'
AWK='awk'
BASE_DEPENDENCIES_CFLAGS='-I/opt/homebrew/Cellar/at-spi2-core/2.58.1/include/atk-1.0 -I/opt/homebrew/Cellar/pango/1.57.0_1/include/pango-1.0 -I/opt/homebrew/Cellar/harfbuzz/12.1.0/include/harfbuzz -I/opt/homebrew/Cellar/graphite2/1.3.14/include -I/opt/homebrew/Cellar/fribidi/1.0.16/include/fribidi -I/opt/homebrew/Cellar/cairo/1.18.4/include/cairo -I/opt/homebrew/Cellar/fontconfig/2.17.1/include -I/opt/homebrew/opt/freetype/include/freetype2 -I/opt/homebrew/Cellar/libxext/1.3.6/include -I/opt/homebrew/Cellar/xorgproto/2024.1/include -I/opt/homebrew/Cellar/libxrender/0.9.12/include -I/opt/homebrew/Cellar/libx11/1.8.12/include -I/opt/homebrew/Cellar/libxcb/1.17.0/include -I/opt/homebrew/Cellar/libxau/1.0.12/include -I/opt/homebrew/Cellar/libxdmcp/1.1.5/include -I/opt/homebrew/Cellar/pixman/0.46.4/include/pixman-1 -I/opt/homebrew/include/gdk-pixbuf-2.0 -I/opt/homebrew/opt/libpng/include/libpng16 -I/opt/homebrew/opt/libtiff/include -I/opt/homebrew/opt/zstd/include -I/opt/homebrew/Cellar/xz/5.8.1/include -I/opt/homebrew/opt/jpeg-turbo/include -I/opt/homebrew/Cellar/glib/2.86.1/include -I/Library/Developer/CommandLineTools/SDKs/MacOSX26.sdk/usr/include/ffi -I/opt/homebrew/Cellar/glib/2.86.1/include/glib-2.0 -I/opt/homebrew/Cellar/glib/2.86.1/lib/glib-2.0/include -I/opt/homebrew/opt/gettext/include -I/opt/homebrew/Cellar/pcre2/10.47/include'
BASE_DEPENDENCIES_LIBS='-L/opt/homebrew/Cellar/at-spi2-core/2.58.1/lib -latk-1.0 -L/opt/homebrew/Cellar/pango/1.57.0_1/lib -lpango-1.0 -L/opt/homebrew/Cellar/harfbuzz/12.1.0/lib -lharfbuzz -L/opt/homebrew/Cellar/cairo/1.18.4/lib -lcairo-gobject -lcairo -L/opt/homebrew/lib -lgdk_pixbuf-2.0 -L/opt/homebrew/Cellar/glib/2.86.1/lib -lgobject-2.0 -lglib-2.0 -L/opt/homebrew/opt/gettext/lib -lintl'
BUILDOPT_INSTALL_TESTS_FALSE=''
BUILDOPT_INSTALL_TESTS_TRUE='#'
BUILD_DYNAMIC_MODULES_FALSE='#'
BUILD_DYNAMIC_MODULES_TRUE=''
BUILD_EXEEXT=''
BUILD_FONT_DEMO_FALSE='#'
BUILD_FONT_DEMO_TRUE=''
BUILD_OBJEXT=''
CAIRO_BACKEND_CFLAGS='-I/opt/homebrew/Cellar/cairo/1.18.4/include -I/opt/homebrew/Cellar/cairo/1.18.4/include/cairo -I/opt/homebrew/Cellar/fontconfig/2.17.1/include -I/opt/homebrew/opt/freetype/include/freetype2 -I/opt/homebrew/opt/libpng/include/libpng16 -I/opt/homebrew/Cellar/libxext/1.3.6/include -I/opt/homebrew/Cellar/xorgproto/2024.1/include -I/opt/homebrew/Cellar/libxrender/0.9.12/include -I/opt/homebrew/Cellar/libx11/1.8.12/include -I/opt/homebrew/Cellar/libxcb/1.17.0/include -I/opt/homebrew/Cellar/libxau/1.0.12/include -I/opt/homebrew/Cellar/libxdmcp/1.1.5/include -I/opt/homebrew/Cellar/pixman/0.46.4/include/pixman-1'
CAIRO_BACKEND_LIBS='-framework CoreFoundation -framework ApplicationServices -L/opt/homebrew/Cellar/cairo/1.18.4/lib -lcairo'
CAIRO_CFLAGS=''
CAIRO_LIBS=''
CAIRO_PREFIX='/opt/homebrew/Cellar/cairo/1.18.4'
CAIRO_REQUIRED_VERSION='1.14.0'
CC='gcc'
CCAS='gcc'
CCASDEPMODE='depmode=none'
CCASFLAGS='-g -O2'
CCDEPMODE='depmode=none'
CC_FOR_BUILD='gcc'
CFLAGS='-g -O2 -g -Wall'
CFLAGS_FOR_BUILD='-g -O2'
COLORD_CFLAGS=''
COLORD_LIBS=''
CPP='gcc -E'
CPPFLAGS=''
CPPFLAGS_FOR_BUILD=''
CPP_FOR_BUILD='gcc -E'
CROSS_COMPILING_FALSE=''
CROSS_COMPILING_TRUE='#'
CUPS_API_MAJOR='2'
CUPS_API_MINOR='3'
CUPS_CFLAGS=''
CUPS_CONFIG='/usr/bin/cups-config'
CUPS_LIBS='-lcups'
CXX='c++'
CXXCPP='c++ -E'
CXXDEPMODE='depmode=none'
CXXFLAGS='-g -O2'
CYGPATH_W='echo'
DEFS='-DHAVE_CONFIG_H'
DEPDIR='.deps'
DISABLE_EXPLICIT_DEPS_FALSE='#'
DISABLE_EXPLICIT_DEPS_TRUE=''
DISABLE_ON_QUARTZ='%'
DISABLE_ON_W32=''
DLLTOOL='false'
DSYMUTIL='dsymutil'
DUMPBIN=''
ECHO_C='\c'
ECHO_N=''
ECHO_T=''
EGREP='/usr/bin/grep -E'
ENABLE_DOC_CROSS_REFERENCES_FALSE='#'
ENABLE_DOC_CROSS_REFERENCES_TRUE=''
ENABLE_GTK_DOC_FALSE=''
ENABLE_GTK_DOC_TRUE='#'
ENABLE_MAN_FALSE=''
ENABLE_MAN_TRUE='#'
ENABLE_ON_X11='%'
EXEEXT=''
EXE_MANIFEST_ARCHITECTURE='X86'
FGREP='/usr/bin/grep -F'
FONTDEMO_CFLAGS='-I/opt/homebrew/Cellar/pango/1.57.0_1/include/pango-1.0 -I/opt/homebrew/Cellar/glib/2.86.1/include -I/opt/homebrew/Cellar/fribidi/1.0.16/include/fribidi -I/opt/homebrew/Cellar/cairo/1.18.4/include/cairo -I/opt/homebrew/Cellar/fontconfig/2.17.1/include -I/opt/homebrew/Cellar/libxext/1.3.6/include -I/opt/homebrew/Cellar/xorgproto/2024.1/include -I/opt/homebrew/Cellar/libxrender/0.9.12/include -I/opt/homebrew/Cellar/libx11/1.8.12/include -I/opt/homebrew/Cellar/libxcb/1.17.0/include -I/opt/homebrew/Cellar/libxau/1.0.12/include -I/opt/homebrew/Cellar/libxdmcp/1.1.5/include -I/opt/homebrew/Cellar/pixman/0.46.4/include/pixman-1 -I/opt/homebrew/Cellar/harfbuzz/12.1.0/include/harfbuzz -I/opt/homebrew/opt/freetype/include/freetype2 -I/opt/homebrew/opt/libpng/include/libpng16 -I/opt/homebrew/Cellar/graphite2/1.3.14/include -I/opt/homebrew/Cellar/glib/2.86.1/include/glib-2.0 -I/opt/homebrew/Cellar/glib/2.86.1/lib/glib-2.0/include -I/opt/homebrew/opt/gettext/include -I/opt/homebrew/Cellar/pcre2/10.47/include -I/Library/Developer/CommandLineTools/SDKs/MacOSX26.sdk/usr/include/ffi'
FONTDEMO_LIBS='-L/opt/homebrew/Cellar/pango/1.57.0_1/lib -lpangoft2-1.0 -lpango-1.0 -L/opt/homebrew/Cellar/fontconfig/2.17.1/lib -lfontconfig -L/opt/homebrew/Cellar/harfbuzz/12.1.0/lib -lharfbuzz -L/opt/homebrew/opt/freetype/lib -lfreetype -L/opt/homebrew/Cellar/glib/2.86.1/lib -lgobject-2.0 -lglib-2.0 -L/opt/homebrew/opt/gettext/lib -lintl'
GAIL_INET_LIBS='-lm  '
GAIL_LT_CURRENT_MINUS_AGE='0'
GAIL_LT_VERSION_INFO='0:0:0'
GDK_BACKENDS='quartz broadway'
GDK_DEP_CFLAGS='-I/opt/homebrew/Cellar/pango/1.57.0_1/include/pango-1.0 -I/opt/homebrew/Cellar/fribidi/1.0.16/include/fribidi -I/opt/homebrew/Cellar/harfbuzz/12.1.0/include/harfbuzz -I/opt/homebrew/Cellar/graphite2/1.3.14/include -I/opt/homebrew/include/gdk-pixbuf-2.0 -I/opt/homebrew/opt/libtiff/include -I/opt/homebrew/opt/zstd/include -I/opt/homebrew/Cellar/xz/5.8.1/include -I/opt/homebrew/opt/jpeg-turbo/include -I/opt/homebrew/Cellar/cairo/1.18.4/include/cairo -I/opt/homebrew/Cellar/glib/2.86.1/include/gio-unix-2.0 -I/opt/homebrew/Cellar/glib/2.86.1/include -I/Library/Developer/CommandLineTools/SDKs/MacOSX26.sdk/usr/include/ffi -I/opt/homebrew/Cellar/glib/2.86.1/include/glib-2.0 -I/opt/homebrew/Cellar/glib/2.86.1/lib/glib-2.0/include -I/opt/homebrew/opt/gettext/include -I/opt/homebrew/Cellar/pcre2/10.47/include -I/opt/homebrew/Cellar/cairo/1.18.4/include -I/opt/homebrew/Cellar/fontconfig/2.17.1/include -I/opt/homebrew/opt/freetype/include/freetype2 -I/opt/homebrew/opt/libpng/include/libpng16 -I/opt/homebrew/Cellar/libxext/1.3.6/include -I/opt/homebrew/Cellar/xorgproto/2024.1/include -I/opt/homebrew/Cellar/libxrender/0.9.12/include -I/opt/homebrew/Cellar/libx11/1.8.12/include -I/opt/homebrew/Cellar/libxcb/1.17.0/include -I/opt/homebrew/Cellar/libxau/1.0.12/include -I/opt/homebrew/Cellar/libxdmcp/1.1.5/include -I/opt/homebrew/Cellar/pixman/0.46.4/include/pixman-1 -I/opt/homebrew/Cellar/libepoxy/1.5.10/include '
GDK_DEP_LIBS=' -framework Cocoa -lz -L/opt/homebrew/Cellar/pango/1.57.0_1/lib -lpangocairo-1.0 -lpango-1.0 -L/opt/homebrew/Cellar/harfbuzz/12.1.0/lib -lharfbuzz -L/opt/homebrew/lib -lgdk_pixbuf-2.0 -L/opt/homebrew/Cellar/cairo/1.18.4/lib -lcairo-gobject -L/opt/homebrew/Cellar/glib/2.86.1/lib -lgio-2.0 -lgobject-2.0 -lglib-2.0 -L/opt/homebrew/opt/gettext/lib -lintl -framework CoreFoundation -framework ApplicationServices -lcairo -L/opt/homebrew/Cellar/libepoxy/1.5.10/lib -lepoxy -lm'
GDK_EXTRA_CFLAGS=''
GDK_EXTRA_LIBS=''
GDK_HIDDEN_VISIBILITY_CFLAGS='-fvisibility=hidden'
GDK_PACKAGES='pango pangocairo gdk-pixbuf-2.0 >= 2.30.0 cairo >= 1.14.0 cairo-gobject >= 1.14.0'
GDK_PIXBUF_LIBS='-L/opt/homebrew/lib -lgdk_pixbuf-2.0 -L/opt/homebrew/Cellar/glib/2.86.1/lib -lgobject-2.0 -lglib-2.0 -L/opt/homebrew/opt/gettext/lib -lintl'
GDK_PIXBUF_REQUIRED_VERSION='2.30.0'
GDK_PRIVATE_PACKAGES='gio-unix-2.0 >= 2.49.4     cairo-quartz cairo epoxy >= 1.0 '
GETTEXT_MACRO_VERSION='0.19'
GETTEXT_PACKAGE='gtk30'
GLIB_CFLAGS='-I/opt/homebrew/Cellar/glib/2.86.1/include -I/Library/Developer/CommandLineTools/SDKs/MacOSX26.sdk/usr/include/ffi -I/opt/homebrew/Cellar/glib/2.86.1/include/glib-2.0 -I/opt/homebrew/Cellar/glib/2.86.1/lib/glib-2.0/include -I/opt/homebrew/opt/gettext/include -I/opt/homebrew/Cellar/pcre2/10.47/include'
GLIB_CFLAGS_FOR_BUILD='-I/opt/homebrew/Cellar/glib/2.86.1/include -I/Library/Developer/CommandLineTools/SDKs/MacOSX26.sdk/usr/include/ffi -I/opt/homebrew/Cellar/glib/2.86.1/include/glib-2.0 -I/opt/homebrew/Cellar/glib/2.86.1/lib/glib-2.0/include -I/opt/homebrew/opt/gettext/include -I/opt/homebrew/Cellar/pcre2/10.47/include'
GLIB_COMPILE_RESOURCES='/opt/homebrew/Cellar/glib/2.86.1/bin/glib-compile-resources'
GLIB_COMPILE_SCHEMAS='/opt/homebrew/Cellar/glib/2.86.1/bin/glib-compile-schemas'
GLIB_GENMARSHAL='/opt/homebrew/Cellar/glib/2.86.1/bin/glib-genmarshal'
GLIB_LIBS='-L/opt/homebrew/Cellar/glib/2.86.1/lib -lgobject-2.0 -lgmodule-2.0 -lglib-2.0 -L/opt/homebrew/opt/gettext/lib -lintl'
GLIB_LIBS_FOR_BUILD='-L/opt/homebrew/Cellar/glib/2.86.1/lib -lgobject-2.0 -lgmodule-2.0 -lglib-2.0 -L/opt/homebrew/opt/gettext/lib -lintl'
GLIB_MKENUMS='/opt/homebrew/Cellar/glib/2.86.1/bin/glib-mkenums'
GLIB_PREFIX='/opt/homebrew/Cellar/glib/2.86.1'
GLIB_REQUIRED_VERSION='2.49.4'
GMODULE_CFLAGS='-I/opt/homebrew/Cellar/glib/2.86.1/include -I/opt/homebrew/Cellar/glib/2.86.1/include/glib-2.0 -I/opt/homebrew/Cellar/glib/2.86.1/lib/glib-2.0/include -I/opt/homebrew/opt/gettext/include -I/opt/homebrew/Cellar/pcre2/10.47/include'
GMODULE_LIBS='-L/opt/homebrew/Cellar/glib/2.86.1/lib -lgmodule-2.0 -lglib-2.0 -L/opt/homebrew/opt/gettext/lib -lintl'
GMSGFMT='/opt/homebrew/bin/msgfmt'
GMSGFMT_015='/opt/homebrew/bin/msgfmt'
GOBJECT_QUERY='/opt/homebrew/Cellar/glib/2.86.1/bin/gobject-query'
GREP='/usr/bin/grep'
GSETTINGS_DISABLE_SCHEMAS_COMPILE=''
GSETTINGS_RULES='
GTKDOC_CHECK=''
GTKDOC_CHECK_PATH=''
GTKDOC_DEPS_CFLAGS='-I/opt/homebrew/Cellar/glib/2.86.1/include -I/opt/homebrew/Cellar/glib/2.86.1/include/glib-2.0 -I/opt/homebrew/Cellar/glib/2.86.1/lib/glib-2.0/include -I/opt/homebrew/opt/gettext/include -I/opt/homebrew/Cellar/pcre2/10.47/include -I/Library/Developer/CommandLineTools/SDKs/MacOSX26.sdk/usr/include/ffi'
GTKDOC_DEPS_LIBS='-L/opt/homebrew/Cellar/glib/2.86.1/lib -lgobject-2.0 -lglib-2.0 -L/opt/homebrew/opt/gettext/lib -lintl'
GTKDOC_MKPDF=''
GTKDOC_REBASE='true'
GTK_API_VERSION='3.0'
GTK_BINARY_AGE='2230'
GTK_BINARY_VERSION='3.0.0'
GTK_DEBUG_FLAGS='-DG_ENABLE_DEBUG -DG_ENABLE_CONSISTENCY_CHECKS -DGLIB_MIN_REQUIRED_VERSION=GLIB_VERSION_2_48 -DGLIB_MAX_ALLOWED_VERSION=GLIB_VERSION_2_50'
GTK_DEP_CFLAGS='-I/opt/homebrew/Cellar/pango/1.57.0_1/include/pango-1.0 -I/opt/homebrew/Cellar/fribidi/1.0.16/include/fribidi -I/opt/homebrew/Cellar/harfbuzz/12.1.0/include/harfbuzz -I/opt/homebrew/Cellar/graphite2/1.3.14/include -I/opt/homebrew/Cellar/cairo/1.18.4/include/cairo -I/opt/homebrew/Cellar/fontconfig/2.17.1/include -I/opt/homebrew/opt/freetype/include/freetype2 -I/opt/homebrew/Cellar/libxext/1.3.6/include -I/opt/homebrew/Cellar/xorgproto/2024.1/include -I/opt/homebrew/Cellar/libxrender/0.9.12/include -I/opt/homebrew/Cellar/libx11/1.8.12/include -I/opt/homebrew/Cellar/libxcb/1.17.0/include -I/opt/homebrew/Cellar/libxau/1.0.12/include -I/opt/homebrew/Cellar/libxdmcp/1.1.5/include -I/opt/homebrew/Cellar/pixman/0.46.4/include/pixman-1 -I/opt/homebrew/include/gdk-pixbuf-2.0 -I/opt/homebrew/opt/libpng/include/libpng16 -I/opt/homebrew/opt/libtiff/include -I/opt/homebrew/opt/zstd/include -I/opt/homebrew/Cellar/xz/5.8.1/include -I/opt/homebrew/opt/jpeg-turbo/include -I/opt/homebrew/Cellar/at-spi2-core/2.58.1/include/atk-1.0 -I/opt/homebrew/Cellar/libepoxy/1.5.10/include -I/opt/homebrew/Cellar/glib/2.86.1/include/gio-unix-2.0 -I/opt/homebrew/Cellar/glib/2.86.1/include -I/Library/Developer/CommandLineTools/SDKs/MacOSX26.sdk/usr/include/ffi -I/opt/homebrew/Cellar/glib/2.86.1/include/glib-2.0 -I/opt/homebrew/Cellar/glib/2.86.1/lib/glib-2.0/include -I/opt/homebrew/opt/gettext/include -I/opt/homebrew/Cellar/pcre2/10.47/include  '
GTK_DEP_LIBS='  -L/opt/homebrew/Cellar/pango/1.57.0_1/lib -lpangocairo-1.0 -lpango-1.0 -L/opt/homebrew/Cellar/harfbuzz/12.1.0/lib -lharfbuzz -L/opt/homebrew/Cellar/cairo/1.18.4/lib -lcairo-gobject -lcairo -L/opt/homebrew/lib -lgdk_pixbuf-2.0 -L/opt/homebrew/Cellar/at-spi2-core/2.58.1/lib -latk-1.0 -L/opt/homebrew/Cellar/libepoxy/1.5.10/lib -lepoxy -L/opt/homebrew/Cellar/glib/2.86.1/lib -lgio-2.0 -lgobject-2.0 -lglib-2.0 -L/opt/homebrew/opt/gettext/lib -lintl  -lm'
GTK_DOC_BUILD_HTML_FALSE='#'
GTK_DOC_BUILD_HTML_TRUE=''
GTK_DOC_BUILD_PDF_FALSE=''
GTK_DOC_BUILD_PDF_TRUE='#'
GTK_DOC_USE_LIBTOOL_FALSE='#'
GTK_DOC_USE_LIBTOOL_TRUE=''
GTK_DOC_USE_REBASE_FALSE='#'
GTK_DOC_USE_REBASE_TRUE=''
GTK_EXTRA_CFLAGS=''
GTK_EXTRA_LIBS=''
GTK_INTERFACE_AGE='30'
GTK_LINK_FLAGS=''
GTK_MAJOR_VERSION='3'
GTK_MICRO_VERSION='30'
GTK_MINOR_VERSION='22'
GTK_PACKAGES='atk >= 2.15.1 cairo >= 1.14.0 cairo-gobject >= 1.14.0 gdk-pixbuf-2.0 >= 2.30.0 gio-2.0 >= 2.49.4'
GTK_PRINT_BACKENDS='file,cups'
GTK_PRIVATE_PACKAGES='atk   epoxy >= 1.0 gio-unix-2.0 >= 2.49.4'
GTK_VERSION='3.22.30'
GTK_XIM_FLAGS=''
HAVE_CLOUDPRINT_FALSE=''
HAVE_CLOUDPRINT_TRUE='#'
HAVE_COLORD_FALSE=''
HAVE_COLORD_TRUE='#'
HAVE_CUPS_FALSE='#'
HAVE_CUPS_TRUE=''
HAVE_CXX_FALSE='#'
HAVE_CXX_TRUE=''
HAVE_GTK_DOC_FALSE=''
HAVE_GTK_DOC_TRUE='#'
HAVE_HTTP_AUTHSTRING=''
HAVE_INCLUDED_IMMMODULES_FALSE='#'
HAVE_INCLUDED_IMMMODULES_TRUE=''
HAVE_INTROSPECTION_FALSE='#'
HAVE_INTROSPECTION_TRUE=''
HAVE_OBJC_FALSE='#'
HAVE_OBJC_TRUE=''
HAVE_PAPI_FALSE=''
HAVE_PAPI_TRUE='#'
HTML_DIR='${datadir}/gtk-doc/html'
INCLUDED_IMMODULE_DEFINE=' -DINCLUDE_IM_am_et -DINCLUDE_IM_cedilla -DINCLUDE_IM_cyrillic_translit -DINCLUDE_IM_inuktitut -DINCLUDE_IM_ipa -DINCLUDE_IM_multipress -DINCLUDE_IM_thai -DINCLUDE_IM_ti_er -DINCLUDE_IM_ti_et -DINCLUDE_IM_viqr -DINCLUDE_IM_quartz -DINCLUDE_IM_broadway'
INCLUDED_IMMODULE_OBJ=' ../modules/input/libstatic-im-am-et.la ../modules/input/libstatic-im-cedilla.la ../modules/input/libstatic-im-cyrillic-translit.la ../modules/input/libstatic-im-inuktitut.la ../modules/input/libstatic-im-ipa.la ../modules/input/libstatic-im-multipress.la ../modules/input/libstatic-im-thai.la ../modules/input/libstatic-im-ti-er.la ../modules/input/libstatic-im-ti-et.la ../modules/input/libstatic-im-viqr.la ../modules/input/libstatic-im-quartz.la ../modules/input/libstatic-im-broadway.la'
INCLUDE_IM_AM_ET_FALSE='#'
INCLUDE_IM_AM_ET_TRUE=''
INCLUDE_IM_BROADWAY_FALSE='#'
INCLUDE_IM_BROADWAY_TRUE=''
INCLUDE_IM_CEDILLA_FALSE='#'
INCLUDE_IM_CEDILLA_TRUE=''
INCLUDE_IM_CYRILLIC_TRANSLIT_FALSE='#'
INCLUDE_IM_CYRILLIC_TRANSLIT_TRUE=''
INCLUDE_IM_IME_FALSE=''
INCLUDE_IM_IME_TRUE='#'
INCLUDE_IM_INUKTITUT_FALSE='#'
INCLUDE_IM_INUKTITUT_TRUE=''
INCLUDE_IM_IPA_FALSE='#'
INCLUDE_IM_IPA_TRUE=''
INCLUDE_IM_MULTIPRESS_FALSE='#'
INCLUDE_IM_MULTIPRESS_TRUE=''
INCLUDE_IM_QUARTZ_FALSE='#'
INCLUDE_IM_QUARTZ_TRUE=''
INCLUDE_IM_THAI_FALSE='#'
INCLUDE_IM_THAI_TRUE=''
INCLUDE_IM_TI_ER_FALSE='#'
INCLUDE_IM_TI_ER_TRUE=''
INCLUDE_IM_TI_ET_FALSE='#'
INCLUDE_IM_TI_ET_TRUE=''
INCLUDE_IM_VIQR_FALSE='#'
INCLUDE_IM_VIQR_TRUE=''
INCLUDE_IM_WAYLAND_FALSE=''
INCLUDE_IM_WAYLAND_TRUE='#'
INCLUDE_IM_XIM_FALSE=''
INCLUDE_IM_XIM_TRUE='#'
INSTALL_DATA='${INSTALL} -m 644'
INSTALL_PROGRAM='${INSTALL}'
INSTALL_SCRIPT='${INSTALL}'
INSTALL_STRIP_PROGRAM='$(install_sh) -c -s'
INTLLIBS=''
INTL_MACOSX_LIBS='-Wl,-framework -Wl,CoreFoundation'
INTROSPECTION_CFLAGS='-I/opt/homebrew/Cellar/gobject-introspection/1.86.0/include/gobject-introspection-1.0 -I/opt/homebrew/Cellar/glib/2.86.1/include -I/opt/homebrew/Cellar/glib/2.86.1/include/glib-2.0 -I/opt/homebrew/Cellar/glib/2.86.1/lib/glib-2.0/include -I/opt/homebrew/opt/gettext/include -I/opt/homebrew/Cellar/pcre2/10.47/include -I/Library/Developer/CommandLineTools/SDKs/MacOSX26.sdk/usr/include/ffi'
INTROSPECTION_COMPILER='/opt/homebrew/Cellar/gobject-introspection/1.86.0/bin/g-ir-compiler'
INTROSPECTION_GENERATE='/opt/homebrew/Cellar/gobject-introspection/1.86.0/bin/g-ir-generate'
INTROSPECTION_GIRDIR='/opt/homebrew/Cellar/gobject-introspection/1.86.0/share/gir-1.0'
INTROSPECTION_LIBS='-L/opt/homebrew/Cellar/gobject-introspection/1.86.0/lib -lgirepository-1.0 -L/opt/homebrew/Cellar/glib/2.86.1/lib -lgobject-2.0 -lglib-2.0 -L/opt/homebrew/opt/gettext/lib -lintl'
INTROSPECTION_MAKEFILE='/opt/homebrew/Cellar/gobject-introspection/1.86.0/share/gobject-introspection-1.0/Makefile.introspection'
INTROSPECTION_REQUIRED_VERSION='1.39.0'
INTROSPECTION_SCANNER='/opt/homebrew/Cellar/gobject-introspection/1.86.0/bin/g-ir-scanner'
INTROSPECTION_TYPELIBDIR='/opt/homebrew/Cellar/gobject-introspection/1.86.0/lib/girepository-1.0'
JSON_GLIB_CFLAGS=''
JSON_GLIB_LIBS=''
LD='/Applications/Xcode.app/Contents/Developer/Toolchains/XcodeDefault.xctoolchain/usr/bin/ld'
LDFLAGS=''
LDFLAGS_FOR_BUILD=''
LIBICONV='-liconv'
LIBINTL=''
LIBOBJS=''
LIBS='-lm  '
LIBTOOL='$(SHELL) $(top_builddir)/libtool'
LIB_EXE_MACHINE_FLAG='X86'
LIPO='lipo'
LN_S='ln -s'
LTLIBICONV='-liconv'
LTLIBINTL=''
LTLIBOBJS=''
LT_CURRENT_MINUS_AGE='0'
LT_SYS_LIBRARY_PATH=''
LT_VERSION_INFO='2200:30:2200'
MAINT=''
MAINTAINER_MODE_FALSE='#'
MAINTAINER_MODE_TRUE=''
MAKEINFO='${SHELL} /Users/truong.nguyen/Code/spice/gtk+/build-aux/missing makeinfo'
MANIFEST_TOOL=':'
MATH_LIB='-lm'
MKDIR_P='build-aux/install-sh -c -d'
MSGFMT='/opt/homebrew/bin/msgfmt'
MSGFMT_015='/opt/homebrew/bin/msgfmt'
MSGMERGE='/opt/homebrew/bin/msgmerge'
MSVC_BASE_NO_TOOLSET_SET_FALSE='#'
MSVC_BASE_NO_TOOLSET_SET_TRUE=''
MSVC_NO_TOOLSET_SET_FALSE='#'
MSVC_NO_TOOLSET_SET_TRUE=''
MS_LIB_AVAILABLE_FALSE=''
MS_LIB_AVAILABLE_TRUE='#'
NM='/usr/bin/nm -B'
NMEDIT='nmedit'
OBJDUMP='objdump'
OBJEXT='o'
OS_DARWIN_FALSE='#'
OS_DARWIN_TRUE=''
OS_LINUX_FALSE=''
OS_LINUX_TRUE='#'
OS_UNIX_FALSE='#'
OS_UNIX_TRUE=''
OS_WIN32_FALSE=''
OS_WIN32_TRUE='#'
OTOOL64=':'
OTOOL='otool'
PACKAGE='gtk+'
PACKAGE_BUGREPORT='http://bugzilla.gnome.org/enter_bug.cgi?product=gtk%2B'
PACKAGE_NAME='gtk+'
PACKAGE_STRING='gtk+ 3.22.30'
PACKAGE_TARNAME='gtk+'
PACKAGE_URL=''
PACKAGE_VERSION='3.22.30'
PANGO_PREFIX='/opt/homebrew/Cellar/pango/1.57.0_1'
PANGO_REQUIRED_VERSION='1.37.3'
PATH_SEPARATOR=':'
PERL='/usr/bin/perl'
PKG_CONFIG='/opt/homebrew/bin/pkg-config'
PKG_CONFIG_FOR_BUILD='/opt/homebrew/bin/pkg-config'
PKG_CONFIG_LIBDIR=''
PKG_CONFIG_PATH='/Users/truong.nguyen/Code/spice/gtk+/build/lib/pkgconfig'
PLATFORM_WIN32_FALSE=''
PLATFORM_WIN32_TRUE='#'
POSUB=''
RANLIB='ranlib'
REBUILD_SCSS_FALSE=''
REBUILD_SCSS_TRUE='#'
REST_CFLAGS=''
REST_LIBS=''
SASSC=''
SED='/usr/bin/sed'
SET_MAKE=''
SHELL='/bin/sh'
SHM_LIBS=''
STRIP='strip'
TEST_PRINT_BACKEND_FALSE=''
TEST_PRINT_BACKEND_TRUE='#'
USE_BROADWAY_FALSE='#'
USE_BROADWAY_TRUE=''
USE_MIR_FALSE=''
USE_MIR_TRUE='#'
USE_NLS='no'
USE_QUARTZ_FALSE='#'
USE_QUARTZ_TRUE=''
USE_WAYLAND_FALSE=''
USE_WAYLAND_TRUE='#'
USE_WIN32_FALSE=''
USE_WIN32_TRUE='#'
USE_X11_FALSE=''
USE_X11_TRUE='#'
VERSION='3.22.30'
WAYLAND_PROTOCOLS_DATADIR=''
WAYLAND_SCANNER=''
WINDRES=''
X11_PREFIX='/opt/homebrew/Cellar/libx11/1.8.12'
XGETTEXT='/opt/homebrew/bin/xgettext'
XGETTEXT_015='/opt/homebrew/bin/xgettext'
XGETTEXT_EXTRA_OPTIONS=''
XMKMF=''
XMLCATALOG='/usr/bin/xmlcatalog'
XML_CATALOG_FILE='/etc/xml/catalog'
XSLTPROC='/usr/bin/xsltproc'
X_CFLAGS=''
X_EXTRA_LIBS=''
X_LIBS=''
X_PRE_LIBS=''
ac_ct_AR='ar'
ac_ct_CC='gcc'
ac_ct_CC_FOR_BUILD='gcc'
ac_ct_CXX='c++'
ac_ct_DUMPBIN=''
all-am: $(gsettings_SCHEMAS:.xml=.valid)
am__EXEEXT_FALSE=''
am__EXEEXT_TRUE='#'
am__fastdepCCAS_FALSE=''
am__fastdepCCAS_TRUE='#'
am__fastdepCC_FALSE=''
am__fastdepCC_TRUE='#'
am__fastdepCXX_FALSE=''
am__fastdepCXX_TRUE='#'
am__include='include'
am__isrc=''
am__leading_dot='.'
am__nodep=''
am__quote=''
am__tar='tar --format=ustar -chf - "$$tardir"'
am__untar='tar -xf -'
bindir='${exec_prefix}/bin'
build='arm-apple-darwin25.0.0'
build_alias=''
build_cpu='arm'
build_os='darwin25.0.0'
build_vendor='apple'
clean-gsettings-schemas:
datadir='${datarootdir}'
datarootdir='${prefix}/share'
docdir='${datarootdir}/doc/${PACKAGE_TARNAME}'
dvidir='${docdir}'
endif'
exec_prefix='${prefix}'
gsettings__enum_file = $(addsuffix .enums.xml,$(gsettings_ENUM_NAMESPACE))
gsettingsschemadir='${datarootdir}/glib-2.0/schemas'
host='arm-apple-darwin25.0.0'
host_alias=''
host_cpu='arm'
host_os='darwin25.0.0'
host_vendor='apple'
htmldir='${docdir}'
ifdef gsettings_ENUM_NAMESPACE
includedir='${prefix}/include'
infodir='${datarootdir}/info'
install-data-am: install-gsettings-schemas
install-gsettings-schemas: $(gsettings_SCHEMAS) $(gsettings__enum_file)
install_sh='${SHELL} /Users/truong.nguyen/Code/spice/gtk+/build-aux/install-sh'
libdir='${exec_prefix}/lib'
libexecdir='${exec_prefix}/libexec'
localedir='${datarootdir}/locale'
localstatedir='${prefix}/var'
mandir='${datarootdir}/man'
mkdir_p='$(MKDIR_P)'
mostlyclean-am: clean-gsettings-schemas
ms_librarian=''
oldincludedir='/usr/include'
pdfdir='${docdir}'
prefix='/Users/truong.nguyen/Code/spice/gtk+/build'
program_transform_name='s,x,x,'
psdir='${docdir}'
sbindir='${exec_prefix}/sbin'
sharedstatedir='${prefix}/com'
sysconfdir='${prefix}/etc'
target_alias=''
uninstall-am: uninstall-gsettings-schemas
uninstall-gsettings-schemas:

## ----------- ##
## confdefs.h. ##
## ----------- ##

/* confdefs.h */
#define PACKAGE_NAME "gtk+"
#define PACKAGE_TARNAME "gtk+"
#define PACKAGE_VERSION "3.22.30"
#define PACKAGE_STRING "gtk+ 3.22.30"
#define PACKAGE_BUGREPORT "http://bugzilla.gnome.org/enter_bug.cgi?product=gtk%2B"
#define PACKAGE_URL ""
#define STDC_HEADERS 1
#define HAVE_SYS_TYPES_H 1
#define HAVE_SYS_STAT_H 1
#define HAVE_STDLIB_H 1
#define HAVE_STRING_H 1
#define HAVE_MEMORY_H 1
#define HAVE_STRINGS_H 1
#define HAVE_INTTYPES_H 1
#define HAVE_STDINT_H 1
#define HAVE_UNISTD_H 1
#define __EXTENSIONS__ 1
#define _ALL_SOURCE 1
#define _GNU_SOURCE 1
#define _POSIX_PTHREAD_SEMANTICS 1
#define _TANDEM_SOURCE 1
#define HAVE_CFPREFERENCESCOPYAPPVALUE 1
#define HAVE_CFLOCALECOPYCURRENT 1
#define HAVE_ICONV 1
#define GETTEXT_PACKAGE "gtk30"
#define HAVE_DLFCN_H 1
#define LT_OBJDIR ".libs/"
#define HAVE_FLOCKFILE 1
#define HAVE_LSTAT 1
#define HAVE_MKSTEMP 1
#define HAVE_LOCALTIME_R 1
#define HAVE_BIND_TEXTDOMAIN_CODESET 1
#define HAVE_SYS_MMAN_H 1
#define HAVE_SYS_MMAN_H 1
#define HAVE_SYS_TIME_H 1
#define HAVE_SYS_TIME_H 1
#define HAVE_UNISTD_H 1
#define HAVE_UNISTD_H 1
#define HAVE_FTW_H 1
#define HAVE_FTW_H 1
#define GLIB_DISABLE_DEPRECATION_WARNINGS 1
#define HAVE_STDLIB_H 1
#define HAVE_UNISTD_H 1
#define HAVE_SYS_PARAM_H 1
#define HAVE_GETPAGESIZE 1
#define HAVE_MMAP 1
#define HAVE_LIBM 1
#define HAVE_ROUND 1
#define HAVE_RINT 1
#define HAVE_NEARBYINT 1
#define HAVE_EXP2 1
#define HAVE_LOG2 1
#define HAVE_DECL_ISNAN 1
#define HAVE_DECL_ISINF 1
#define HAVE_CRT_EXTERNS_H 1
#define HAVE__NSGETENVIRON 1
#define USE_GMODULE 1
#define HAVE_GIO_UNIX 1
#define HAVE_SOCKADDR_UN_SUN_LEN 1
#define HAVE_CUPS_API_1_6 1
#define HAVE_HTTPGETAUTHSTRING 1
#define _GDK_EXTERN __attribute__((visibility("default"))) extern

configure: exit 0

## ---------------------- ##
## Running config.status. ##
## ---------------------- ##

This file was extended by gtk+ config.status 3.22.30, which was
generated by GNU Autoconf 2.69.  Invocation command line was

  CONFIG_FILES    = 
  CONFIG_HEADERS  = 
  CONFIG_LINKS    = 
  CONFIG_COMMANDS = 
  $ ./config.status gdk/gdkconfig.h

on 192.168.0.179

config.status:1882: executing gdk/gdkconfig.h commands
config.status:2843: gdk/gdkconfig.h is unchanged
